[0.011s] Invoking command in '/home/yanlin/dev_ws/build/turtlesim': CMAKE_PREFIX_PATH=/opt/ros/foxy /usr/bin/cmake /home/yanlin/dev_ws/src/ros_tutorials/turtlesim -DCMAKE_INSTALL_PREFIX=/home/yanlin/dev_ws/install/turtlesim
[2.078s] -- The C compiler identification is GNU 9.3.0
[3.267s] -- The CXX compiler identification is GNU 9.3.0
[3.313s] -- Check for working C compiler: /usr/bin/cc
[3.480s] -- Check for working C compiler: /usr/bin/cc -- works
[3.483s] -- Detecting C compiler ABI info
[3.563s] -- Detecting C compiler ABI info - done
[3.576s] -- Detecting C compile features
[3.597s] -- Detecting C compile features - done
[3.600s] -- Check for working CXX compiler: /usr/bin/c++
[3.671s] -- Check for working CXX compiler: /usr/bin/c++ -- works
[3.672s] -- Detecting CXX compiler ABI info
[3.739s] -- Detecting CXX compiler ABI info - done
[3.749s] -- Detecting CXX compile features
[3.750s] -- Detecting CXX compile features - done
[3.752s] -- Found ament_cmake: 0.9.8 (/opt/ros/foxy/share/ament_cmake/cmake)
[3.791s] -- Found PythonInterp: /usr/bin/python3 (found suitable version "3.8.5", minimum required is "3") 
[3.792s] -- Using PYTHON_EXECUTABLE: /usr/bin/python3
[4.122s] -- Found ament_index_cpp: 1.0.2 (/opt/ros/foxy/share/ament_index_cpp/cmake)
[4.137s] -- Found geometry_msgs: 2.0.3 (/opt/ros/foxy/share/geometry_msgs/cmake)
[4.219s] -- Using all available rosidl_typesupport_c: rosidl_typesupport_fastrtps_c;rosidl_typesupport_introspection_c
[4.227s] -- Found rosidl_adapter: 1.2.0 (/opt/ros/foxy/share/rosidl_adapter/cmake)
[4.540s] -- Found OpenSSL: /usr/lib/x86_64-linux-gnu/libcrypto.so (found version "1.1.1f")  
[4.572s] -- Found FastRTPS: /opt/ros/foxy/include  
[4.631s] -- Using all available rosidl_typesupport_cpp: rosidl_typesupport_fastrtps_cpp;rosidl_typesupport_introspection_cpp
[4.841s] -- Found rclcpp: 2.3.0 (/opt/ros/foxy/share/rclcpp/cmake)
[4.903s] -- Found rmw_implementation_cmake: 1.0.2 (/opt/ros/foxy/share/rmw_implementation_cmake/cmake)
[4.904s] -- Using RMW implementation 'rmw_fastrtps_cpp' as default
[4.933s] -- Looking for pthread.h
[5.347s] -- Looking for pthread.h - found
[5.347s] -- Performing Test CMAKE_HAVE_LIBC_PTHREAD
[5.461s] -- Performing Test CMAKE_HAVE_LIBC_PTHREAD - Failed
[5.461s] -- Looking for pthread_create in pthreads
[5.535s] -- Looking for pthread_create in pthreads - not found
[5.535s] -- Looking for pthread_create in pthread
[5.629s] -- Looking for pthread_create in pthread - found
[5.630s] -- Found Threads: TRUE  
[5.799s] -- Found rclcpp_action: 2.3.0 (/opt/ros/foxy/share/rclcpp_action/cmake)
[5.865s] -- Found rosidl_default_generators: 1.0.0 (/opt/ros/foxy/share/rosidl_default_generators/cmake)
[5.874s] -- Found std_srvs: 2.0.3 (/opt/ros/foxy/share/std_srvs/cmake)
[5.900s] -- Found PythonInterp: /usr/bin/python3 (found version "3.8.5") 
[6.069s] -- Found ament_cmake_ros: 0.9.1 (/opt/ros/foxy/share/ament_cmake_ros/cmake)
[6.160s] -- Using all available rosidl_typesupport_c: rosidl_typesupport_fastrtps_c;rosidl_typesupport_introspection_c
[6.181s] -- Using all available rosidl_typesupport_cpp: rosidl_typesupport_fastrtps_cpp;rosidl_typesupport_introspection_cpp
[6.201s] -- Found PythonInterp: /usr/bin/python3 (found suitable version "3.8.5", minimum required is "3.5") 
[6.202s] -- Found python_cmake_module: 0.8.0 (/opt/ros/foxy/share/python_cmake_module/cmake)
[6.276s] -- Found PythonLibs: /usr/lib/x86_64-linux-gnu/libpython3.8.so (found suitable version "3.8.5", minimum required is "3.5") 
[6.277s] -- Using PYTHON_EXECUTABLE: /usr/bin/python3
[6.277s] -- Using PYTHON_INCLUDE_DIRS: /usr/include/python3.8
[6.277s] -- Using PYTHON_LIBRARIES: /usr/lib/x86_64-linux-gnu/libpython3.8.so
[6.324s] -- Found PythonExtra: .so  
[6.384s] -- Configuring done
[6.458s] -- Generating done
[6.461s] -- Build files have been written to: /home/yanlin/dev_ws/build/turtlesim
[6.469s] Invoked command in '/home/yanlin/dev_ws/build/turtlesim' returned '0': CMAKE_PREFIX_PATH=/opt/ros/foxy /usr/bin/cmake /home/yanlin/dev_ws/src/ros_tutorials/turtlesim -DCMAKE_INSTALL_PREFIX=/home/yanlin/dev_ws/install/turtlesim
[6.471s] Invoking command in '/home/yanlin/dev_ws/build/turtlesim': CMAKE_PREFIX_PATH=/opt/ros/foxy /usr/bin/cmake --build /home/yanlin/dev_ws/build/turtlesim -- -j8 -l8
[6.508s] [35m[1mScanning dependencies of target turtlesim__cpp[0m
[6.509s] [  1%] [34m[1mGenerating C code for ROS interfaces[0m
[6.518s] [  2%] [34m[1mGenerating C++ code for ROS interfaces[0m
[7.248s] [  2%] Built target turtlesim__cpp
[7.256s] [35m[1mScanning dependencies of target turtlesim__rosidl_generator_c[0m
[7.257s] [  4%] [34m[1mGenerating C++ type support dispatch for ROS interfaces[0m
[7.257s] [  5%] [34m[1mGenerating C++ introspection for ROS interfaces[0m
[7.258s] [  5%] [34m[1mGenerating C++ type support for eProsima Fast-RTPS[0m
[7.277s] [  7%] [32mBuilding C object CMakeFiles/turtlesim__rosidl_generator_c.dir/rosidl_generator_c/turtlesim/msg/detail/color__functions.c.o[0m
[7.277s] [  7%] [32mBuilding C object CMakeFiles/turtlesim__rosidl_generator_c.dir/rosidl_generator_c/turtlesim/action/detail/rotate_absolute__functions.c.o[0m
[7.280s] [  8%] [32mBuilding C object CMakeFiles/turtlesim__rosidl_generator_c.dir/rosidl_generator_c/turtlesim/srv/detail/set_pen__functions.c.o[0m
[7.280s] [  9%] [32mBuilding C object CMakeFiles/turtlesim__rosidl_generator_c.dir/rosidl_generator_c/turtlesim/srv/detail/kill__functions.c.o[0m
[7.281s] [ 10%] [32mBuilding C object CMakeFiles/turtlesim__rosidl_generator_c.dir/rosidl_generator_c/turtlesim/msg/detail/pose__functions.c.o[0m
[7.424s] [ 11%] [32mBuilding C object CMakeFiles/turtlesim__rosidl_generator_c.dir/rosidl_generator_c/turtlesim/srv/detail/teleport_absolute__functions.c.o[0m
[7.430s] [ 12%] [32mBuilding C object CMakeFiles/turtlesim__rosidl_generator_c.dir/rosidl_generator_c/turtlesim/srv/detail/spawn__functions.c.o[0m
[7.432s] [ 13%] [32mBuilding C object CMakeFiles/turtlesim__rosidl_generator_c.dir/rosidl_generator_c/turtlesim/srv/detail/teleport_relative__functions.c.o[0m
[7.500s] [ 14%] [32m[1mLinking C shared library libturtlesim__rosidl_generator_c.so[0m
[7.542s] [ 14%] Built target turtlesim__rosidl_generator_c
[7.553s] [ 15%] [34m[1mGenerating C introspection for ROS interfaces[0m
[7.556s] [ 16%] [34m[1mGenerating C type support dispatch for ROS interfaces[0m
[7.954s] [35m[1mScanning dependencies of target turtlesim__rosidl_typesupport_introspection_cpp[0m
[7.979s] [ 18%] [32mBuilding CXX object CMakeFiles/turtlesim__rosidl_typesupport_introspection_cpp.dir/rosidl_typesupport_introspection_cpp/turtlesim/action/detail/rotate_absolute__type_support.cpp.o[0m
[7.979s] [ 18%] [32mBuilding CXX object CMakeFiles/turtlesim__rosidl_typesupport_introspection_cpp.dir/rosidl_typesupport_introspection_cpp/turtlesim/srv/detail/kill__type_support.cpp.o[0m
[7.979s] [ 19%] [32mBuilding CXX object CMakeFiles/turtlesim__rosidl_typesupport_introspection_cpp.dir/rosidl_typesupport_introspection_cpp/turtlesim/msg/detail/color__type_support.cpp.o[0m
[7.980s] [ 20%] [32mBuilding CXX object CMakeFiles/turtlesim__rosidl_typesupport_introspection_cpp.dir/rosidl_typesupport_introspection_cpp/turtlesim/msg/detail/pose__type_support.cpp.o[0m
[8.084s] [35m[1mScanning dependencies of target turtlesim__rosidl_typesupport_cpp[0m
[8.106s] [ 21%] [32mBuilding CXX object CMakeFiles/turtlesim__rosidl_typesupport_cpp.dir/rosidl_typesupport_cpp/turtlesim/action/rotate_absolute__type_support.cpp.o[0m
[8.136s] [35m[1mScanning dependencies of target turtlesim__rosidl_typesupport_c[0m
[8.155s] [ 22%] [32mBuilding CXX object CMakeFiles/turtlesim__rosidl_typesupport_c.dir/rosidl_typesupport_c/turtlesim/action/rotate_absolute__type_support.cpp.o[0m
[8.233s] [35m[1mScanning dependencies of target turtlesim__rosidl_typesupport_fastrtps_cpp[0m
[8.261s] [ 23%] [32mBuilding CXX object CMakeFiles/turtlesim__rosidl_typesupport_fastrtps_cpp.dir/rosidl_typesupport_fastrtps_cpp/turtlesim/action/detail/dds_fastrtps/rotate_absolute__type_support.cpp.o[0m
[8.268s] [ 24%] [32mBuilding CXX object CMakeFiles/turtlesim__rosidl_typesupport_c.dir/rosidl_typesupport_c/turtlesim/msg/color__type_support.cpp.o[0m
[8.298s] [ 25%] [32mBuilding CXX object CMakeFiles/turtlesim__rosidl_typesupport_c.dir/rosidl_typesupport_c/turtlesim/msg/pose__type_support.cpp.o[0m
[8.326s] [ 26%] [32mBuilding CXX object CMakeFiles/turtlesim__rosidl_typesupport_c.dir/rosidl_typesupport_c/turtlesim/srv/kill__type_support.cpp.o[0m
[8.357s] [ 27%] [32mBuilding CXX object CMakeFiles/turtlesim__rosidl_typesupport_c.dir/rosidl_typesupport_c/turtlesim/srv/set_pen__type_support.cpp.o[0m
[8.384s] [ 28%] [32mBuilding CXX object CMakeFiles/turtlesim__rosidl_typesupport_c.dir/rosidl_typesupport_c/turtlesim/srv/spawn__type_support.cpp.o[0m
[8.416s] [ 29%] [32mBuilding CXX object CMakeFiles/turtlesim__rosidl_typesupport_c.dir/rosidl_typesupport_c/turtlesim/srv/teleport_absolute__type_support.cpp.o[0m
[8.455s] [ 30%] [32mBuilding CXX object CMakeFiles/turtlesim__rosidl_typesupport_c.dir/rosidl_typesupport_c/turtlesim/srv/teleport_relative__type_support.cpp.o[0m
[8.485s] [ 31%] [32m[1mLinking CXX shared library libturtlesim__rosidl_typesupport_c.so[0m
[8.516s] [35m[1mScanning dependencies of target turtlesim__rosidl_typesupport_introspection_c[0m
[8.529s] [ 31%] Built target turtlesim__rosidl_typesupport_c
[8.538s] [ 33%] [32mBuilding C object CMakeFiles/turtlesim__rosidl_typesupport_introspection_c.dir/rosidl_typesupport_introspection_c/turtlesim/action/detail/rotate_absolute__type_support.c.o[0m
[8.539s] [ 33%] [32mBuilding CXX object CMakeFiles/turtlesim__rosidl_typesupport_fastrtps_cpp.dir/rosidl_typesupport_fastrtps_cpp/turtlesim/msg/detail/dds_fastrtps/color__type_support.cpp.o[0m
[8.593s] [ 34%] [32mBuilding C object CMakeFiles/turtlesim__rosidl_typesupport_introspection_c.dir/rosidl_typesupport_introspection_c/turtlesim/msg/detail/color__type_support.c.o[0m
[8.627s] [ 35%] [32mBuilding C object CMakeFiles/turtlesim__rosidl_typesupport_introspection_c.dir/rosidl_typesupport_introspection_c/turtlesim/msg/detail/pose__type_support.c.o[0m
[8.654s] [ 36%] [32mBuilding C object CMakeFiles/turtlesim__rosidl_typesupport_introspection_c.dir/rosidl_typesupport_introspection_c/turtlesim/srv/detail/kill__type_support.c.o[0m
[8.691s] [ 37%] [32mBuilding C object CMakeFiles/turtlesim__rosidl_typesupport_introspection_c.dir/rosidl_typesupport_introspection_c/turtlesim/srv/detail/set_pen__type_support.c.o[0m
[8.736s] [ 38%] [32mBuilding C object CMakeFiles/turtlesim__rosidl_typesupport_introspection_c.dir/rosidl_typesupport_introspection_c/turtlesim/srv/detail/spawn__type_support.c.o[0m
[8.783s] [ 39%] [32mBuilding C object CMakeFiles/turtlesim__rosidl_typesupport_introspection_c.dir/rosidl_typesupport_introspection_c/turtlesim/srv/detail/teleport_absolute__type_support.c.o[0m
[8.839s] [ 40%] [32mBuilding C object CMakeFiles/turtlesim__rosidl_typesupport_introspection_c.dir/rosidl_typesupport_introspection_c/turtlesim/srv/detail/teleport_relative__type_support.c.o[0m
[8.896s] [ 41%] [32m[1mLinking C shared library libturtlesim__rosidl_typesupport_introspection_c.so[0m
[8.949s] [ 41%] Built target turtlesim__rosidl_typesupport_introspection_c
[8.963s] [ 42%] [32mBuilding CXX object CMakeFiles/turtlesim__rosidl_typesupport_fastrtps_cpp.dir/rosidl_typesupport_fastrtps_cpp/turtlesim/msg/detail/dds_fastrtps/pose__type_support.cpp.o[0m
[9.116s] [ 43%] [32mBuilding CXX object CMakeFiles/turtlesim__rosidl_typesupport_introspection_cpp.dir/rosidl_typesupport_introspection_cpp/turtlesim/srv/detail/set_pen__type_support.cpp.o[0m
[9.142s] [ 44%] [32mBuilding CXX object CMakeFiles/turtlesim__rosidl_typesupport_introspection_cpp.dir/rosidl_typesupport_introspection_cpp/turtlesim/srv/detail/spawn__type_support.cpp.o[0m
[9.153s] [ 45%] [32mBuilding CXX object CMakeFiles/turtlesim__rosidl_typesupport_introspection_cpp.dir/rosidl_typesupport_introspection_cpp/turtlesim/srv/detail/teleport_absolute__type_support.cpp.o[0m
[9.185s] [ 46%] [32mBuilding CXX object CMakeFiles/turtlesim__rosidl_typesupport_cpp.dir/rosidl_typesupport_cpp/turtlesim/msg/color__type_support.cpp.o[0m
[9.243s] [ 47%] [32mBuilding CXX object CMakeFiles/turtlesim__rosidl_typesupport_introspection_cpp.dir/rosidl_typesupport_introspection_cpp/turtlesim/srv/detail/teleport_relative__type_support.cpp.o[0m
[9.453s] [ 48%] [32mBuilding CXX object CMakeFiles/turtlesim__rosidl_typesupport_fastrtps_cpp.dir/rosidl_typesupport_fastrtps_cpp/turtlesim/srv/detail/dds_fastrtps/kill__type_support.cpp.o[0m
[9.573s] [ 49%] [32mBuilding CXX object CMakeFiles/turtlesim__rosidl_typesupport_fastrtps_cpp.dir/rosidl_typesupport_fastrtps_cpp/turtlesim/srv/detail/dds_fastrtps/set_pen__type_support.cpp.o[0m
[9.612s] [ 50%] [32mBuilding CXX object CMakeFiles/turtlesim__rosidl_typesupport_fastrtps_cpp.dir/rosidl_typesupport_fastrtps_cpp/turtlesim/srv/detail/dds_fastrtps/spawn__type_support.cpp.o[0m
[9.653s] [ 51%] [32mBuilding CXX object CMakeFiles/turtlesim__rosidl_typesupport_fastrtps_cpp.dir/rosidl_typesupport_fastrtps_cpp/turtlesim/srv/detail/dds_fastrtps/teleport_absolute__type_support.cpp.o[0m
[9.668s] [ 52%] [32mBuilding CXX object CMakeFiles/turtlesim__rosidl_typesupport_fastrtps_cpp.dir/rosidl_typesupport_fastrtps_cpp/turtlesim/srv/detail/dds_fastrtps/teleport_relative__type_support.cpp.o[0m
[9.675s] [ 53%] [32mBuilding CXX object CMakeFiles/turtlesim__rosidl_typesupport_cpp.dir/rosidl_typesupport_cpp/turtlesim/msg/pose__type_support.cpp.o[0m
[9.684s] [ 54%] [32mBuilding CXX object CMakeFiles/turtlesim__rosidl_typesupport_cpp.dir/rosidl_typesupport_cpp/turtlesim/srv/kill__type_support.cpp.o[0m
[9.792s] [ 55%] [32m[1mLinking CXX shared library libturtlesim__rosidl_typesupport_introspection_cpp.so[0m
[9.934s] [ 55%] Built target turtlesim__rosidl_typesupport_introspection_cpp
[9.951s] [ 56%] [32mBuilding CXX object CMakeFiles/turtlesim__rosidl_typesupport_cpp.dir/rosidl_typesupport_cpp/turtlesim/srv/set_pen__type_support.cpp.o[0m
[10.215s] [ 58%] [32mBuilding CXX object CMakeFiles/turtlesim__rosidl_typesupport_cpp.dir/rosidl_typesupport_cpp/turtlesim/srv/teleport_absolute__type_support.cpp.o[0m
[10.215s] [ 58%] [32mBuilding CXX object CMakeFiles/turtlesim__rosidl_typesupport_cpp.dir/rosidl_typesupport_cpp/turtlesim/srv/spawn__type_support.cpp.o[0m
[10.216s] [ 59%] [32mBuilding CXX object CMakeFiles/turtlesim__rosidl_typesupport_cpp.dir/rosidl_typesupport_cpp/turtlesim/srv/teleport_relative__type_support.cpp.o[0m
[10.383s] [ 60%] [32m[1mLinking CXX shared library libturtlesim__rosidl_typesupport_fastrtps_cpp.so[0m
[10.495s] [ 60%] Built target turtlesim__rosidl_typesupport_fastrtps_cpp
[10.506s] [ 61%] [34m[1mGenerating C type support for eProsima Fast-RTPS[0m
[10.583s] [ 62%] [32m[1mLinking CXX shared library libturtlesim__rosidl_typesupport_cpp.so[0m
[10.629s] [ 62%] Built target turtlesim__rosidl_typesupport_cpp
[11.133s] [35m[1mScanning dependencies of target turtlesim__rosidl_typesupport_fastrtps_c[0m
[11.163s] [ 64%] [32mBuilding CXX object CMakeFiles/turtlesim__rosidl_typesupport_fastrtps_c.dir/rosidl_typesupport_fastrtps_c/turtlesim/srv/detail/kill__type_support_c.cpp.o[0m
[11.164s] [ 64%] [32mBuilding CXX object CMakeFiles/turtlesim__rosidl_typesupport_fastrtps_c.dir/rosidl_typesupport_fastrtps_c/turtlesim/msg/detail/color__type_support_c.cpp.o[0m
[11.164s] [ 65%] [32mBuilding CXX object CMakeFiles/turtlesim__rosidl_typesupport_fastrtps_c.dir/rosidl_typesupport_fastrtps_c/turtlesim/action/detail/rotate_absolute__type_support_c.cpp.o[0m
[11.164s] [ 66%] [32mBuilding CXX object CMakeFiles/turtlesim__rosidl_typesupport_fastrtps_c.dir/rosidl_typesupport_fastrtps_c/turtlesim/msg/detail/pose__type_support_c.cpp.o[0m
[11.164s] [ 67%] [32mBuilding CXX object CMakeFiles/turtlesim__rosidl_typesupport_fastrtps_c.dir/rosidl_typesupport_fastrtps_c/turtlesim/srv/detail/set_pen__type_support_c.cpp.o[0m
[11.165s] [ 68%] [32mBuilding CXX object CMakeFiles/turtlesim__rosidl_typesupport_fastrtps_c.dir/rosidl_typesupport_fastrtps_c/turtlesim/srv/detail/spawn__type_support_c.cpp.o[0m
[11.168s] [ 69%] [32mBuilding CXX object CMakeFiles/turtlesim__rosidl_typesupport_fastrtps_c.dir/rosidl_typesupport_fastrtps_c/turtlesim/srv/detail/teleport_absolute__type_support_c.cpp.o[0m
[11.175s] [ 70%] [32mBuilding CXX object CMakeFiles/turtlesim__rosidl_typesupport_fastrtps_c.dir/rosidl_typesupport_fastrtps_c/turtlesim/srv/detail/teleport_relative__type_support_c.cpp.o[0m
[11.829s] [ 71%] [32m[1mLinking CXX shared library libturtlesim__rosidl_typesupport_fastrtps_c.so[0m
[11.909s] [ 71%] Built target turtlesim__rosidl_typesupport_fastrtps_c
[11.918s] [35m[1mScanning dependencies of target turtlesim[0m
[11.928s] [ 71%] Built target turtlesim
[11.939s] [35m[1mScanning dependencies of target turtle_teleop_key[0m
[11.941s] [ 72%] [34m[1mGenerating include/turtlesim/moc_turtle_frame.cpp[0m
[11.942s] [35m[1mScanning dependencies of target mimic[0m
[11.942s] [35m[1mScanning dependencies of target draw_square[0m
[11.942s] [35m[1mScanning dependencies of target turtlesim__py[0m
[11.952s] [ 73%] [34m[1mGenerating Python code for ROS interfaces[0m
[11.985s] [ 74%] [32mBuilding CXX object CMakeFiles/turtle_teleop_key.dir/tutorials/teleop_turtle_key.cpp.o[0m
[11.999s] [ 75%] [32mBuilding CXX object CMakeFiles/draw_square.dir/tutorials/draw_square.cpp.o[0m
[12.000s] [ 76%] [32mBuilding CXX object CMakeFiles/mimic.dir/tutorials/mimic.cpp.o[0m
[12.450s] [35m[1mScanning dependencies of target turtlesim_node[0m
[12.770s] [ 79%] [32mBuilding CXX object CMakeFiles/turtlesim_node.dir/src/turtle_frame.cpp.o[0m
[12.770s] [ 79%] [32mBuilding CXX object CMakeFiles/turtlesim_node.dir/src/turtle.cpp.o[0m
[12.770s] [ 79%] [32mBuilding CXX object CMakeFiles/turtlesim_node.dir/src/turtlesim.cpp.o[0m
[12.790s] [ 80%] [32mBuilding CXX object CMakeFiles/turtlesim_node.dir/include/turtlesim/moc_turtle_frame.cpp.o[0m
[14.940s] [ 80%] Built target turtlesim__py
[14.983s] [35m[1mScanning dependencies of target turtlesim__python[0m
[15.273s] [ 81%] [32mBuilding C object CMakeFiles/turtlesim__python.dir/rosidl_generator_py/turtlesim/action/_rotate_absolute_s.c.o[0m
[15.777s] [ 82%] [32mBuilding C object CMakeFiles/turtlesim__python.dir/rosidl_generator_py/turtlesim/msg/_color_s.c.o[0m
[15.996s] [ 83%] [32mBuilding C object CMakeFiles/turtlesim__python.dir/rosidl_generator_py/turtlesim/msg/_pose_s.c.o[0m
[16.207s] [ 84%] [32mBuilding C object CMakeFiles/turtlesim__python.dir/rosidl_generator_py/turtlesim/srv/_kill_s.c.o[0m
[16.404s] [ 85%] [32mBuilding C object CMakeFiles/turtlesim__python.dir/rosidl_generator_py/turtlesim/srv/_set_pen_s.c.o[0m
[16.651s] [ 86%] [32mBuilding C object CMakeFiles/turtlesim__python.dir/rosidl_generator_py/turtlesim/srv/_spawn_s.c.o[0m
[16.874s] [ 87%] [32mBuilding C object CMakeFiles/turtlesim__python.dir/rosidl_generator_py/turtlesim/srv/_teleport_absolute_s.c.o[0m
[17.093s] [ 88%] [32mBuilding C object CMakeFiles/turtlesim__python.dir/rosidl_generator_py/turtlesim/srv/_teleport_relative_s.c.o[0m
[17.287s] [ 89%] [32m[1mLinking C shared library rosidl_generator_py/turtlesim/libturtlesim__python.so[0m
[17.401s] [ 89%] Built target turtlesim__python
[17.419s] [35m[1mScanning dependencies of target turtlesim__rosidl_typesupport_introspection_c__pyext[0m
[17.473s] [ 90%] [32mBuilding C object CMakeFiles/turtlesim__rosidl_typesupport_introspection_c__pyext.dir/rosidl_generator_py/turtlesim/_turtlesim_s.ep.rosidl_typesupport_introspection_c.c.o[0m
[17.838s] [ 91%] [32m[1mLinking C shared library rosidl_generator_py/turtlesim/turtlesim_s__rosidl_typesupport_introspection_c.cpython-38-x86_64-linux-gnu.so[0m
[17.928s] [35m[1mScanning dependencies of target turtlesim__rosidl_typesupport_fastrtps_c__pyext[0m
[17.940s] [ 91%] Built target turtlesim__rosidl_typesupport_introspection_c__pyext
[17.969s] [35m[1mScanning dependencies of target turtlesim__rosidl_typesupport_c__pyext[0m
[17.992s] [ 92%] [32mBuilding C object CMakeFiles/turtlesim__rosidl_typesupport_fastrtps_c__pyext.dir/rosidl_generator_py/turtlesim/_turtlesim_s.ep.rosidl_typesupport_fastrtps_c.c.o[0m
[18.030s] [ 93%] [32mBuilding C object CMakeFiles/turtlesim__rosidl_typesupport_c__pyext.dir/rosidl_generator_py/turtlesim/_turtlesim_s.ep.rosidl_typesupport_c.c.o[0m
[18.256s] [ 94%] [32m[1mLinking CXX shared library rosidl_generator_py/turtlesim/turtlesim_s__rosidl_typesupport_fastrtps_c.cpython-38-x86_64-linux-gnu.so[0m
[18.287s] [ 95%] [32m[1mLinking C shared library rosidl_generator_py/turtlesim/turtlesim_s__rosidl_typesupport_c.cpython-38-x86_64-linux-gnu.so[0m
[18.351s] [ 95%] Built target turtlesim__rosidl_typesupport_c__pyext
[18.373s] [ 95%] Built target turtlesim__rosidl_typesupport_fastrtps_c__pyext
[19.286s] [ 96%] [32m[1mLinking CXX executable turtle_teleop_key[0m
[19.894s] [ 97%] [32m[1mLinking CXX executable mimic[0m
[20.495s] [ 97%] Built target mimic
[20.533s] [ 97%] Built target turtle_teleop_key
[21.272s] [ 98%] [32m[1mLinking CXX executable draw_square[0m
[21.562s] [ 98%] Built target draw_square
[23.682s] [100%] [32m[1mLinking CXX executable turtlesim_node[0m
[26.007s] [100%] Built target turtlesim_node
[26.021s] Invoked command in '/home/yanlin/dev_ws/build/turtlesim' returned '0': CMAKE_PREFIX_PATH=/opt/ros/foxy /usr/bin/cmake --build /home/yanlin/dev_ws/build/turtlesim -- -j8 -l8
[26.153s] Invoking command in '/home/yanlin/dev_ws/build/turtlesim': CMAKE_PREFIX_PATH=/opt/ros/foxy /usr/bin/cmake --install /home/yanlin/dev_ws/build/turtlesim
[26.161s] -- Install configuration: ""
[26.161s] -- Installing: /home/yanlin/dev_ws/install/turtlesim/share/ament_index/resource_index/rosidl_interfaces/turtlesim
[26.161s] -- Installing: /home/yanlin/dev_ws/install/turtlesim/include/turtlesim
[26.161s] -- Installing: /home/yanlin/dev_ws/install/turtlesim/include/turtlesim/srv
[26.162s] -- Installing: /home/yanlin/dev_ws/install/turtlesim/include/turtlesim/srv/detail
[26.162s] -- Installing: /home/yanlin/dev_ws/install/turtlesim/include/turtlesim/srv/detail/set_pen__functions.c
[26.162s] -- Installing: /home/yanlin/dev_ws/install/turtlesim/include/turtlesim/srv/detail/teleport_relative__struct.h
[26.162s] -- Installing: /home/yanlin/dev_ws/install/turtlesim/include/turtlesim/srv/detail/spawn__functions.c
[26.162s] -- Installing: /home/yanlin/dev_ws/install/turtlesim/include/turtlesim/srv/detail/kill__struct.h
[26.162s] -- Installing: /home/yanlin/dev_ws/install/turtlesim/include/turtlesim/srv/detail/kill__functions.h
[26.162s] -- Installing: /home/yanlin/dev_ws/install/turtlesim/include/turtlesim/srv/detail/teleport_absolute__type_support.h
[26.162s] -- Installing: /home/yanlin/dev_ws/install/turtlesim/include/turtlesim/srv/detail/teleport_relative__functions.c
[26.162s] -- Installing: /home/yanlin/dev_ws/install/turtlesim/include/turtlesim/srv/detail/kill__functions.c
[26.162s] -- Installing: /home/yanlin/dev_ws/install/turtlesim/include/turtlesim/srv/detail/kill__type_support.h
[26.162s] -- Installing: /home/yanlin/dev_ws/install/turtlesim/include/turtlesim/srv/detail/spawn__struct.h
[26.162s] -- Installing: /home/yanlin/dev_ws/install/turtlesim/include/turtlesim/srv/detail/teleport_relative__functions.h
[26.162s] -- Installing: /home/yanlin/dev_ws/install/turtlesim/include/turtlesim/srv/detail/set_pen__struct.h
[26.162s] -- Installing: /home/yanlin/dev_ws/install/turtlesim/include/turtlesim/srv/detail/set_pen__type_support.h
[26.162s] -- Installing: /home/yanlin/dev_ws/install/turtlesim/include/turtlesim/srv/detail/spawn__type_support.h
[26.163s] -- Installing: /home/yanlin/dev_ws/install/turtlesim/include/turtlesim/srv/detail/spawn__functions.h
[26.163s] -- Installing: /home/yanlin/dev_ws/install/turtlesim/include/turtlesim/srv/detail/set_pen__functions.h
[26.163s] -- Installing: /home/yanlin/dev_ws/install/turtlesim/include/turtlesim/srv/detail/teleport_absolute__functions.c
[26.163s] -- Installing: /home/yanlin/dev_ws/install/turtlesim/include/turtlesim/srv/detail/teleport_relative__type_support.h
[26.163s] -- Installing: /home/yanlin/dev_ws/install/turtlesim/include/turtlesim/srv/detail/teleport_absolute__struct.h
[26.163s] -- Installing: /home/yanlin/dev_ws/install/turtlesim/include/turtlesim/srv/detail/teleport_absolute__functions.h
[26.163s] -- Installing: /home/yanlin/dev_ws/install/turtlesim/include/turtlesim/srv/set_pen.h
[26.163s] -- Installing: /home/yanlin/dev_ws/install/turtlesim/include/turtlesim/srv/spawn.h
[26.163s] -- Installing: /home/yanlin/dev_ws/install/turtlesim/include/turtlesim/srv/teleport_absolute.h
[26.163s] -- Installing: /home/yanlin/dev_ws/install/turtlesim/include/turtlesim/srv/kill.h
[26.163s] -- Installing: /home/yanlin/dev_ws/install/turtlesim/include/turtlesim/srv/teleport_relative.h
[26.163s] -- Installing: /home/yanlin/dev_ws/install/turtlesim/include/turtlesim/action
[26.163s] -- Installing: /home/yanlin/dev_ws/install/turtlesim/include/turtlesim/action/detail
[26.163s] -- Installing: /home/yanlin/dev_ws/install/turtlesim/include/turtlesim/action/detail/rotate_absolute__struct.h
[26.163s] -- Installing: /home/yanlin/dev_ws/install/turtlesim/include/turtlesim/action/detail/rotate_absolute__type_support.h
[26.164s] -- Installing: /home/yanlin/dev_ws/install/turtlesim/include/turtlesim/action/detail/rotate_absolute__functions.c
[26.164s] -- Installing: /home/yanlin/dev_ws/install/turtlesim/include/turtlesim/action/detail/rotate_absolute__functions.h
[26.164s] -- Installing: /home/yanlin/dev_ws/install/turtlesim/include/turtlesim/action/rotate_absolute.h
[26.164s] -- Installing: /home/yanlin/dev_ws/install/turtlesim/include/turtlesim/msg
[26.164s] -- Installing: /home/yanlin/dev_ws/install/turtlesim/include/turtlesim/msg/color.h
[26.164s] -- Installing: /home/yanlin/dev_ws/install/turtlesim/include/turtlesim/msg/detail
[26.164s] -- Installing: /home/yanlin/dev_ws/install/turtlesim/include/turtlesim/msg/detail/color__struct.h
[26.164s] -- Installing: /home/yanlin/dev_ws/install/turtlesim/include/turtlesim/msg/detail/color__type_support.h
[26.164s] -- Installing: /home/yanlin/dev_ws/install/turtlesim/include/turtlesim/msg/detail/pose__type_support.h
[26.164s] -- Installing: /home/yanlin/dev_ws/install/turtlesim/include/turtlesim/msg/detail/pose__functions.h
[26.164s] -- Installing: /home/yanlin/dev_ws/install/turtlesim/include/turtlesim/msg/detail/color__functions.c
[26.164s] -- Installing: /home/yanlin/dev_ws/install/turtlesim/include/turtlesim/msg/detail/pose__struct.h
[26.164s] -- Installing: /home/yanlin/dev_ws/install/turtlesim/include/turtlesim/msg/detail/color__functions.h
[26.164s] -- Installing: /home/yanlin/dev_ws/install/turtlesim/include/turtlesim/msg/detail/pose__functions.c
[26.164s] -- Installing: /home/yanlin/dev_ws/install/turtlesim/include/turtlesim/msg/rosidl_generator_c__visibility_control.h
[26.164s] -- Installing: /home/yanlin/dev_ws/install/turtlesim/include/turtlesim/msg/pose.h
[26.165s] -- Installing: /home/yanlin/dev_ws/install/turtlesim/share/turtlesim/environment/library_path.sh
[26.177s] -- Installing: /home/yanlin/dev_ws/install/turtlesim/share/turtlesim/environment/library_path.dsv
[26.178s] -- Installing: /home/yanlin/dev_ws/install/turtlesim/lib/libturtlesim__rosidl_generator_c.so
[26.180s] -- Set runtime path of "/home/yanlin/dev_ws/install/turtlesim/lib/libturtlesim__rosidl_generator_c.so" to ""
[26.180s] -- Up-to-date: /home/yanlin/dev_ws/install/turtlesim/include/turtlesim
[26.181s] -- Up-to-date: /home/yanlin/dev_ws/install/turtlesim/include/turtlesim/srv
[26.181s] -- Up-to-date: /home/yanlin/dev_ws/install/turtlesim/include/turtlesim/srv/detail
[26.182s] -- Installing: /home/yanlin/dev_ws/install/turtlesim/include/turtlesim/srv/detail/set_pen__rosidl_typesupport_fastrtps_c.h
[26.182s] -- Installing: /home/yanlin/dev_ws/install/turtlesim/include/turtlesim/srv/detail/teleport_absolute__rosidl_typesupport_fastrtps_c.h
[26.182s] -- Installing: /home/yanlin/dev_ws/install/turtlesim/include/turtlesim/srv/detail/kill__rosidl_typesupport_fastrtps_c.h
[26.182s] -- Installing: /home/yanlin/dev_ws/install/turtlesim/include/turtlesim/srv/detail/spawn__rosidl_typesupport_fastrtps_c.h
[26.182s] -- Installing: /home/yanlin/dev_ws/install/turtlesim/include/turtlesim/srv/detail/teleport_relative__rosidl_typesupport_fastrtps_c.h
[26.182s] -- Up-to-date: /home/yanlin/dev_ws/install/turtlesim/include/turtlesim/action
[26.182s] -- Up-to-date: /home/yanlin/dev_ws/install/turtlesim/include/turtlesim/action/detail
[26.182s] -- Installing: /home/yanlin/dev_ws/install/turtlesim/include/turtlesim/action/detail/rotate_absolute__rosidl_typesupport_fastrtps_c.h
[26.182s] -- Up-to-date: /home/yanlin/dev_ws/install/turtlesim/include/turtlesim/msg
[26.182s] -- Up-to-date: /home/yanlin/dev_ws/install/turtlesim/include/turtlesim/msg/detail
[26.182s] -- Installing: /home/yanlin/dev_ws/install/turtlesim/include/turtlesim/msg/detail/color__rosidl_typesupport_fastrtps_c.h
[26.183s] -- Installing: /home/yanlin/dev_ws/install/turtlesim/include/turtlesim/msg/detail/pose__rosidl_typesupport_fastrtps_c.h
[26.183s] -- Installing: /home/yanlin/dev_ws/install/turtlesim/include/turtlesim/msg/rosidl_typesupport_fastrtps_c__visibility_control.h
[26.183s] -- Installing: /home/yanlin/dev_ws/install/turtlesim/lib/libturtlesim__rosidl_typesupport_fastrtps_c.so
[26.183s] -- Set runtime path of "/home/yanlin/dev_ws/install/turtlesim/lib/libturtlesim__rosidl_typesupport_fastrtps_c.so" to ""
[26.183s] -- Up-to-date: /home/yanlin/dev_ws/install/turtlesim/include/turtlesim
[26.183s] -- Up-to-date: /home/yanlin/dev_ws/install/turtlesim/include/turtlesim/srv
[26.183s] -- Up-to-date: /home/yanlin/dev_ws/install/turtlesim/include/turtlesim/srv/detail
[26.183s] -- Installing: /home/yanlin/dev_ws/install/turtlesim/include/turtlesim/srv/detail/set_pen__rosidl_typesupport_fastrtps_cpp.hpp
[26.183s] -- Installing: /home/yanlin/dev_ws/install/turtlesim/include/turtlesim/srv/detail/dds_fastrtps
[26.183s] -- Installing: /home/yanlin/dev_ws/install/turtlesim/include/turtlesim/srv/detail/kill__rosidl_typesupport_fastrtps_cpp.hpp
[26.183s] -- Installing: /home/yanlin/dev_ws/install/turtlesim/include/turtlesim/srv/detail/teleport_absolute__rosidl_typesupport_fastrtps_cpp.hpp
[26.183s] -- Installing: /home/yanlin/dev_ws/install/turtlesim/include/turtlesim/srv/detail/teleport_relative__rosidl_typesupport_fastrtps_cpp.hpp
[26.183s] -- Installing: /home/yanlin/dev_ws/install/turtlesim/include/turtlesim/srv/detail/spawn__rosidl_typesupport_fastrtps_cpp.hpp
[26.183s] -- Up-to-date: /home/yanlin/dev_ws/install/turtlesim/include/turtlesim/action
[26.183s] -- Up-to-date: /home/yanlin/dev_ws/install/turtlesim/include/turtlesim/action/detail
[26.184s] -- Installing: /home/yanlin/dev_ws/install/turtlesim/include/turtlesim/action/detail/dds_fastrtps
[26.184s] -- Installing: /home/yanlin/dev_ws/install/turtlesim/include/turtlesim/action/detail/rotate_absolute__rosidl_typesupport_fastrtps_cpp.hpp
[26.184s] -- Up-to-date: /home/yanlin/dev_ws/install/turtlesim/include/turtlesim/msg
[26.184s] -- Up-to-date: /home/yanlin/dev_ws/install/turtlesim/include/turtlesim/msg/detail
[26.184s] -- Installing: /home/yanlin/dev_ws/install/turtlesim/include/turtlesim/msg/detail/dds_fastrtps
[26.184s] -- Installing: /home/yanlin/dev_ws/install/turtlesim/include/turtlesim/msg/detail/color__rosidl_typesupport_fastrtps_cpp.hpp
[26.184s] -- Installing: /home/yanlin/dev_ws/install/turtlesim/include/turtlesim/msg/detail/pose__rosidl_typesupport_fastrtps_cpp.hpp
[26.184s] -- Installing: /home/yanlin/dev_ws/install/turtlesim/include/turtlesim/msg/rosidl_typesupport_fastrtps_cpp__visibility_control.h
[26.184s] -- Installing: /home/yanlin/dev_ws/install/turtlesim/lib/libturtlesim__rosidl_typesupport_fastrtps_cpp.so
[26.184s] -- Set runtime path of "/home/yanlin/dev_ws/install/turtlesim/lib/libturtlesim__rosidl_typesupport_fastrtps_cpp.so" to ""
[26.184s] -- Up-to-date: /home/yanlin/dev_ws/install/turtlesim/include/turtlesim
[26.184s] -- Up-to-date: /home/yanlin/dev_ws/install/turtlesim/include/turtlesim/srv
[26.184s] -- Up-to-date: /home/yanlin/dev_ws/install/turtlesim/include/turtlesim/srv/detail
[26.184s] -- Installing: /home/yanlin/dev_ws/install/turtlesim/include/turtlesim/srv/detail/teleport_relative__type_support.c
[26.184s] -- Installing: /home/yanlin/dev_ws/install/turtlesim/include/turtlesim/srv/detail/teleport_absolute__rosidl_typesupport_introspection_c.h
[26.185s] -- Installing: /home/yanlin/dev_ws/install/turtlesim/include/turtlesim/srv/detail/kill__type_support.c
[26.185s] -- Installing: /home/yanlin/dev_ws/install/turtlesim/include/turtlesim/srv/detail/spawn__rosidl_typesupport_introspection_c.h
[26.185s] -- Installing: /home/yanlin/dev_ws/install/turtlesim/include/turtlesim/srv/detail/teleport_absolute__type_support.c
[26.185s] -- Installing: /home/yanlin/dev_ws/install/turtlesim/include/turtlesim/srv/detail/kill__rosidl_typesupport_introspection_c.h
[26.185s] -- Installing: /home/yanlin/dev_ws/install/turtlesim/include/turtlesim/srv/detail/set_pen__rosidl_typesupport_introspection_c.h
[26.185s] -- Installing: /home/yanlin/dev_ws/install/turtlesim/include/turtlesim/srv/detail/teleport_relative__rosidl_typesupport_introspection_c.h
[26.185s] -- Installing: /home/yanlin/dev_ws/install/turtlesim/include/turtlesim/srv/detail/set_pen__type_support.c
[26.185s] -- Installing: /home/yanlin/dev_ws/install/turtlesim/include/turtlesim/srv/detail/spawn__type_support.c
[26.185s] -- Up-to-date: /home/yanlin/dev_ws/install/turtlesim/include/turtlesim/action
[26.185s] -- Up-to-date: /home/yanlin/dev_ws/install/turtlesim/include/turtlesim/action/detail
[26.185s] -- Installing: /home/yanlin/dev_ws/install/turtlesim/include/turtlesim/action/detail/rotate_absolute__type_support.c
[26.185s] -- Installing: /home/yanlin/dev_ws/install/turtlesim/include/turtlesim/action/detail/rotate_absolute__rosidl_typesupport_introspection_c.h
[26.185s] -- Up-to-date: /home/yanlin/dev_ws/install/turtlesim/include/turtlesim/msg
[26.185s] -- Up-to-date: /home/yanlin/dev_ws/install/turtlesim/include/turtlesim/msg/detail
[26.185s] -- Installing: /home/yanlin/dev_ws/install/turtlesim/include/turtlesim/msg/detail/color__rosidl_typesupport_introspection_c.h
[26.186s] -- Installing: /home/yanlin/dev_ws/install/turtlesim/include/turtlesim/msg/detail/pose__rosidl_typesupport_introspection_c.h
[26.186s] -- Installing: /home/yanlin/dev_ws/install/turtlesim/include/turtlesim/msg/detail/pose__type_support.c
[26.186s] -- Installing: /home/yanlin/dev_ws/install/turtlesim/include/turtlesim/msg/detail/color__type_support.c
[26.186s] -- Installing: /home/yanlin/dev_ws/install/turtlesim/include/turtlesim/msg/rosidl_typesupport_introspection_c__visibility_control.h
[26.186s] -- Installing: /home/yanlin/dev_ws/install/turtlesim/lib/libturtlesim__rosidl_typesupport_introspection_c.so
[26.186s] -- Set runtime path of "/home/yanlin/dev_ws/install/turtlesim/lib/libturtlesim__rosidl_typesupport_introspection_c.so" to ""
[26.186s] -- Installing: /home/yanlin/dev_ws/install/turtlesim/lib/libturtlesim__rosidl_typesupport_c.so
[26.186s] -- Set runtime path of "/home/yanlin/dev_ws/install/turtlesim/lib/libturtlesim__rosidl_typesupport_c.so" to ""
[26.186s] -- Up-to-date: /home/yanlin/dev_ws/install/turtlesim/include/turtlesim
[26.186s] -- Up-to-date: /home/yanlin/dev_ws/install/turtlesim/include/turtlesim/srv
[26.187s] -- Up-to-date: /home/yanlin/dev_ws/install/turtlesim/include/turtlesim/srv/detail
[26.187s] -- Installing: /home/yanlin/dev_ws/install/turtlesim/include/turtlesim/srv/detail/teleport_relative__struct.hpp
[26.187s] -- Installing: /home/yanlin/dev_ws/install/turtlesim/include/turtlesim/srv/detail/teleport_absolute__traits.hpp
[26.187s] -- Installing: /home/yanlin/dev_ws/install/turtlesim/include/turtlesim/srv/detail/teleport_absolute__struct.hpp
[26.187s] -- Installing: /home/yanlin/dev_ws/install/turtlesim/include/turtlesim/srv/detail/kill__struct.hpp
[26.187s] -- Installing: /home/yanlin/dev_ws/install/turtlesim/include/turtlesim/srv/detail/teleport_relative__traits.hpp
[26.187s] -- Installing: /home/yanlin/dev_ws/install/turtlesim/include/turtlesim/srv/detail/set_pen__traits.hpp
[26.187s] -- Installing: /home/yanlin/dev_ws/install/turtlesim/include/turtlesim/srv/detail/kill__traits.hpp
[26.187s] -- Installing: /home/yanlin/dev_ws/install/turtlesim/include/turtlesim/srv/detail/teleport_absolute__builder.hpp
[26.187s] -- Installing: /home/yanlin/dev_ws/install/turtlesim/include/turtlesim/srv/detail/set_pen__struct.hpp
[26.187s] -- Installing: /home/yanlin/dev_ws/install/turtlesim/include/turtlesim/srv/detail/set_pen__builder.hpp
[26.187s] -- Installing: /home/yanlin/dev_ws/install/turtlesim/include/turtlesim/srv/detail/kill__builder.hpp
[26.187s] -- Installing: /home/yanlin/dev_ws/install/turtlesim/include/turtlesim/srv/detail/spawn__struct.hpp
[26.187s] -- Installing: /home/yanlin/dev_ws/install/turtlesim/include/turtlesim/srv/detail/spawn__builder.hpp
[26.187s] -- Installing: /home/yanlin/dev_ws/install/turtlesim/include/turtlesim/srv/detail/teleport_relative__builder.hpp
[26.188s] -- Installing: /home/yanlin/dev_ws/install/turtlesim/include/turtlesim/srv/detail/spawn__traits.hpp
[26.188s] -- Installing: /home/yanlin/dev_ws/install/turtlesim/include/turtlesim/srv/teleport_absolute.hpp
[26.188s] -- Installing: /home/yanlin/dev_ws/install/turtlesim/include/turtlesim/srv/kill.hpp
[26.188s] -- Installing: /home/yanlin/dev_ws/install/turtlesim/include/turtlesim/srv/spawn.hpp
[26.188s] -- Installing: /home/yanlin/dev_ws/install/turtlesim/include/turtlesim/srv/set_pen.hpp
[26.188s] -- Installing: /home/yanlin/dev_ws/install/turtlesim/include/turtlesim/srv/teleport_relative.hpp
[26.188s] -- Up-to-date: /home/yanlin/dev_ws/install/turtlesim/include/turtlesim/action
[26.188s] -- Up-to-date: /home/yanlin/dev_ws/install/turtlesim/include/turtlesim/action/detail
[26.188s] -- Installing: /home/yanlin/dev_ws/install/turtlesim/include/turtlesim/action/detail/rotate_absolute__struct.hpp
[26.188s] -- Installing: /home/yanlin/dev_ws/install/turtlesim/include/turtlesim/action/detail/rotate_absolute__builder.hpp
[26.188s] -- Installing: /home/yanlin/dev_ws/install/turtlesim/include/turtlesim/action/detail/rotate_absolute__traits.hpp
[26.188s] -- Installing: /home/yanlin/dev_ws/install/turtlesim/include/turtlesim/action/rotate_absolute.hpp
[26.188s] -- Up-to-date: /home/yanlin/dev_ws/install/turtlesim/include/turtlesim/msg
[26.188s] -- Up-to-date: /home/yanlin/dev_ws/install/turtlesim/include/turtlesim/msg/detail
[26.188s] -- Installing: /home/yanlin/dev_ws/install/turtlesim/include/turtlesim/msg/detail/color__traits.hpp
[26.189s] -- Installing: /home/yanlin/dev_ws/install/turtlesim/include/turtlesim/msg/detail/pose__traits.hpp
[26.189s] -- Installing: /home/yanlin/dev_ws/install/turtlesim/include/turtlesim/msg/detail/pose__struct.hpp
[26.189s] -- Installing: /home/yanlin/dev_ws/install/turtlesim/include/turtlesim/msg/detail/color__builder.hpp
[26.189s] -- Installing: /home/yanlin/dev_ws/install/turtlesim/include/turtlesim/msg/detail/color__struct.hpp
[26.189s] -- Installing: /home/yanlin/dev_ws/install/turtlesim/include/turtlesim/msg/detail/pose__builder.hpp
[26.189s] -- Installing: /home/yanlin/dev_ws/install/turtlesim/include/turtlesim/msg/color.hpp
[26.189s] -- Installing: /home/yanlin/dev_ws/install/turtlesim/include/turtlesim/msg/pose.hpp
[26.189s] -- Up-to-date: /home/yanlin/dev_ws/install/turtlesim/include/turtlesim
[26.189s] -- Up-to-date: /home/yanlin/dev_ws/install/turtlesim/include/turtlesim/srv
[26.189s] -- Up-to-date: /home/yanlin/dev_ws/install/turtlesim/include/turtlesim/srv/detail
[26.189s] -- Installing: /home/yanlin/dev_ws/install/turtlesim/include/turtlesim/srv/detail/kill__type_support.cpp
[26.189s] -- Installing: /home/yanlin/dev_ws/install/turtlesim/include/turtlesim/srv/detail/teleport_absolute__rosidl_typesupport_introspection_cpp.hpp
[26.189s] -- Installing: /home/yanlin/dev_ws/install/turtlesim/include/turtlesim/srv/detail/kill__rosidl_typesupport_introspection_cpp.hpp
[26.189s] -- Installing: /home/yanlin/dev_ws/install/turtlesim/include/turtlesim/srv/detail/spawn__rosidl_typesupport_introspection_cpp.hpp
[26.189s] -- Installing: /home/yanlin/dev_ws/install/turtlesim/include/turtlesim/srv/detail/set_pen__rosidl_typesupport_introspection_cpp.hpp
[26.190s] -- Installing: /home/yanlin/dev_ws/install/turtlesim/include/turtlesim/srv/detail/teleport_relative__rosidl_typesupport_introspection_cpp.hpp
[26.190s] -- Installing: /home/yanlin/dev_ws/install/turtlesim/include/turtlesim/srv/detail/spawn__type_support.cpp
[26.190s] -- Installing: /home/yanlin/dev_ws/install/turtlesim/include/turtlesim/srv/detail/set_pen__type_support.cpp
[26.190s] -- Installing: /home/yanlin/dev_ws/install/turtlesim/include/turtlesim/srv/detail/teleport_relative__type_support.cpp
[26.190s] -- Installing: /home/yanlin/dev_ws/install/turtlesim/include/turtlesim/srv/detail/teleport_absolute__type_support.cpp
[26.190s] -- Up-to-date: /home/yanlin/dev_ws/install/turtlesim/include/turtlesim/action
[26.190s] -- Up-to-date: /home/yanlin/dev_ws/install/turtlesim/include/turtlesim/action/detail
[26.190s] -- Installing: /home/yanlin/dev_ws/install/turtlesim/include/turtlesim/action/detail/rotate_absolute__type_support.cpp
[26.190s] -- Installing: /home/yanlin/dev_ws/install/turtlesim/include/turtlesim/action/detail/rotate_absolute__rosidl_typesupport_introspection_cpp.hpp
[26.190s] -- Up-to-date: /home/yanlin/dev_ws/install/turtlesim/include/turtlesim/msg
[26.190s] -- Up-to-date: /home/yanlin/dev_ws/install/turtlesim/include/turtlesim/msg/detail
[26.190s] -- Installing: /home/yanlin/dev_ws/install/turtlesim/include/turtlesim/msg/detail/pose__type_support.cpp
[26.190s] -- Installing: /home/yanlin/dev_ws/install/turtlesim/include/turtlesim/msg/detail/pose__rosidl_typesupport_introspection_cpp.hpp
[26.190s] -- Installing: /home/yanlin/dev_ws/install/turtlesim/include/turtlesim/msg/detail/color__rosidl_typesupport_introspection_cpp.hpp
[26.190s] -- Installing: /home/yanlin/dev_ws/install/turtlesim/include/turtlesim/msg/detail/color__type_support.cpp
[26.190s] -- Installing: /home/yanlin/dev_ws/install/turtlesim/lib/libturtlesim__rosidl_typesupport_introspection_cpp.so
[26.191s] -- Set runtime path of "/home/yanlin/dev_ws/install/turtlesim/lib/libturtlesim__rosidl_typesupport_introspection_cpp.so" to ""
[26.191s] -- Installing: /home/yanlin/dev_ws/install/turtlesim/lib/libturtlesim__rosidl_typesupport_cpp.so
[26.191s] -- Set runtime path of "/home/yanlin/dev_ws/install/turtlesim/lib/libturtlesim__rosidl_typesupport_cpp.so" to ""
[26.191s] -- Installing: /home/yanlin/dev_ws/install/turtlesim/share/turtlesim/environment/pythonpath.sh
[26.191s] -- Installing: /home/yanlin/dev_ws/install/turtlesim/share/turtlesim/environment/pythonpath.dsv
[26.191s] -- Installing: /home/yanlin/dev_ws/install/turtlesim/lib/python3.8/site-packages/turtlesim/__init__.py
[26.530s] Compiling '/home/yanlin/dev_ws/install/turtlesim/lib/python3.8/site-packages/turtlesim/__init__.py'...
[26.535s] -- Installing: /home/yanlin/dev_ws/install/turtlesim/lib/python3.8/site-packages/turtlesim/action
[26.536s] -- Installing: /home/yanlin/dev_ws/install/turtlesim/lib/python3.8/site-packages/turtlesim/action/__init__.py
[26.536s] -- Installing: /home/yanlin/dev_ws/install/turtlesim/lib/python3.8/site-packages/turtlesim/action/_rotate_absolute_s.c
[26.536s] -- Installing: /home/yanlin/dev_ws/install/turtlesim/lib/python3.8/site-packages/turtlesim/action/_rotate_absolute.py
[26.536s] -- Installing: /home/yanlin/dev_ws/install/turtlesim/lib/python3.8/site-packages/turtlesim/msg
[26.536s] -- Installing: /home/yanlin/dev_ws/install/turtlesim/lib/python3.8/site-packages/turtlesim/msg/_pose_s.c
[26.536s] -- Installing: /home/yanlin/dev_ws/install/turtlesim/lib/python3.8/site-packages/turtlesim/msg/_color_s.c
[26.537s] -- Installing: /home/yanlin/dev_ws/install/turtlesim/lib/python3.8/site-packages/turtlesim/msg/__init__.py
[26.537s] -- Installing: /home/yanlin/dev_ws/install/turtlesim/lib/python3.8/site-packages/turtlesim/msg/_color.py
[26.537s] -- Installing: /home/yanlin/dev_ws/install/turtlesim/lib/python3.8/site-packages/turtlesim/msg/_pose.py
[26.538s] -- Installing: /home/yanlin/dev_ws/install/turtlesim/lib/python3.8/site-packages/turtlesim/srv
[26.538s] -- Installing: /home/yanlin/dev_ws/install/turtlesim/lib/python3.8/site-packages/turtlesim/srv/_kill.py
[26.539s] -- Installing: /home/yanlin/dev_ws/install/turtlesim/lib/python3.8/site-packages/turtlesim/srv/_kill_s.c
[26.539s] -- Installing: /home/yanlin/dev_ws/install/turtlesim/lib/python3.8/site-packages/turtlesim/srv/__init__.py
[26.539s] -- Installing: /home/yanlin/dev_ws/install/turtlesim/lib/python3.8/site-packages/turtlesim/srv/_set_pen_s.c
[26.539s] -- Installing: /home/yanlin/dev_ws/install/turtlesim/lib/python3.8/site-packages/turtlesim/srv/_set_pen.py
[26.539s] -- Installing: /home/yanlin/dev_ws/install/turtlesim/lib/python3.8/site-packages/turtlesim/srv/_teleport_absolute_s.c
[26.539s] -- Installing: /home/yanlin/dev_ws/install/turtlesim/lib/python3.8/site-packages/turtlesim/srv/_spawn_s.c
[26.539s] -- Installing: /home/yanlin/dev_ws/install/turtlesim/lib/python3.8/site-packages/turtlesim/srv/_teleport_absolute.py
[26.539s] -- Installing: /home/yanlin/dev_ws/install/turtlesim/lib/python3.8/site-packages/turtlesim/srv/_teleport_relative_s.c
[26.540s] -- Installing: /home/yanlin/dev_ws/install/turtlesim/lib/python3.8/site-packages/turtlesim/srv/_teleport_relative.py
[26.540s] -- Installing: /home/yanlin/dev_ws/install/turtlesim/lib/python3.8/site-packages/turtlesim/srv/_spawn.py
[26.540s] -- Installing: /home/yanlin/dev_ws/install/turtlesim/lib/python3.8/site-packages/turtlesim/turtlesim_s__rosidl_typesupport_fastrtps_c.cpython-38-x86_64-linux-gnu.so
[26.540s] -- Set runtime path of "/home/yanlin/dev_ws/install/turtlesim/lib/python3.8/site-packages/turtlesim/turtlesim_s__rosidl_typesupport_fastrtps_c.cpython-38-x86_64-linux-gnu.so" to ""
[26.541s] -- Installing: /home/yanlin/dev_ws/install/turtlesim/lib/python3.8/site-packages/turtlesim/turtlesim_s__rosidl_typesupport_introspection_c.cpython-38-x86_64-linux-gnu.so
[26.543s] -- Set runtime path of "/home/yanlin/dev_ws/install/turtlesim/lib/python3.8/site-packages/turtlesim/turtlesim_s__rosidl_typesupport_introspection_c.cpython-38-x86_64-linux-gnu.so" to ""
[26.543s] -- Installing: /home/yanlin/dev_ws/install/turtlesim/lib/python3.8/site-packages/turtlesim/turtlesim_s__rosidl_typesupport_c.cpython-38-x86_64-linux-gnu.so
[26.545s] -- Set runtime path of "/home/yanlin/dev_ws/install/turtlesim/lib/python3.8/site-packages/turtlesim/turtlesim_s__rosidl_typesupport_c.cpython-38-x86_64-linux-gnu.so" to ""
[26.545s] -- Installing: /home/yanlin/dev_ws/install/turtlesim/lib/libturtlesim__python.so
[26.546s] -- Set runtime path of "/home/yanlin/dev_ws/install/turtlesim/lib/libturtlesim__python.so" to ""
[26.546s] -- Installing: /home/yanlin/dev_ws/install/turtlesim/share/turtlesim/action/RotateAbsolute.idl
[26.546s] -- Installing: /home/yanlin/dev_ws/install/turtlesim/share/turtlesim/msg/Color.idl
[26.546s] -- Installing: /home/yanlin/dev_ws/install/turtlesim/share/turtlesim/msg/Pose.idl
[26.546s] -- Installing: /home/yanlin/dev_ws/install/turtlesim/share/turtlesim/srv/Kill.idl
[26.547s] -- Installing: /home/yanlin/dev_ws/install/turtlesim/share/turtlesim/srv/SetPen.idl
[26.547s] -- Installing: /home/yanlin/dev_ws/install/turtlesim/share/turtlesim/srv/Spawn.idl
[26.547s] -- Installing: /home/yanlin/dev_ws/install/turtlesim/share/turtlesim/srv/TeleportAbsolute.idl
[26.547s] -- Installing: /home/yanlin/dev_ws/install/turtlesim/share/turtlesim/srv/TeleportRelative.idl
[26.548s] -- Installing: /home/yanlin/dev_ws/install/turtlesim/share/turtlesim/action/RotateAbsolute.action
[26.548s] -- Installing: /home/yanlin/dev_ws/install/turtlesim/share/turtlesim/msg/Color.msg
[26.548s] -- Installing: /home/yanlin/dev_ws/install/turtlesim/share/turtlesim/msg/Pose.msg
[26.548s] -- Installing: /home/yanlin/dev_ws/install/turtlesim/share/turtlesim/srv/Kill.srv
[26.549s] -- Installing: /home/yanlin/dev_ws/install/turtlesim/share/turtlesim/srv/Kill_Request.msg
[26.549s] -- Installing: /home/yanlin/dev_ws/install/turtlesim/share/turtlesim/srv/Kill_Response.msg
[26.549s] -- Installing: /home/yanlin/dev_ws/install/turtlesim/share/turtlesim/srv/SetPen.srv
[26.549s] -- Installing: /home/yanlin/dev_ws/install/turtlesim/share/turtlesim/srv/SetPen_Request.msg
[26.549s] -- Installing: /home/yanlin/dev_ws/install/turtlesim/share/turtlesim/srv/SetPen_Response.msg
[26.550s] -- Installing: /home/yanlin/dev_ws/install/turtlesim/share/turtlesim/srv/Spawn.srv
[26.550s] -- Installing: /home/yanlin/dev_ws/install/turtlesim/share/turtlesim/srv/Spawn_Request.msg
[26.550s] -- Installing: /home/yanlin/dev_ws/install/turtlesim/share/turtlesim/srv/Spawn_Response.msg
[26.550s] -- Installing: /home/yanlin/dev_ws/install/turtlesim/share/turtlesim/srv/TeleportAbsolute.srv
[26.550s] -- Installing: /home/yanlin/dev_ws/install/turtlesim/share/turtlesim/srv/TeleportAbsolute_Request.msg
[26.551s] -- Installing: /home/yanlin/dev_ws/install/turtlesim/share/turtlesim/srv/TeleportAbsolute_Response.msg
[26.551s] -- Installing: /home/yanlin/dev_ws/install/turtlesim/share/turtlesim/srv/TeleportRelative.srv
[26.551s] -- Installing: /home/yanlin/dev_ws/install/turtlesim/share/turtlesim/srv/TeleportRelative_Request.msg
[26.551s] -- Installing: /home/yanlin/dev_ws/install/turtlesim/share/turtlesim/srv/TeleportRelative_Response.msg
[26.552s] -- Installing: /home/yanlin/dev_ws/install/turtlesim/lib/turtlesim/turtlesim_node
[26.558s] -- Set runtime path of "/home/yanlin/dev_ws/install/turtlesim/lib/turtlesim/turtlesim_node" to ""
[26.558s] -- Installing: /home/yanlin/dev_ws/install/turtlesim/lib/turtlesim/turtle_teleop_key
[26.560s] -- Set runtime path of "/home/yanlin/dev_ws/install/turtlesim/lib/turtlesim/turtle_teleop_key" to ""
[26.560s] -- Installing: /home/yanlin/dev_ws/install/turtlesim/lib/turtlesim/draw_square
[26.564s] -- Set runtime path of "/home/yanlin/dev_ws/install/turtlesim/lib/turtlesim/draw_square" to ""
[26.564s] -- Installing: /home/yanlin/dev_ws/install/turtlesim/lib/turtlesim/mimic
[26.567s] -- Set runtime path of "/home/yanlin/dev_ws/install/turtlesim/lib/turtlesim/mimic" to ""
[26.567s] -- Installing: /home/yanlin/dev_ws/install/turtlesim/share/turtlesim/images
[26.567s] -- Installing: /home/yanlin/dev_ws/install/turtlesim/share/turtlesim/images/foxy.png
[26.567s] -- Installing: /home/yanlin/dev_ws/install/turtlesim/share/turtlesim/images/ardent.png
[26.568s] -- Installing: /home/yanlin/dev_ws/install/turtlesim/share/turtlesim/images/bouncy.png
[26.568s] -- Installing: /home/yanlin/dev_ws/install/turtlesim/share/turtlesim/images/dashing.png
[26.568s] -- Installing: /home/yanlin/dev_ws/install/turtlesim/share/turtlesim/images/crystal.png
[26.568s] -- Installing: /home/yanlin/dev_ws/install/turtlesim/share/turtlesim/images/eloquent.png
[26.568s] -- Installing: /home/yanlin/dev_ws/install/turtlesim/share/turtlesim/launch
[26.568s] -- Installing: /home/yanlin/dev_ws/install/turtlesim/share/turtlesim/launch/multisim.launch.py
[26.569s] -- Installing: /home/yanlin/dev_ws/install/turtlesim/share/ament_index/resource_index/package_run_dependencies/turtlesim
[26.569s] -- Installing: /home/yanlin/dev_ws/install/turtlesim/share/ament_index/resource_index/parent_prefix_path/turtlesim
[26.569s] -- Installing: /home/yanlin/dev_ws/install/turtlesim/share/turtlesim/environment/ament_prefix_path.sh
[26.572s] -- Installing: /home/yanlin/dev_ws/install/turtlesim/share/turtlesim/environment/ament_prefix_path.dsv
[26.572s] -- Installing: /home/yanlin/dev_ws/install/turtlesim/share/turtlesim/environment/path.sh
[26.573s] -- Installing: /home/yanlin/dev_ws/install/turtlesim/share/turtlesim/environment/path.dsv
[26.573s] -- Installing: /home/yanlin/dev_ws/install/turtlesim/share/turtlesim/local_setup.bash
[26.573s] -- Installing: /home/yanlin/dev_ws/install/turtlesim/share/turtlesim/local_setup.sh
[26.574s] -- Installing: /home/yanlin/dev_ws/install/turtlesim/share/turtlesim/local_setup.zsh
[26.574s] -- Installing: /home/yanlin/dev_ws/install/turtlesim/share/turtlesim/local_setup.dsv
[26.574s] -- Installing: /home/yanlin/dev_ws/install/turtlesim/share/turtlesim/package.dsv
[26.574s] -- Installing: /home/yanlin/dev_ws/install/turtlesim/share/ament_index/resource_index/packages/turtlesim
[26.574s] -- Installing: /home/yanlin/dev_ws/install/turtlesim/share/turtlesim/cmake/turtlesim__rosidl_generator_cExport.cmake
[26.574s] -- Installing: /home/yanlin/dev_ws/install/turtlesim/share/turtlesim/cmake/turtlesim__rosidl_generator_cExport-noconfig.cmake
[26.574s] -- Installing: /home/yanlin/dev_ws/install/turtlesim/share/turtlesim/cmake/turtlesim__rosidl_typesupport_introspection_cExport.cmake
[26.575s] -- Installing: /home/yanlin/dev_ws/install/turtlesim/share/turtlesim/cmake/turtlesim__rosidl_typesupport_introspection_cExport-noconfig.cmake
[26.575s] -- Installing: /home/yanlin/dev_ws/install/turtlesim/share/turtlesim/cmake/turtlesim__rosidl_typesupport_cExport.cmake
[26.575s] -- Installing: /home/yanlin/dev_ws/install/turtlesim/share/turtlesim/cmake/turtlesim__rosidl_typesupport_cExport-noconfig.cmake
[26.575s] -- Installing: /home/yanlin/dev_ws/install/turtlesim/share/turtlesim/cmake/turtlesim__rosidl_generator_cppExport.cmake
[26.576s] -- Installing: /home/yanlin/dev_ws/install/turtlesim/share/turtlesim/cmake/turtlesim__rosidl_typesupport_introspection_cppExport.cmake
[26.576s] -- Installing: /home/yanlin/dev_ws/install/turtlesim/share/turtlesim/cmake/turtlesim__rosidl_typesupport_introspection_cppExport-noconfig.cmake
[26.576s] -- Installing: /home/yanlin/dev_ws/install/turtlesim/share/turtlesim/cmake/turtlesim__rosidl_typesupport_cppExport.cmake
[26.576s] -- Installing: /home/yanlin/dev_ws/install/turtlesim/share/turtlesim/cmake/turtlesim__rosidl_typesupport_cppExport-noconfig.cmake
[26.577s] -- Installing: /home/yanlin/dev_ws/install/turtlesim/share/turtlesim/cmake/rosidl_cmake-extras.cmake
[26.577s] -- Installing: /home/yanlin/dev_ws/install/turtlesim/share/turtlesim/cmake/ament_cmake_export_dependencies-extras.cmake
[26.577s] -- Installing: /home/yanlin/dev_ws/install/turtlesim/share/turtlesim/cmake/ament_cmake_export_libraries-extras.cmake
[26.577s] -- Installing: /home/yanlin/dev_ws/install/turtlesim/share/turtlesim/cmake/ament_cmake_export_targets-extras.cmake
[26.577s] -- Installing: /home/yanlin/dev_ws/install/turtlesim/share/turtlesim/cmake/ament_cmake_export_include_directories-extras.cmake
[26.577s] -- Installing: /home/yanlin/dev_ws/install/turtlesim/share/turtlesim/cmake/rosidl_cmake_export_typesupport_libraries-extras.cmake
[26.578s] -- Installing: /home/yanlin/dev_ws/install/turtlesim/share/turtlesim/cmake/rosidl_cmake_export_typesupport_targets-extras.cmake
[26.578s] -- Installing: /home/yanlin/dev_ws/install/turtlesim/share/turtlesim/cmake/turtlesimConfig.cmake
[26.578s] -- Installing: /home/yanlin/dev_ws/install/turtlesim/share/turtlesim/cmake/turtlesimConfig-version.cmake
[26.578s] -- Installing: /home/yanlin/dev_ws/install/turtlesim/share/turtlesim/package.xml
[26.581s] Invoked command in '/home/yanlin/dev_ws/build/turtlesim' returned '0': CMAKE_PREFIX_PATH=/opt/ros/foxy /usr/bin/cmake --install /home/yanlin/dev_ws/build/turtlesim
