[0.009s] Invoking command in '/home/yanlin/dev_ws/build/cpp_parameters': CMAKE_PREFIX_PATH=${CMAKE_PREFIX_PATH}:/opt/ros/foxy /usr/bin/cmake /home/yanlin/dev_ws/src/cpp_parameters -DCMAKE_INSTALL_PREFIX=/home/yanlin/dev_ws/install/cpp_parameters
[0.058s] -- The C compiler identification is GNU 9.3.0
[0.101s] -- The CXX compiler identification is GNU 9.3.0
[0.105s] -- Check for working C compiler: /usr/bin/cc
[0.164s] -- Check for working C compiler: /usr/bin/cc -- works
[0.165s] -- Detecting C compiler ABI info
[0.222s] -- Detecting C compiler ABI info - done
[0.233s] -- Detecting C compile features
[0.233s] -- Detecting C compile features - done
[0.235s] -- Check for working CXX compiler: /usr/bin/c++
[0.301s] -- Check for working CXX compiler: /usr/bin/c++ -- works
[0.302s] -- Detecting CXX compiler ABI info
[0.366s] -- Detecting CXX compiler ABI info - done
[0.377s] -- Detecting CXX compile features
[0.377s] -- Detecting CXX compile features - done
[0.379s] -- Found ament_cmake: 0.9.8 (/opt/ros/foxy/share/ament_cmake/cmake)
[0.399s] -- Found PythonInterp: /usr/bin/python3 (found suitable version "3.8.5", minimum required is "3") 
[0.399s] -- Using PYTHON_EXECUTABLE: /usr/bin/python3
[0.560s] -- Found rclcpp: 2.3.0 (/opt/ros/foxy/share/rclcpp/cmake)
[0.597s] -- Using all available rosidl_typesupport_c: rosidl_typesupport_fastrtps_c;rosidl_typesupport_introspection_c
[0.603s] -- Found rosidl_adapter: 1.2.0 (/opt/ros/foxy/share/rosidl_adapter/cmake)
[0.660s] -- Found OpenSSL: /usr/lib/x86_64-linux-gnu/libcrypto.so (found version "1.1.1f")  
[0.677s] -- Found FastRTPS: /opt/ros/foxy/include  
[0.736s] -- Using all available rosidl_typesupport_cpp: rosidl_typesupport_fastrtps_cpp;rosidl_typesupport_introspection_cpp
[0.785s] -- Found rmw_implementation_cmake: 1.0.2 (/opt/ros/foxy/share/rmw_implementation_cmake/cmake)
[0.786s] -- Using RMW implementation 'rmw_fastrtps_cpp' as default
[0.787s] -- Looking for pthread.h
[0.845s] -- Looking for pthread.h - found
[0.845s] -- Performing Test CMAKE_HAVE_LIBC_PTHREAD
[0.907s] -- Performing Test CMAKE_HAVE_LIBC_PTHREAD - Failed
[0.908s] -- Looking for pthread_create in pthreads
[0.957s] -- Looking for pthread_create in pthreads - not found
[0.957s] -- Looking for pthread_create in pthread
[1.014s] -- Looking for pthread_create in pthread - found
[1.015s] -- Found Threads: TRUE  
[1.148s] -- Found ament_lint_auto: 0.9.6 (/opt/ros/foxy/share/ament_lint_auto/cmake)
[1.209s] -- Added test 'copyright' to check source files copyright and LICENSE
[1.210s] -- Added test 'cppcheck' to perform static code analysis on C / C++ code
[1.211s] -- Configured cppcheck include dirs: 
[1.211s] -- Configured cppcheck exclude dirs and/or files: 
[1.211s] -- Added test 'cpplint' to check C / C++ code against the Google style
[1.211s] -- Configured cpplint exclude dirs and/or files: 
[1.212s] -- Added test 'lint_cmake' to check CMake code style
[1.213s] -- Added test 'uncrustify' to check C / C++ code style
[1.213s] -- Configured uncrustify additional arguments: 
[1.213s] -- Added test 'xmllint' to check XML markup files
[1.216s] -- Configuring done
[1.221s] -- Generating done
[1.222s] -- Build files have been written to: /home/yanlin/dev_ws/build/cpp_parameters
[1.227s] Invoked command in '/home/yanlin/dev_ws/build/cpp_parameters' returned '0': CMAKE_PREFIX_PATH=${CMAKE_PREFIX_PATH}:/opt/ros/foxy /usr/bin/cmake /home/yanlin/dev_ws/src/cpp_parameters -DCMAKE_INSTALL_PREFIX=/home/yanlin/dev_ws/install/cpp_parameters
[1.230s] Invoking command in '/home/yanlin/dev_ws/build/cpp_parameters': CMAKE_PREFIX_PATH=${CMAKE_PREFIX_PATH}:/opt/ros/foxy /usr/bin/cmake --build /home/yanlin/dev_ws/build/cpp_parameters -- -j8 -l8
[1.265s] [35m[1mScanning dependencies of target parameter_node[0m
[1.293s] [ 50%] [32mBuilding CXX object CMakeFiles/parameter_node.dir/src/cpp_parameters_node.cpp.o[0m
[2.838s] [100%] [32m[1mLinking CXX executable parameter_node[0m
[2.943s] [100%] Built target parameter_node
[2.955s] Invoked command in '/home/yanlin/dev_ws/build/cpp_parameters' returned '0': CMAKE_PREFIX_PATH=${CMAKE_PREFIX_PATH}:/opt/ros/foxy /usr/bin/cmake --build /home/yanlin/dev_ws/build/cpp_parameters -- -j8 -l8
[2.989s] Invoking command in '/home/yanlin/dev_ws/build/cpp_parameters': CMAKE_PREFIX_PATH=${CMAKE_PREFIX_PATH}:/opt/ros/foxy /usr/bin/cmake --install /home/yanlin/dev_ws/build/cpp_parameters
[2.998s] -- Install configuration: ""
[2.998s] -- Installing: /home/yanlin/dev_ws/install/cpp_parameters/lib/cpp_parameters/parameter_node
[2.999s] -- Set runtime path of "/home/yanlin/dev_ws/install/cpp_parameters/lib/cpp_parameters/parameter_node" to ""
[2.999s] -- Installing: /home/yanlin/dev_ws/install/cpp_parameters/share/ament_index/resource_index/package_run_dependencies/cpp_parameters
[2.999s] -- Installing: /home/yanlin/dev_ws/install/cpp_parameters/share/ament_index/resource_index/parent_prefix_path/cpp_parameters
[2.999s] -- Installing: /home/yanlin/dev_ws/install/cpp_parameters/share/cpp_parameters/environment/ament_prefix_path.sh
[2.999s] -- Installing: /home/yanlin/dev_ws/install/cpp_parameters/share/cpp_parameters/environment/ament_prefix_path.dsv
[2.999s] -- Installing: /home/yanlin/dev_ws/install/cpp_parameters/share/cpp_parameters/environment/path.sh
[3.000s] -- Installing: /home/yanlin/dev_ws/install/cpp_parameters/share/cpp_parameters/environment/path.dsv
[3.000s] -- Installing: /home/yanlin/dev_ws/install/cpp_parameters/share/cpp_parameters/local_setup.bash
[3.000s] -- Installing: /home/yanlin/dev_ws/install/cpp_parameters/share/cpp_parameters/local_setup.sh
[3.000s] -- Installing: /home/yanlin/dev_ws/install/cpp_parameters/share/cpp_parameters/local_setup.zsh
[3.000s] -- Installing: /home/yanlin/dev_ws/install/cpp_parameters/share/cpp_parameters/local_setup.dsv
[3.000s] -- Installing: /home/yanlin/dev_ws/install/cpp_parameters/share/cpp_parameters/package.dsv
[3.000s] -- Installing: /home/yanlin/dev_ws/install/cpp_parameters/share/ament_index/resource_index/packages/cpp_parameters
[3.000s] -- Installing: /home/yanlin/dev_ws/install/cpp_parameters/share/cpp_parameters/cmake/cpp_parametersConfig.cmake
[3.000s] -- Installing: /home/yanlin/dev_ws/install/cpp_parameters/share/cpp_parameters/cmake/cpp_parametersConfig-version.cmake
[3.001s] -- Installing: /home/yanlin/dev_ws/install/cpp_parameters/share/cpp_parameters/package.xml
[3.003s] Invoked command in '/home/yanlin/dev_ws/build/cpp_parameters' returned '0': CMAKE_PREFIX_PATH=${CMAKE_PREFIX_PATH}:/opt/ros/foxy /usr/bin/cmake --install /home/yanlin/dev_ws/build/cpp_parameters
