[0.014s] Invoking command in '/home/yanlin/dev_ws/build/cpp_pubsub': AMENT_PREFIX_PATH=/home/yanlin/dev_ws/install/tutorial_interfaces:${AMENT_PREFIX_PATH} CMAKE_PREFIX_PATH=/home/yanlin/dev_ws/install/tutorial_interfaces:/opt/ros/foxy LD_LIBRARY_PATH=/home/yanlin/dev_ws/install/tutorial_interfaces/lib:${LD_LIBRARY_PATH} PYTHONPATH=/home/yanlin/dev_ws/install/tutorial_interfaces/lib/python3.8/site-packages:${PYTHONPATH} /usr/bin/cmake --build /home/yanlin/dev_ws/build/cpp_pubsub -- -j8 -l8
[0.049s] [35m[1mScanning dependencies of target talker[0m
[0.049s] [35m[1mScanning dependencies of target listener[0m
[0.072s] [ 25%] [32mBuilding CXX object CMakeFiles/listener.dir/src/subscriber_member_function.cpp.o[0m
[0.073s] [ 50%] [32mBuilding CXX object CMakeFiles/talker.dir/src/publisher_member_function.cpp.o[0m
[2.630s] [ 75%] [32m[1mLinking CXX executable talker[0m
[2.782s] [ 75%] Built target talker
[4.069s] [100%] [32m[1mLinking CXX executable listener[0m
[4.284s] [100%] Built target listener
[4.295s] Invoked command in '/home/yanlin/dev_ws/build/cpp_pubsub' returned '0': AMENT_PREFIX_PATH=/home/yanlin/dev_ws/install/tutorial_interfaces:${AMENT_PREFIX_PATH} CMAKE_PREFIX_PATH=/home/yanlin/dev_ws/install/tutorial_interfaces:/opt/ros/foxy LD_LIBRARY_PATH=/home/yanlin/dev_ws/install/tutorial_interfaces/lib:${LD_LIBRARY_PATH} PYTHONPATH=/home/yanlin/dev_ws/install/tutorial_interfaces/lib/python3.8/site-packages:${PYTHONPATH} /usr/bin/cmake --build /home/yanlin/dev_ws/build/cpp_pubsub -- -j8 -l8
[4.329s] Invoking command in '/home/yanlin/dev_ws/build/cpp_pubsub': AMENT_PREFIX_PATH=/home/yanlin/dev_ws/install/tutorial_interfaces:${AMENT_PREFIX_PATH} CMAKE_PREFIX_PATH=/home/yanlin/dev_ws/install/tutorial_interfaces:/opt/ros/foxy LD_LIBRARY_PATH=/home/yanlin/dev_ws/install/tutorial_interfaces/lib:${LD_LIBRARY_PATH} PYTHONPATH=/home/yanlin/dev_ws/install/tutorial_interfaces/lib/python3.8/site-packages:${PYTHONPATH} /usr/bin/cmake --install /home/yanlin/dev_ws/build/cpp_pubsub
[4.339s] -- Install configuration: ""
[4.339s] -- Installing: /home/yanlin/dev_ws/install/cpp_pubsub/lib/cpp_pubsub/talker
[4.340s] -- Set runtime path of "/home/yanlin/dev_ws/install/cpp_pubsub/lib/cpp_pubsub/talker" to ""
[4.340s] -- Installing: /home/yanlin/dev_ws/install/cpp_pubsub/lib/cpp_pubsub/listener
[4.342s] -- Set runtime path of "/home/yanlin/dev_ws/install/cpp_pubsub/lib/cpp_pubsub/listener" to ""
[4.343s] -- Installing: /home/yanlin/dev_ws/install/cpp_pubsub/share/ament_index/resource_index/package_run_dependencies/cpp_pubsub
[4.343s] -- Installing: /home/yanlin/dev_ws/install/cpp_pubsub/share/ament_index/resource_index/parent_prefix_path/cpp_pubsub
[4.343s] -- Up-to-date: /home/yanlin/dev_ws/install/cpp_pubsub/share/cpp_pubsub/environment/ament_prefix_path.sh
[4.343s] -- Installing: /home/yanlin/dev_ws/install/cpp_pubsub/share/cpp_pubsub/environment/ament_prefix_path.dsv
[4.343s] -- Up-to-date: /home/yanlin/dev_ws/install/cpp_pubsub/share/cpp_pubsub/environment/path.sh
[4.343s] -- Installing: /home/yanlin/dev_ws/install/cpp_pubsub/share/cpp_pubsub/environment/path.dsv
[4.343s] -- Up-to-date: /home/yanlin/dev_ws/install/cpp_pubsub/share/cpp_pubsub/local_setup.bash
[4.343s] -- Up-to-date: /home/yanlin/dev_ws/install/cpp_pubsub/share/cpp_pubsub/local_setup.sh
[4.344s] -- Up-to-date: /home/yanlin/dev_ws/install/cpp_pubsub/share/cpp_pubsub/local_setup.zsh
[4.344s] -- Installing: /home/yanlin/dev_ws/install/cpp_pubsub/share/cpp_pubsub/local_setup.dsv
[4.344s] -- Installing: /home/yanlin/dev_ws/install/cpp_pubsub/share/cpp_pubsub/package.dsv
[4.344s] -- Up-to-date: /home/yanlin/dev_ws/install/cpp_pubsub/share/ament_index/resource_index/packages/cpp_pubsub
[4.344s] -- Up-to-date: /home/yanlin/dev_ws/install/cpp_pubsub/share/cpp_pubsub/cmake/cpp_pubsubConfig.cmake
[4.344s] -- Up-to-date: /home/yanlin/dev_ws/install/cpp_pubsub/share/cpp_pubsub/cmake/cpp_pubsubConfig-version.cmake
[4.344s] -- Installing: /home/yanlin/dev_ws/install/cpp_pubsub/share/cpp_pubsub/package.xml
[4.346s] Invoked command in '/home/yanlin/dev_ws/build/cpp_pubsub' returned '0': AMENT_PREFIX_PATH=/home/yanlin/dev_ws/install/tutorial_interfaces:${AMENT_PREFIX_PATH} CMAKE_PREFIX_PATH=/home/yanlin/dev_ws/install/tutorial_interfaces:/opt/ros/foxy LD_LIBRARY_PATH=/home/yanlin/dev_ws/install/tutorial_interfaces/lib:${LD_LIBRARY_PATH} PYTHONPATH=/home/yanlin/dev_ws/install/tutorial_interfaces/lib/python3.8/site-packages:${PYTHONPATH} /usr/bin/cmake --install /home/yanlin/dev_ws/build/cpp_pubsub
