[0.011s] Invoking command in '/home/yanlin/dev_ws/build/my_package': CMAKE_PREFIX_PATH=/opt/ros/foxy /usr/bin/cmake --build /home/yanlin/dev_ws/build/my_package -- -j8 -l8
[0.034s] -- Found ament_cmake: 0.9.8 (/opt/ros/foxy/share/ament_cmake/cmake)
[0.052s] -- Using PYTHON_EXECUTABLE: /usr/bin/python3
[0.195s] -- Found ament_lint_auto: 0.9.6 (/opt/ros/foxy/share/ament_lint_auto/cmake)
[0.247s] -- Added test 'copyright' to check source files copyright and LICENSE
[0.248s] -- Added test 'cppcheck' to perform static code analysis on C / C++ code
[0.248s] -- Configured cppcheck include dirs: $<BUILD_INTERFACE:/home/yanlin/dev_ws/src/my_package/include>
[0.248s] -- Configured cppcheck exclude dirs and/or files: 
[0.249s] -- Added test 'cpplint' to check C / C++ code against the Google style
[0.249s] -- Configured cpplint exclude dirs and/or files: 
[0.249s] -- Added test 'lint_cmake' to check CMake code style
[0.250s] -- Added test 'uncrustify' to check C / C++ code style
[0.250s] -- Configured uncrustify additional arguments: 
[0.250s] -- Added test 'xmllint' to check XML markup files
[0.251s] -- Configuring done
[0.254s] -- Generating done
[0.255s] -- Build files have been written to: /home/yanlin/dev_ws/build/my_package
[0.279s] [100%] Built target my_node
[0.287s] Invoked command in '/home/yanlin/dev_ws/build/my_package' returned '0': CMAKE_PREFIX_PATH=/opt/ros/foxy /usr/bin/cmake --build /home/yanlin/dev_ws/build/my_package -- -j8 -l8
[0.316s] Invoking command in '/home/yanlin/dev_ws/build/my_package': CMAKE_PREFIX_PATH=/opt/ros/foxy /usr/bin/cmake --install /home/yanlin/dev_ws/build/my_package
[0.323s] -- Install configuration: ""
[0.324s] -- Up-to-date: /home/yanlin/dev_ws/install/my_package/lib/my_package/my_node
[0.324s] -- Up-to-date: /home/yanlin/dev_ws/install/my_package/share/ament_index/resource_index/package_run_dependencies/my_package
[0.324s] -- Up-to-date: /home/yanlin/dev_ws/install/my_package/share/ament_index/resource_index/parent_prefix_path/my_package
[0.324s] -- Up-to-date: /home/yanlin/dev_ws/install/my_package/share/my_package/environment/ament_prefix_path.sh
[0.324s] -- Installing: /home/yanlin/dev_ws/install/my_package/share/my_package/environment/ament_prefix_path.dsv
[0.324s] -- Up-to-date: /home/yanlin/dev_ws/install/my_package/share/my_package/environment/path.sh
[0.325s] -- Installing: /home/yanlin/dev_ws/install/my_package/share/my_package/environment/path.dsv
[0.325s] -- Up-to-date: /home/yanlin/dev_ws/install/my_package/share/my_package/local_setup.bash
[0.325s] -- Up-to-date: /home/yanlin/dev_ws/install/my_package/share/my_package/local_setup.sh
[0.325s] -- Up-to-date: /home/yanlin/dev_ws/install/my_package/share/my_package/local_setup.zsh
[0.325s] -- Installing: /home/yanlin/dev_ws/install/my_package/share/my_package/local_setup.dsv
[0.325s] -- Installing: /home/yanlin/dev_ws/install/my_package/share/my_package/package.dsv
[0.325s] -- Up-to-date: /home/yanlin/dev_ws/install/my_package/share/ament_index/resource_index/packages/my_package
[0.325s] -- Up-to-date: /home/yanlin/dev_ws/install/my_package/share/my_package/cmake/my_packageConfig.cmake
[0.326s] -- Up-to-date: /home/yanlin/dev_ws/install/my_package/share/my_package/cmake/my_packageConfig-version.cmake
[0.326s] -- Installing: /home/yanlin/dev_ws/install/my_package/share/my_package/package.xml
[0.327s] Invoked command in '/home/yanlin/dev_ws/build/my_package' returned '0': CMAKE_PREFIX_PATH=/opt/ros/foxy /usr/bin/cmake --install /home/yanlin/dev_ws/build/my_package
