[0.013s] Invoking command in '/home/yanlin/dev_ws/build/cpp_srvcli': AMENT_PREFIX_PATH=/home/yanlin/dev_ws/install/tutorial_interfaces:${AMENT_PREFIX_PATH} CMAKE_PREFIX_PATH=/home/yanlin/dev_ws/install/tutorial_interfaces:/opt/ros/foxy LD_LIBRARY_PATH=/home/yanlin/dev_ws/install/tutorial_interfaces/lib:${LD_LIBRARY_PATH} PYTHONPATH=/home/yanlin/dev_ws/install/tutorial_interfaces/lib/python3.8/site-packages:${PYTHONPATH} /usr/bin/cmake --build /home/yanlin/dev_ws/build/cpp_srvcli -- -j8 -l8
[0.035s] -- Found ament_cmake: 0.9.8 (/opt/ros/foxy/share/ament_cmake/cmake)
[0.054s] -- Using PYTHON_EXECUTABLE: /usr/bin/python3
[0.197s] -- Found rclcpp: 2.3.0 (/opt/ros/foxy/share/rclcpp/cmake)
[0.223s] -- Using all available rosidl_typesupport_c: rosidl_typesupport_fastrtps_c;rosidl_typesupport_introspection_c
[0.227s] -- Found rosidl_adapter: 1.2.0 (/opt/ros/foxy/share/rosidl_adapter/cmake)
[0.307s] -- Using all available rosidl_typesupport_cpp: rosidl_typesupport_fastrtps_cpp;rosidl_typesupport_introspection_cpp
[0.349s] -- Found rmw_implementation_cmake: 1.0.2 (/opt/ros/foxy/share/rmw_implementation_cmake/cmake)
[0.350s] -- Using RMW implementation 'rmw_fastrtps_cpp' as default
[0.470s] -- Found example_interfaces: 0.9.0 (/opt/ros/foxy/share/example_interfaces/cmake)
[0.562s] -- Found tutorial_interfaces: 0.0.0 (/home/yanlin/dev_ws/install/tutorial_interfaces/share/tutorial_interfaces/cmake)
[0.570s] -- Found ament_lint_auto: 0.9.6 (/opt/ros/foxy/share/ament_lint_auto/cmake)
[0.620s] -- Added test 'copyright' to check source files copyright and LICENSE
[0.621s] -- Added test 'cppcheck' to perform static code analysis on C / C++ code
[0.621s] -- Configured cppcheck include dirs: 
[0.621s] -- Configured cppcheck exclude dirs and/or files: 
[0.622s] -- Added test 'cpplint' to check C / C++ code against the Google style
[0.622s] -- Configured cpplint exclude dirs and/or files: 
[0.622s] -- Added test 'lint_cmake' to check CMake code style
[0.623s] -- Added test 'uncrustify' to check C / C++ code style
[0.623s] -- Configured uncrustify additional arguments: 
[0.623s] -- Added test 'xmllint' to check XML markup files
[0.625s] -- Configuring done
[0.634s] -- Generating done
[0.636s] -- Build files have been written to: /home/yanlin/dev_ws/build/cpp_srvcli
[0.656s] [35m[1mScanning dependencies of target client[0m
[0.656s] [35m[1mScanning dependencies of target server[0m
[0.681s] [ 50%] [32mBuilding CXX object CMakeFiles/server.dir/src/add_two_ints_server.cpp.o[0m
[0.681s] [ 50%] [32mBuilding CXX object CMakeFiles/client.dir/src/add_two_ints_client.cpp.o[0m
[1.730s] [01m[K/home/yanlin/dev_ws/src/cpp_srvcli/src/add_two_ints_server.cpp:[m[K In function ‘[01m[Kvoid add(std::shared_ptr<tutorial_interfaces::srv::AddThreeInts_Request_<std::allocator<void> > >, std::shared_ptr<tutorial_interfaces::srv::AddThreeInts_Response_<std::allocator<void> > >)[m[K’:
[1.730s] [01m[K/home/yanlin/dev_ws/src/cpp_srvcli/src/add_two_ints_server.cpp:9:45:[m[K [01;31m[Kerror: [m[K‘[01m[Krequese[m[K’ was not declared in this scope; did you mean ‘[01m[Krequest[m[K’?
[1.730s]     9 |   response->sum = request->a + request->b + [01;31m[Krequese[m[K->c;
[1.730s]       |                                             [01;31m[K^~~~~~~[m[K
[1.730s]       |                                             [32m[Krequest[m[K
[2.098s] make[2]: *** [CMakeFiles/server.dir/build.make:63: CMakeFiles/server.dir/src/add_two_ints_server.cpp.o] Error 1
[2.098s] make[1]: *** [CMakeFiles/Makefile2:107: CMakeFiles/server.dir/all] Error 2
[2.098s] make[1]: *** Waiting for unfinished jobs....
[2.590s] [ 75%] [32m[1mLinking CXX executable client[0m
[2.714s] [ 75%] Built target client
[2.714s] make: *** [Makefile:141: all] Error 2
[2.716s] Invoked command in '/home/yanlin/dev_ws/build/cpp_srvcli' returned '2': AMENT_PREFIX_PATH=/home/yanlin/dev_ws/install/tutorial_interfaces:${AMENT_PREFIX_PATH} CMAKE_PREFIX_PATH=/home/yanlin/dev_ws/install/tutorial_interfaces:/opt/ros/foxy LD_LIBRARY_PATH=/home/yanlin/dev_ws/install/tutorial_interfaces/lib:${LD_LIBRARY_PATH} PYTHONPATH=/home/yanlin/dev_ws/install/tutorial_interfaces/lib/python3.8/site-packages:${PYTHONPATH} /usr/bin/cmake --build /home/yanlin/dev_ws/build/cpp_srvcli -- -j8 -l8
