[0.009s] Invoking command in '/home/yanlin/dev_ws/build/more_interfaces': CMAKE_PREFIX_PATH=${CMAKE_PREFIX_PATH}:/opt/ros/foxy /usr/bin/cmake /home/yanlin/dev_ws/src/more_interfaces -DCMAKE_INSTALL_PREFIX=/home/yanlin/dev_ws/install/more_interfaces
[0.452s] -- The C compiler identification is GNU 9.3.0
[0.514s] -- The CXX compiler identification is GNU 9.3.0
[0.518s] -- Check for working C compiler: /usr/bin/cc
[0.575s] -- Check for working C compiler: /usr/bin/cc -- works
[0.575s] -- Detecting C compiler ABI info
[0.632s] -- Detecting C compiler ABI info - done
[0.643s] -- Detecting C compile features
[0.643s] -- Detecting C compile features - done
[0.645s] -- Check for working CXX compiler: /usr/bin/c++
[0.708s] -- Check for working CXX compiler: /usr/bin/c++ -- works
[0.709s] -- Detecting CXX compiler ABI info
[0.775s] -- Detecting CXX compiler ABI info - done
[0.786s] -- Detecting CXX compile features
[0.786s] -- Detecting CXX compile features - done
[0.788s] -- Found ament_cmake: 0.9.8 (/opt/ros/foxy/share/ament_cmake/cmake)
[0.809s] -- Found PythonInterp: /usr/bin/python3 (found suitable version "3.8.5", minimum required is "3") 
[0.809s] -- Using PYTHON_EXECUTABLE: /usr/bin/python3
[0.969s] -- Found rosidl_default_generators: 1.0.0 (/opt/ros/foxy/share/rosidl_default_generators/cmake)
[0.972s] -- Using all available rosidl_typesupport_c: rosidl_typesupport_fastrtps_c;rosidl_typesupport_introspection_c
[0.978s] -- Found rosidl_adapter: 1.2.0 (/opt/ros/foxy/share/rosidl_adapter/cmake)
[1.048s] -- Found OpenSSL: /usr/lib/x86_64-linux-gnu/libcrypto.so (found version "1.1.1f")  
[1.065s] -- Found FastRTPS: /opt/ros/foxy/include  
[1.124s] -- Using all available rosidl_typesupport_cpp: rosidl_typesupport_fastrtps_cpp;rosidl_typesupport_introspection_cpp
[1.148s] -- Found rclcpp: 2.3.0 (/opt/ros/foxy/share/rclcpp/cmake)
[1.201s] -- Found rmw_implementation_cmake: 1.0.2 (/opt/ros/foxy/share/rmw_implementation_cmake/cmake)
[1.202s] -- Using RMW implementation 'rmw_fastrtps_cpp' as default
[1.203s] -- Looking for pthread.h
[1.261s] -- Looking for pthread.h - found
[1.261s] -- Performing Test CMAKE_HAVE_LIBC_PTHREAD
[1.322s] -- Performing Test CMAKE_HAVE_LIBC_PTHREAD - Failed
[1.322s] -- Looking for pthread_create in pthreads
[1.372s] -- Looking for pthread_create in pthreads - not found
[1.372s] -- Looking for pthread_create in pthread
[1.431s] -- Looking for pthread_create in pthread - found
[1.432s] -- Found Threads: TRUE  
[1.582s] -- Found PythonInterp: /usr/bin/python3 (found version "3.8.5") 
[1.678s] -- Found ament_cmake_ros: 0.9.1 (/opt/ros/foxy/share/ament_cmake_ros/cmake)
[1.745s] -- Using all available rosidl_typesupport_c: rosidl_typesupport_fastrtps_c;rosidl_typesupport_introspection_c
[1.751s] -- Using all available rosidl_typesupport_cpp: rosidl_typesupport_fastrtps_cpp;rosidl_typesupport_introspection_cpp
[1.770s] -- Found PythonInterp: /usr/bin/python3 (found suitable version "3.8.5", minimum required is "3.5") 
[1.771s] -- Found python_cmake_module: 0.8.0 (/opt/ros/foxy/share/python_cmake_module/cmake)
[1.792s] -- Found PythonLibs: /usr/lib/x86_64-linux-gnu/libpython3.8.so (found suitable version "3.8.5", minimum required is "3.5") 
[1.792s] -- Using PYTHON_EXECUTABLE: /usr/bin/python3
[1.792s] -- Using PYTHON_INCLUDE_DIRS: /usr/include/python3.8
[1.792s] -- Using PYTHON_LIBRARIES: /usr/lib/x86_64-linux-gnu/libpython3.8.so
[1.810s] -- Found PythonExtra: .so  
[1.847s] -- Found ament_lint_auto: 0.9.6 (/opt/ros/foxy/share/ament_lint_auto/cmake)
[1.865s] -- Added test 'copyright' to check source files copyright and LICENSE
[1.866s] -- Added test 'cppcheck' to perform static code analysis on C / C++ code
[1.867s] -- Configured cppcheck include dirs: 
[1.867s] -- Configured cppcheck exclude dirs and/or files: 
[1.868s] -- Added test 'cpplint' to check C / C++ code against the Google style
[1.868s] -- Configured cpplint exclude dirs and/or files: 
[1.868s] -- Added test 'lint_cmake' to check CMake code style
[1.869s] -- Added test 'uncrustify' to check C / C++ code style
[1.869s] -- Configured uncrustify additional arguments: 
[1.870s] -- Added test 'xmllint' to check XML markup files
[1.874s] -- Configuring done
[1.916s] -- Generating done
[1.919s] -- Build files have been written to: /home/yanlin/dev_ws/build/more_interfaces
[1.925s] Invoked command in '/home/yanlin/dev_ws/build/more_interfaces' returned '0': CMAKE_PREFIX_PATH=${CMAKE_PREFIX_PATH}:/opt/ros/foxy /usr/bin/cmake /home/yanlin/dev_ws/src/more_interfaces -DCMAKE_INSTALL_PREFIX=/home/yanlin/dev_ws/install/more_interfaces
[1.927s] Invoking command in '/home/yanlin/dev_ws/build/more_interfaces': CMAKE_PREFIX_PATH=${CMAKE_PREFIX_PATH}:/opt/ros/foxy /usr/bin/cmake --build /home/yanlin/dev_ws/build/more_interfaces -- -j8 -l8
[1.963s] [  3%] [34m[1mGenerating C code for ROS interfaces[0m
[1.963s] [35m[1mScanning dependencies of target more_interfaces__cpp[0m
[1.972s] [  6%] [34m[1mGenerating C++ code for ROS interfaces[0m
[2.160s] [35m[1mScanning dependencies of target more_interfaces__rosidl_generator_c[0m
[2.166s] [  6%] Built target more_interfaces__cpp
[2.172s] [  9%] [32mBuilding C object CMakeFiles/more_interfaces__rosidl_generator_c.dir/rosidl_generator_c/more_interfaces/msg/detail/address_book__functions.c.o[0m
[2.175s] [ 12%] [34m[1mGenerating C++ introspection for ROS interfaces[0m
[2.176s] [ 15%] [34m[1mGenerating C++ type support for eProsima Fast-RTPS[0m
[2.177s] [ 18%] [34m[1mGenerating C++ type support dispatch for ROS interfaces[0m
[2.210s] [ 21%] [32m[1mLinking C shared library libmore_interfaces__rosidl_generator_c.so[0m
[2.242s] [ 21%] Built target more_interfaces__rosidl_generator_c
[2.252s] [ 24%] [34m[1mGenerating C type support dispatch for ROS interfaces[0m
[2.260s] [ 27%] [34m[1mGenerating C introspection for ROS interfaces[0m
[2.379s] [35m[1mScanning dependencies of target more_interfaces__rosidl_typesupport_cpp[0m
[2.392s] [ 30%] [32mBuilding CXX object CMakeFiles/more_interfaces__rosidl_typesupport_cpp.dir/rosidl_typesupport_cpp/more_interfaces/msg/address_book__type_support.cpp.o[0m
[2.459s] [35m[1mScanning dependencies of target more_interfaces__rosidl_typesupport_c[0m
[2.472s] [ 33%] [32mBuilding CXX object CMakeFiles/more_interfaces__rosidl_typesupport_c.dir/rosidl_typesupport_c/more_interfaces/msg/address_book__type_support.cpp.o[0m
[2.493s] [35m[1mScanning dependencies of target more_interfaces__rosidl_typesupport_introspection_c[0m
[2.504s] [ 36%] [32m[1mLinking CXX shared library libmore_interfaces__rosidl_typesupport_c.so[0m
[2.509s] [ 39%] [32mBuilding C object CMakeFiles/more_interfaces__rosidl_typesupport_introspection_c.dir/rosidl_typesupport_introspection_c/more_interfaces/msg/detail/address_book__type_support.c.o[0m
[2.541s] [35m[1mScanning dependencies of target more_interfaces__rosidl_typesupport_introspection_cpp[0m
[2.550s] [35m[1mScanning dependencies of target more_interfaces__rosidl_typesupport_fastrtps_cpp[0m
[2.555s] [ 42%] [32m[1mLinking C shared library libmore_interfaces__rosidl_typesupport_introspection_c.so[0m
[2.556s] [ 45%] [32mBuilding CXX object CMakeFiles/more_interfaces__rosidl_typesupport_introspection_cpp.dir/rosidl_typesupport_introspection_cpp/more_interfaces/msg/detail/address_book__type_support.cpp.o[0m
[2.557s] [ 45%] Built target more_interfaces__rosidl_typesupport_c
[2.568s] [ 48%] [32mBuilding CXX object CMakeFiles/more_interfaces__rosidl_typesupport_fastrtps_cpp.dir/rosidl_typesupport_fastrtps_cpp/more_interfaces/msg/detail/dds_fastrtps/address_book__type_support.cpp.o[0m
[2.587s] [ 48%] Built target more_interfaces__rosidl_typesupport_introspection_c
[2.692s] [ 51%] [32m[1mLinking CXX shared library libmore_interfaces__rosidl_typesupport_cpp.so[0m
[2.729s] [ 51%] Built target more_interfaces__rosidl_typesupport_cpp
[2.808s] [ 54%] [32m[1mLinking CXX shared library libmore_interfaces__rosidl_typesupport_introspection_cpp.so[0m
[2.864s] [ 54%] Built target more_interfaces__rosidl_typesupport_introspection_cpp
[2.926s] [ 57%] [32m[1mLinking CXX shared library libmore_interfaces__rosidl_typesupport_fastrtps_cpp.so[0m
[2.993s] [ 57%] Built target more_interfaces__rosidl_typesupport_fastrtps_cpp
[3.002s] [ 60%] [34m[1mGenerating C type support for eProsima Fast-RTPS[0m
[3.180s] [35m[1mScanning dependencies of target more_interfaces__rosidl_typesupport_fastrtps_c[0m
[3.191s] [ 63%] [32mBuilding CXX object CMakeFiles/more_interfaces__rosidl_typesupport_fastrtps_c.dir/rosidl_typesupport_fastrtps_c/more_interfaces/msg/detail/address_book__type_support_c.cpp.o[0m
[3.477s] [ 66%] [32m[1mLinking CXX shared library libmore_interfaces__rosidl_typesupport_fastrtps_c.so[0m
[3.544s] [ 66%] Built target more_interfaces__rosidl_typesupport_fastrtps_c
[3.553s] [35m[1mScanning dependencies of target more_interfaces[0m
[3.562s] [ 66%] Built target more_interfaces
[3.571s] [35m[1mScanning dependencies of target more_interfaces__py[0m
[3.571s] [35m[1mScanning dependencies of target publish_address_book[0m
[3.580s] [ 69%] [34m[1mGenerating Python code for ROS interfaces[0m
[3.600s] [ 72%] [32mBuilding CXX object CMakeFiles/publish_address_book.dir/src/publish_address_book.cpp.o[0m
[3.914s] [ 72%] Built target more_interfaces__py
[3.923s] [35m[1mScanning dependencies of target more_interfaces__python[0m
[3.940s] [ 75%] [32mBuilding C object CMakeFiles/more_interfaces__python.dir/rosidl_generator_py/more_interfaces/msg/_address_book_s.c.o[0m
[4.014s] [ 78%] [32m[1mLinking C shared library rosidl_generator_py/more_interfaces/libmore_interfaces__python.so[0m
[4.048s] [ 78%] Built target more_interfaces__python
[4.057s] [35m[1mScanning dependencies of target more_interfaces__rosidl_typesupport_fastrtps_c__pyext[0m
[4.057s] [35m[1mScanning dependencies of target more_interfaces__rosidl_typesupport_introspection_c__pyext[0m
[4.059s] [35m[1mScanning dependencies of target more_interfaces__rosidl_typesupport_c__pyext[0m
[4.104s] [ 81%] [32mBuilding C object CMakeFiles/more_interfaces__rosidl_typesupport_introspection_c__pyext.dir/rosidl_generator_py/more_interfaces/_more_interfaces_s.ep.rosidl_typesupport_introspection_c.c.o[0m
[4.108s] [ 84%] [32mBuilding C object CMakeFiles/more_interfaces__rosidl_typesupport_fastrtps_c__pyext.dir/rosidl_generator_py/more_interfaces/_more_interfaces_s.ep.rosidl_typesupport_fastrtps_c.c.o[0m
[4.109s] [ 87%] [32mBuilding C object CMakeFiles/more_interfaces__rosidl_typesupport_c__pyext.dir/rosidl_generator_py/more_interfaces/_more_interfaces_s.ep.rosidl_typesupport_c.c.o[0m
[4.182s] [ 90%] [32m[1mLinking C shared library rosidl_generator_py/more_interfaces/more_interfaces_s__rosidl_typesupport_introspection_c.cpython-38-x86_64-linux-gnu.so[0m
[4.187s] [ 93%] [32m[1mLinking C shared library rosidl_generator_py/more_interfaces/more_interfaces_s__rosidl_typesupport_c.cpython-38-x86_64-linux-gnu.so[0m
[4.191s] [ 96%] [32m[1mLinking CXX shared library rosidl_generator_py/more_interfaces/more_interfaces_s__rosidl_typesupport_fastrtps_c.cpython-38-x86_64-linux-gnu.so[0m
[4.223s] [ 96%] Built target more_interfaces__rosidl_typesupport_introspection_c__pyext
[4.223s] [ 96%] Built target more_interfaces__rosidl_typesupport_c__pyext
[4.252s] [ 96%] Built target more_interfaces__rosidl_typesupport_fastrtps_c__pyext
[6.071s] [100%] [32m[1mLinking CXX executable publish_address_book[0m
[6.212s] [100%] Built target publish_address_book
[6.223s] Invoked command in '/home/yanlin/dev_ws/build/more_interfaces' returned '0': CMAKE_PREFIX_PATH=${CMAKE_PREFIX_PATH}:/opt/ros/foxy /usr/bin/cmake --build /home/yanlin/dev_ws/build/more_interfaces -- -j8 -l8
[6.277s] Invoking command in '/home/yanlin/dev_ws/build/more_interfaces': CMAKE_PREFIX_PATH=${CMAKE_PREFIX_PATH}:/opt/ros/foxy /usr/bin/cmake --install /home/yanlin/dev_ws/build/more_interfaces
[6.286s] -- Install configuration: ""
[6.286s] -- Installing: /home/yanlin/dev_ws/install/more_interfaces/share/ament_index/resource_index/rosidl_interfaces/more_interfaces
[6.286s] -- Installing: /home/yanlin/dev_ws/install/more_interfaces/include/more_interfaces
[6.286s] -- Installing: /home/yanlin/dev_ws/install/more_interfaces/include/more_interfaces/msg
[6.286s] -- Installing: /home/yanlin/dev_ws/install/more_interfaces/include/more_interfaces/msg/detail
[6.286s] -- Installing: /home/yanlin/dev_ws/install/more_interfaces/include/more_interfaces/msg/detail/address_book__functions.c
[6.286s] -- Installing: /home/yanlin/dev_ws/install/more_interfaces/include/more_interfaces/msg/detail/address_book__type_support.h
[6.287s] -- Installing: /home/yanlin/dev_ws/install/more_interfaces/include/more_interfaces/msg/detail/address_book__functions.h
[6.287s] -- Installing: /home/yanlin/dev_ws/install/more_interfaces/include/more_interfaces/msg/detail/address_book__struct.h
[6.287s] -- Installing: /home/yanlin/dev_ws/install/more_interfaces/include/more_interfaces/msg/address_book.h
[6.287s] -- Installing: /home/yanlin/dev_ws/install/more_interfaces/include/more_interfaces/msg/rosidl_generator_c__visibility_control.h
[6.287s] -- Installing: /home/yanlin/dev_ws/install/more_interfaces/share/more_interfaces/environment/library_path.sh
[6.287s] -- Installing: /home/yanlin/dev_ws/install/more_interfaces/share/more_interfaces/environment/library_path.dsv
[6.287s] -- Installing: /home/yanlin/dev_ws/install/more_interfaces/lib/libmore_interfaces__rosidl_generator_c.so
[6.287s] -- Set runtime path of "/home/yanlin/dev_ws/install/more_interfaces/lib/libmore_interfaces__rosidl_generator_c.so" to ""
[6.287s] -- Up-to-date: /home/yanlin/dev_ws/install/more_interfaces/include/more_interfaces
[6.287s] -- Up-to-date: /home/yanlin/dev_ws/install/more_interfaces/include/more_interfaces/msg
[6.287s] -- Up-to-date: /home/yanlin/dev_ws/install/more_interfaces/include/more_interfaces/msg/detail
[6.287s] -- Installing: /home/yanlin/dev_ws/install/more_interfaces/include/more_interfaces/msg/detail/address_book__rosidl_typesupport_fastrtps_c.h
[6.287s] -- Installing: /home/yanlin/dev_ws/install/more_interfaces/include/more_interfaces/msg/rosidl_typesupport_fastrtps_c__visibility_control.h
[6.287s] -- Installing: /home/yanlin/dev_ws/install/more_interfaces/lib/libmore_interfaces__rosidl_typesupport_fastrtps_c.so
[6.288s] -- Set runtime path of "/home/yanlin/dev_ws/install/more_interfaces/lib/libmore_interfaces__rosidl_typesupport_fastrtps_c.so" to ""
[6.288s] -- Up-to-date: /home/yanlin/dev_ws/install/more_interfaces/include/more_interfaces
[6.288s] -- Up-to-date: /home/yanlin/dev_ws/install/more_interfaces/include/more_interfaces/msg
[6.288s] -- Up-to-date: /home/yanlin/dev_ws/install/more_interfaces/include/more_interfaces/msg/detail
[6.288s] -- Installing: /home/yanlin/dev_ws/install/more_interfaces/include/more_interfaces/msg/detail/dds_fastrtps
[6.288s] -- Installing: /home/yanlin/dev_ws/install/more_interfaces/include/more_interfaces/msg/detail/address_book__rosidl_typesupport_fastrtps_cpp.hpp
[6.288s] -- Installing: /home/yanlin/dev_ws/install/more_interfaces/include/more_interfaces/msg/rosidl_typesupport_fastrtps_cpp__visibility_control.h
[6.288s] -- Installing: /home/yanlin/dev_ws/install/more_interfaces/lib/libmore_interfaces__rosidl_typesupport_fastrtps_cpp.so
[6.288s] -- Set runtime path of "/home/yanlin/dev_ws/install/more_interfaces/lib/libmore_interfaces__rosidl_typesupport_fastrtps_cpp.so" to ""
[6.289s] -- Up-to-date: /home/yanlin/dev_ws/install/more_interfaces/include/more_interfaces
[6.289s] -- Up-to-date: /home/yanlin/dev_ws/install/more_interfaces/include/more_interfaces/msg
[6.289s] -- Up-to-date: /home/yanlin/dev_ws/install/more_interfaces/include/more_interfaces/msg/detail
[6.289s] -- Installing: /home/yanlin/dev_ws/install/more_interfaces/include/more_interfaces/msg/detail/address_book__type_support.c
[6.289s] -- Installing: /home/yanlin/dev_ws/install/more_interfaces/include/more_interfaces/msg/detail/address_book__rosidl_typesupport_introspection_c.h
[6.289s] -- Installing: /home/yanlin/dev_ws/install/more_interfaces/include/more_interfaces/msg/rosidl_typesupport_introspection_c__visibility_control.h
[6.289s] -- Installing: /home/yanlin/dev_ws/install/more_interfaces/lib/libmore_interfaces__rosidl_typesupport_introspection_c.so
[6.289s] -- Set runtime path of "/home/yanlin/dev_ws/install/more_interfaces/lib/libmore_interfaces__rosidl_typesupport_introspection_c.so" to ""
[6.289s] -- Installing: /home/yanlin/dev_ws/install/more_interfaces/lib/libmore_interfaces__rosidl_typesupport_c.so
[6.290s] -- Set runtime path of "/home/yanlin/dev_ws/install/more_interfaces/lib/libmore_interfaces__rosidl_typesupport_c.so" to ""
[6.290s] -- Up-to-date: /home/yanlin/dev_ws/install/more_interfaces/include/more_interfaces
[6.290s] -- Up-to-date: /home/yanlin/dev_ws/install/more_interfaces/include/more_interfaces/msg
[6.290s] -- Up-to-date: /home/yanlin/dev_ws/install/more_interfaces/include/more_interfaces/msg/detail
[6.290s] -- Installing: /home/yanlin/dev_ws/install/more_interfaces/include/more_interfaces/msg/detail/address_book__builder.hpp
[6.290s] -- Installing: /home/yanlin/dev_ws/install/more_interfaces/include/more_interfaces/msg/detail/address_book__traits.hpp
[6.290s] -- Installing: /home/yanlin/dev_ws/install/more_interfaces/include/more_interfaces/msg/detail/address_book__struct.hpp
[6.290s] -- Installing: /home/yanlin/dev_ws/install/more_interfaces/include/more_interfaces/msg/address_book.hpp
[6.290s] -- Up-to-date: /home/yanlin/dev_ws/install/more_interfaces/include/more_interfaces
[6.290s] -- Up-to-date: /home/yanlin/dev_ws/install/more_interfaces/include/more_interfaces/msg
[6.290s] -- Up-to-date: /home/yanlin/dev_ws/install/more_interfaces/include/more_interfaces/msg/detail
[6.290s] -- Installing: /home/yanlin/dev_ws/install/more_interfaces/include/more_interfaces/msg/detail/address_book__rosidl_typesupport_introspection_cpp.hpp
[6.290s] -- Installing: /home/yanlin/dev_ws/install/more_interfaces/include/more_interfaces/msg/detail/address_book__type_support.cpp
[6.290s] -- Installing: /home/yanlin/dev_ws/install/more_interfaces/lib/libmore_interfaces__rosidl_typesupport_introspection_cpp.so
[6.291s] -- Set runtime path of "/home/yanlin/dev_ws/install/more_interfaces/lib/libmore_interfaces__rosidl_typesupport_introspection_cpp.so" to ""
[6.291s] -- Installing: /home/yanlin/dev_ws/install/more_interfaces/lib/libmore_interfaces__rosidl_typesupport_cpp.so
[6.291s] -- Set runtime path of "/home/yanlin/dev_ws/install/more_interfaces/lib/libmore_interfaces__rosidl_typesupport_cpp.so" to ""
[6.291s] -- Installing: /home/yanlin/dev_ws/install/more_interfaces/share/more_interfaces/environment/pythonpath.sh
[6.291s] -- Installing: /home/yanlin/dev_ws/install/more_interfaces/share/more_interfaces/environment/pythonpath.dsv
[6.292s] -- Installing: /home/yanlin/dev_ws/install/more_interfaces/lib/python3.8/site-packages/more_interfaces/__init__.py
[6.317s] Compiling '/home/yanlin/dev_ws/install/more_interfaces/lib/python3.8/site-packages/more_interfaces/__init__.py'...
[6.320s] -- Installing: /home/yanlin/dev_ws/install/more_interfaces/lib/python3.8/site-packages/more_interfaces/msg
[6.320s] -- Installing: /home/yanlin/dev_ws/install/more_interfaces/lib/python3.8/site-packages/more_interfaces/msg/__init__.py
[6.320s] -- Installing: /home/yanlin/dev_ws/install/more_interfaces/lib/python3.8/site-packages/more_interfaces/msg/_address_book.py
[6.321s] -- Installing: /home/yanlin/dev_ws/install/more_interfaces/lib/python3.8/site-packages/more_interfaces/msg/_address_book_s.c
[6.321s] -- Installing: /home/yanlin/dev_ws/install/more_interfaces/lib/python3.8/site-packages/more_interfaces/more_interfaces_s__rosidl_typesupport_fastrtps_c.cpython-38-x86_64-linux-gnu.so
[6.321s] -- Set runtime path of "/home/yanlin/dev_ws/install/more_interfaces/lib/python3.8/site-packages/more_interfaces/more_interfaces_s__rosidl_typesupport_fastrtps_c.cpython-38-x86_64-linux-gnu.so" to ""
[6.321s] -- Installing: /home/yanlin/dev_ws/install/more_interfaces/lib/python3.8/site-packages/more_interfaces/more_interfaces_s__rosidl_typesupport_introspection_c.cpython-38-x86_64-linux-gnu.so
[6.322s] -- Set runtime path of "/home/yanlin/dev_ws/install/more_interfaces/lib/python3.8/site-packages/more_interfaces/more_interfaces_s__rosidl_typesupport_introspection_c.cpython-38-x86_64-linux-gnu.so" to ""
[6.322s] -- Installing: /home/yanlin/dev_ws/install/more_interfaces/lib/python3.8/site-packages/more_interfaces/more_interfaces_s__rosidl_typesupport_c.cpython-38-x86_64-linux-gnu.so
[6.322s] -- Set runtime path of "/home/yanlin/dev_ws/install/more_interfaces/lib/python3.8/site-packages/more_interfaces/more_interfaces_s__rosidl_typesupport_c.cpython-38-x86_64-linux-gnu.so" to ""
[6.323s] -- Installing: /home/yanlin/dev_ws/install/more_interfaces/lib/libmore_interfaces__python.so
[6.323s] -- Set runtime path of "/home/yanlin/dev_ws/install/more_interfaces/lib/libmore_interfaces__python.so" to ""
[6.323s] -- Installing: /home/yanlin/dev_ws/install/more_interfaces/share/more_interfaces/msg/AddressBook.idl
[6.323s] -- Installing: /home/yanlin/dev_ws/install/more_interfaces/share/more_interfaces/msg/AddressBook.msg
[6.323s] -- Installing: /home/yanlin/dev_ws/install/more_interfaces/lib/more_interfaces/publish_address_book
[6.324s] -- Set runtime path of "/home/yanlin/dev_ws/install/more_interfaces/lib/more_interfaces/publish_address_book" to ""
[6.324s] -- Installing: /home/yanlin/dev_ws/install/more_interfaces/share/ament_index/resource_index/package_run_dependencies/more_interfaces
[6.324s] -- Installing: /home/yanlin/dev_ws/install/more_interfaces/share/ament_index/resource_index/parent_prefix_path/more_interfaces
[6.325s] -- Installing: /home/yanlin/dev_ws/install/more_interfaces/share/more_interfaces/environment/ament_prefix_path.sh
[6.325s] -- Installing: /home/yanlin/dev_ws/install/more_interfaces/share/more_interfaces/environment/ament_prefix_path.dsv
[6.325s] -- Installing: /home/yanlin/dev_ws/install/more_interfaces/share/more_interfaces/environment/path.sh
[6.325s] -- Installing: /home/yanlin/dev_ws/install/more_interfaces/share/more_interfaces/environment/path.dsv
[6.325s] -- Installing: /home/yanlin/dev_ws/install/more_interfaces/share/more_interfaces/local_setup.bash
[6.325s] -- Installing: /home/yanlin/dev_ws/install/more_interfaces/share/more_interfaces/local_setup.sh
[6.325s] -- Installing: /home/yanlin/dev_ws/install/more_interfaces/share/more_interfaces/local_setup.zsh
[6.325s] -- Installing: /home/yanlin/dev_ws/install/more_interfaces/share/more_interfaces/local_setup.dsv
[6.325s] -- Installing: /home/yanlin/dev_ws/install/more_interfaces/share/more_interfaces/package.dsv
[6.325s] -- Installing: /home/yanlin/dev_ws/install/more_interfaces/share/ament_index/resource_index/packages/more_interfaces
[6.326s] -- Installing: /home/yanlin/dev_ws/install/more_interfaces/share/more_interfaces/cmake/more_interfaces__rosidl_generator_cExport.cmake
[6.326s] -- Installing: /home/yanlin/dev_ws/install/more_interfaces/share/more_interfaces/cmake/more_interfaces__rosidl_generator_cExport-noconfig.cmake
[6.326s] -- Installing: /home/yanlin/dev_ws/install/more_interfaces/share/more_interfaces/cmake/more_interfaces__rosidl_typesupport_introspection_cExport.cmake
[6.326s] -- Installing: /home/yanlin/dev_ws/install/more_interfaces/share/more_interfaces/cmake/more_interfaces__rosidl_typesupport_introspection_cExport-noconfig.cmake
[6.326s] -- Installing: /home/yanlin/dev_ws/install/more_interfaces/share/more_interfaces/cmake/more_interfaces__rosidl_typesupport_cExport.cmake
[6.327s] -- Installing: /home/yanlin/dev_ws/install/more_interfaces/share/more_interfaces/cmake/more_interfaces__rosidl_typesupport_cExport-noconfig.cmake
[6.327s] -- Installing: /home/yanlin/dev_ws/install/more_interfaces/share/more_interfaces/cmake/more_interfaces__rosidl_generator_cppExport.cmake
[6.327s] -- Installing: /home/yanlin/dev_ws/install/more_interfaces/share/more_interfaces/cmake/more_interfaces__rosidl_typesupport_introspection_cppExport.cmake
[6.327s] -- Installing: /home/yanlin/dev_ws/install/more_interfaces/share/more_interfaces/cmake/more_interfaces__rosidl_typesupport_introspection_cppExport-noconfig.cmake
[6.327s] -- Installing: /home/yanlin/dev_ws/install/more_interfaces/share/more_interfaces/cmake/more_interfaces__rosidl_typesupport_cppExport.cmake
[6.327s] -- Installing: /home/yanlin/dev_ws/install/more_interfaces/share/more_interfaces/cmake/more_interfaces__rosidl_typesupport_cppExport-noconfig.cmake
[6.327s] -- Installing: /home/yanlin/dev_ws/install/more_interfaces/share/more_interfaces/cmake/rosidl_cmake-extras.cmake
[6.327s] -- Installing: /home/yanlin/dev_ws/install/more_interfaces/share/more_interfaces/cmake/ament_cmake_export_dependencies-extras.cmake
[6.327s] -- Installing: /home/yanlin/dev_ws/install/more_interfaces/share/more_interfaces/cmake/ament_cmake_export_libraries-extras.cmake
[6.327s] -- Installing: /home/yanlin/dev_ws/install/more_interfaces/share/more_interfaces/cmake/ament_cmake_export_targets-extras.cmake
[6.328s] -- Installing: /home/yanlin/dev_ws/install/more_interfaces/share/more_interfaces/cmake/ament_cmake_export_include_directories-extras.cmake
[6.328s] -- Installing: /home/yanlin/dev_ws/install/more_interfaces/share/more_interfaces/cmake/rosidl_cmake_export_typesupport_libraries-extras.cmake
[6.328s] -- Installing: /home/yanlin/dev_ws/install/more_interfaces/share/more_interfaces/cmake/rosidl_cmake_export_typesupport_targets-extras.cmake
[6.328s] -- Installing: /home/yanlin/dev_ws/install/more_interfaces/share/more_interfaces/cmake/more_interfacesConfig.cmake
[6.328s] -- Installing: /home/yanlin/dev_ws/install/more_interfaces/share/more_interfaces/cmake/more_interfacesConfig-version.cmake
[6.328s] -- Installing: /home/yanlin/dev_ws/install/more_interfaces/share/more_interfaces/package.xml
[6.331s] Invoked command in '/home/yanlin/dev_ws/build/more_interfaces' returned '0': CMAKE_PREFIX_PATH=${CMAKE_PREFIX_PATH}:/opt/ros/foxy /usr/bin/cmake --install /home/yanlin/dev_ws/build/more_interfaces
