[0.310s] DEBUG:colcon:Command line arguments: ['/usr/bin/colcon', 'build']
[0.310s] DEBUG:colcon:Parsed command line arguments: Namespace(ament_cmake_args=None, base_paths=['.'], build_base='build', catkin_cmake_args=None, catkin_skip_building_tests=False, cmake_args=None, cmake_clean_cache=False, cmake_clean_first=False, cmake_force_configure=False, cmake_target=None, cmake_target_skip_unavailable=False, continue_on_error=False, event_handlers=None, executor='parallel', ignore_user_meta=False, install_base='install', log_base=None, log_level=None, main=<bound method BuildVerb.main of <colcon_core.verb.build.BuildVerb object at 0x7f5f6219bc10>>, merge_install=False, metas=['./colcon.meta'], packages_above=None, packages_above_and_dependencies=None, packages_above_depth=None, packages_end=None, packages_ignore=None, packages_ignore_regex=None, packages_select=None, packages_select_build_failed=False, packages_select_by_dep=None, packages_select_regex=None, packages_select_test_failures=False, packages_skip=None, packages_skip_build_finished=False, packages_skip_by_dep=None, packages_skip_regex=None, packages_skip_test_passed=False, packages_skip_up_to=None, packages_start=None, packages_up_to=None, packages_up_to_regex=None, parallel_workers=8, paths=None, symlink_install=False, test_result_base=None, verb_extension=<colcon_core.verb.build.BuildVerb object at 0x7f5f6219bc10>, verb_name='build', verb_parser=<colcon_defaults.argument_parser.defaults.DefaultArgumentsDecorator object at 0x7f5f621261c0>)
[0.314s] Level 1:colcon.colcon_core.package_discovery:discover_packages(colcon_meta) check parameters
[0.314s] Level 1:colcon.colcon_core.package_discovery:discover_packages(recursive) check parameters
[0.314s] Level 1:colcon.colcon_core.package_discovery:discover_packages(ignore) check parameters
[0.314s] Level 1:colcon.colcon_core.package_discovery:discover_packages(path) check parameters
[0.314s] Level 1:colcon.colcon_core.package_discovery:discover_packages(colcon_meta) discover
[0.314s] Level 1:colcon.colcon_core.package_discovery:discover_packages(recursive) discover
[0.314s] INFO:colcon.colcon_core.package_discovery:Crawling recursively for packages in '/home/yanlin/dev_ws'
[0.315s] Level 1:colcon.colcon_core.package_identification:_identify(.) by extensions ['ignore', 'ignore_ament_install']
[0.315s] Level 1:colcon.colcon_core.package_identification:_identify(.) by extension 'ignore'
[0.315s] Level 1:colcon.colcon_core.package_identification:_identify(.) by extension 'ignore_ament_install'
[0.315s] Level 1:colcon.colcon_core.package_identification:_identify(.) by extensions ['colcon_pkg']
[0.315s] Level 1:colcon.colcon_core.package_identification:_identify(.) by extension 'colcon_pkg'
[0.315s] Level 1:colcon.colcon_core.package_identification:_identify(.) by extensions ['colcon_meta']
[0.315s] Level 1:colcon.colcon_core.package_identification:_identify(.) by extension 'colcon_meta'
[0.315s] Level 1:colcon.colcon_core.package_identification:_identify(.) by extensions ['ros']
[0.315s] Level 1:colcon.colcon_core.package_identification:_identify(.) by extension 'ros'
[0.324s] Level 1:colcon.colcon_core.package_identification:_identify(.) by extensions ['cmake', 'python']
[0.324s] Level 1:colcon.colcon_core.package_identification:_identify(.) by extension 'cmake'
[0.324s] Level 1:colcon.colcon_core.package_identification:_identify(.) by extension 'python'
[0.324s] Level 1:colcon.colcon_core.package_identification:_identify(.) by extensions ['python_setup_py']
[0.324s] Level 1:colcon.colcon_core.package_identification:_identify(.) by extension 'python_setup_py'
[0.324s] Level 1:colcon.colcon_core.package_identification:_identify(build) by extensions ['ignore', 'ignore_ament_install']
[0.324s] Level 1:colcon.colcon_core.package_identification:_identify(build) by extension 'ignore'
[0.324s] Level 1:colcon.colcon_core.package_identification:_identify(build) ignored
[0.324s] Level 1:colcon.colcon_core.package_identification:_identify(install) by extensions ['ignore', 'ignore_ament_install']
[0.325s] Level 1:colcon.colcon_core.package_identification:_identify(install) by extension 'ignore'
[0.325s] Level 1:colcon.colcon_core.package_identification:_identify(install) ignored
[0.325s] Level 1:colcon.colcon_core.package_identification:_identify(log) by extensions ['ignore', 'ignore_ament_install']
[0.325s] Level 1:colcon.colcon_core.package_identification:_identify(log) by extension 'ignore'
[0.325s] Level 1:colcon.colcon_core.package_identification:_identify(log) ignored
[0.325s] Level 1:colcon.colcon_core.package_identification:_identify(src) by extensions ['ignore', 'ignore_ament_install']
[0.325s] Level 1:colcon.colcon_core.package_identification:_identify(src) by extension 'ignore'
[0.325s] Level 1:colcon.colcon_core.package_identification:_identify(src) by extension 'ignore_ament_install'
[0.325s] Level 1:colcon.colcon_core.package_identification:_identify(src) by extensions ['colcon_pkg']
[0.325s] Level 1:colcon.colcon_core.package_identification:_identify(src) by extension 'colcon_pkg'
[0.325s] Level 1:colcon.colcon_core.package_identification:_identify(src) by extensions ['colcon_meta']
[0.325s] Level 1:colcon.colcon_core.package_identification:_identify(src) by extension 'colcon_meta'
[0.325s] Level 1:colcon.colcon_core.package_identification:_identify(src) by extensions ['ros']
[0.325s] Level 1:colcon.colcon_core.package_identification:_identify(src) by extension 'ros'
[0.325s] Level 1:colcon.colcon_core.package_identification:_identify(src) by extensions ['cmake', 'python']
[0.325s] Level 1:colcon.colcon_core.package_identification:_identify(src) by extension 'cmake'
[0.325s] Level 1:colcon.colcon_core.package_identification:_identify(src) by extension 'python'
[0.325s] Level 1:colcon.colcon_core.package_identification:_identify(src) by extensions ['python_setup_py']
[0.325s] Level 1:colcon.colcon_core.package_identification:_identify(src) by extension 'python_setup_py'
[0.325s] Level 1:colcon.colcon_core.package_identification:_identify(src/ros_tutorials) by extensions ['ignore', 'ignore_ament_install']
[0.326s] Level 1:colcon.colcon_core.package_identification:_identify(src/ros_tutorials) by extension 'ignore'
[0.326s] Level 1:colcon.colcon_core.package_identification:_identify(src/ros_tutorials) by extension 'ignore_ament_install'
[0.326s] Level 1:colcon.colcon_core.package_identification:_identify(src/ros_tutorials) by extensions ['colcon_pkg']
[0.326s] Level 1:colcon.colcon_core.package_identification:_identify(src/ros_tutorials) by extension 'colcon_pkg'
[0.326s] Level 1:colcon.colcon_core.package_identification:_identify(src/ros_tutorials) by extensions ['colcon_meta']
[0.326s] Level 1:colcon.colcon_core.package_identification:_identify(src/ros_tutorials) by extension 'colcon_meta'
[0.326s] Level 1:colcon.colcon_core.package_identification:_identify(src/ros_tutorials) by extensions ['ros']
[0.326s] Level 1:colcon.colcon_core.package_identification:_identify(src/ros_tutorials) by extension 'ros'
[0.326s] Level 1:colcon.colcon_core.package_identification:_identify(src/ros_tutorials) by extensions ['cmake', 'python']
[0.326s] Level 1:colcon.colcon_core.package_identification:_identify(src/ros_tutorials) by extension 'cmake'
[0.326s] Level 1:colcon.colcon_core.package_identification:_identify(src/ros_tutorials) by extension 'python'
[0.326s] Level 1:colcon.colcon_core.package_identification:_identify(src/ros_tutorials) by extensions ['python_setup_py']
[0.326s] Level 1:colcon.colcon_core.package_identification:_identify(src/ros_tutorials) by extension 'python_setup_py'
[0.326s] Level 1:colcon.colcon_core.package_identification:_identify(src/ros_tutorials/ros_tutorials) by extensions ['ignore', 'ignore_ament_install']
[0.326s] Level 1:colcon.colcon_core.package_identification:_identify(src/ros_tutorials/ros_tutorials) by extension 'ignore'
[0.326s] Level 1:colcon.colcon_core.package_identification:_identify(src/ros_tutorials/ros_tutorials) ignored
[0.326s] Level 1:colcon.colcon_core.package_identification:_identify(src/ros_tutorials/roscpp_tutorials) by extensions ['ignore', 'ignore_ament_install']
[0.326s] Level 1:colcon.colcon_core.package_identification:_identify(src/ros_tutorials/roscpp_tutorials) by extension 'ignore'
[0.326s] Level 1:colcon.colcon_core.package_identification:_identify(src/ros_tutorials/roscpp_tutorials) ignored
[0.326s] Level 1:colcon.colcon_core.package_identification:_identify(src/ros_tutorials/rospy_tutorials) by extensions ['ignore', 'ignore_ament_install']
[0.327s] Level 1:colcon.colcon_core.package_identification:_identify(src/ros_tutorials/rospy_tutorials) by extension 'ignore'
[0.327s] Level 1:colcon.colcon_core.package_identification:_identify(src/ros_tutorials/rospy_tutorials) ignored
[0.327s] Level 1:colcon.colcon_core.package_identification:_identify(src/ros_tutorials/turtlesim) by extensions ['ignore', 'ignore_ament_install']
[0.327s] Level 1:colcon.colcon_core.package_identification:_identify(src/ros_tutorials/turtlesim) by extension 'ignore'
[0.327s] Level 1:colcon.colcon_core.package_identification:_identify(src/ros_tutorials/turtlesim) by extension 'ignore_ament_install'
[0.327s] Level 1:colcon.colcon_core.package_identification:_identify(src/ros_tutorials/turtlesim) by extensions ['colcon_pkg']
[0.327s] Level 1:colcon.colcon_core.package_identification:_identify(src/ros_tutorials/turtlesim) by extension 'colcon_pkg'
[0.327s] Level 1:colcon.colcon_core.package_identification:_identify(src/ros_tutorials/turtlesim) by extensions ['colcon_meta']
[0.327s] Level 1:colcon.colcon_core.package_identification:_identify(src/ros_tutorials/turtlesim) by extension 'colcon_meta'
[0.327s] Level 1:colcon.colcon_core.package_identification:_identify(src/ros_tutorials/turtlesim) by extensions ['ros']
[0.327s] Level 1:colcon.colcon_core.package_identification:_identify(src/ros_tutorials/turtlesim) by extension 'ros'
[0.329s] DEBUG:colcon.colcon_core.package_identification:Package 'src/ros_tutorials/turtlesim' with type 'ros.ament_cmake' and name 'turtlesim'
[0.329s] Level 1:colcon.colcon_core.package_discovery:discover_packages(recursive) using defaults
[0.329s] Level 1:colcon.colcon_core.package_discovery:discover_packages(ignore) discover
[0.329s] Level 1:colcon.colcon_core.package_discovery:discover_packages(ignore) using defaults
[0.329s] Level 1:colcon.colcon_core.package_discovery:discover_packages(path) discover
[0.329s] Level 1:colcon.colcon_core.package_discovery:discover_packages(path) using defaults
[0.365s] Level 5:colcon.colcon_core.verb:set package 'turtlesim' build argument 'cmake_args' from command line to 'None'
[0.365s] Level 5:colcon.colcon_core.verb:set package 'turtlesim' build argument 'cmake_target' from command line to 'None'
[0.365s] Level 5:colcon.colcon_core.verb:set package 'turtlesim' build argument 'cmake_target_skip_unavailable' from command line to 'False'
[0.365s] Level 5:colcon.colcon_core.verb:set package 'turtlesim' build argument 'cmake_clean_cache' from command line to 'False'
[0.365s] Level 5:colcon.colcon_core.verb:set package 'turtlesim' build argument 'cmake_clean_first' from command line to 'False'
[0.365s] Level 5:colcon.colcon_core.verb:set package 'turtlesim' build argument 'cmake_force_configure' from command line to 'False'
[0.365s] Level 5:colcon.colcon_core.verb:set package 'turtlesim' build argument 'ament_cmake_args' from command line to 'None'
[0.365s] Level 5:colcon.colcon_core.verb:set package 'turtlesim' build argument 'catkin_cmake_args' from command line to 'None'
[0.365s] Level 5:colcon.colcon_core.verb:set package 'turtlesim' build argument 'catkin_skip_building_tests' from command line to 'False'
[0.365s] DEBUG:colcon.colcon_core.verb:Building package 'turtlesim' with the following arguments: {'ament_cmake_args': None, 'build_base': '/home/yanlin/dev_ws/build/turtlesim', 'catkin_cmake_args': None, 'catkin_skip_building_tests': False, 'cmake_args': None, 'cmake_clean_cache': False, 'cmake_clean_first': False, 'cmake_force_configure': False, 'cmake_target': None, 'cmake_target_skip_unavailable': False, 'install_base': '/home/yanlin/dev_ws/install/turtlesim', 'merge_install': False, 'path': '/home/yanlin/dev_ws/src/ros_tutorials/turtlesim', 'symlink_install': False, 'test_result_base': None}
[0.366s] INFO:colcon.colcon_core.executor:Executing jobs using 'parallel' executor
[0.367s] DEBUG:colcon.colcon_parallel_executor.executor.parallel:run_until_complete
[0.368s] INFO:colcon.colcon_ros.task.ament_cmake.build:Building ROS package in '/home/yanlin/dev_ws/src/ros_tutorials/turtlesim' with build type 'ament_cmake'
[0.368s] INFO:colcon.colcon_cmake.task.cmake.build:Building CMake package in '/home/yanlin/dev_ws/src/ros_tutorials/turtlesim'
[0.370s] INFO:colcon.colcon_core.plugin_system:Skipping extension 'colcon_core.shell.bat': Not used on non-Windows systems
[0.371s] INFO:colcon.colcon_core.shell:Skip shell extension 'powershell' for command environment: Not usable outside of PowerShell
[0.371s] DEBUG:colcon.colcon_core.shell:Skip shell extension 'dsv' for command environment
[0.372s] DEBUG:colcon.colcon_core.shell:Ignoring prefix path '/opt/ros/foxy'
[0.381s] DEBUG:colcon.colcon_core.event_handler.log_command:Invoking command in '/home/yanlin/dev_ws/build/turtlesim': CMAKE_PREFIX_PATH=/opt/ros/foxy /usr/bin/cmake --build /home/yanlin/dev_ws/build/turtlesim -- -j8 -l8
[8.562s] DEBUG:colcon.colcon_core.event_handler.log_command:Invoked command in '/home/yanlin/dev_ws/build/turtlesim' returned '0': CMAKE_PREFIX_PATH=/opt/ros/foxy /usr/bin/cmake --build /home/yanlin/dev_ws/build/turtlesim -- -j8 -l8
[8.694s] DEBUG:colcon.colcon_core.event_handler.log_command:Invoking command in '/home/yanlin/dev_ws/build/turtlesim': CMAKE_PREFIX_PATH=/opt/ros/foxy /usr/bin/cmake --install /home/yanlin/dev_ws/build/turtlesim
[8.747s] Level 1:colcon.colcon_core.environment:create_environment_scripts_only(turtlesim)
[8.748s] DEBUG:colcon.colcon_core.event_handler.log_command:Invoked command in '/home/yanlin/dev_ws/build/turtlesim' returned '0': CMAKE_PREFIX_PATH=/opt/ros/foxy /usr/bin/cmake --install /home/yanlin/dev_ws/build/turtlesim
[8.750s] Level 1:colcon.colcon_core.environment:checking '/home/yanlin/dev_ws/install/turtlesim' for CMake module files
[8.751s] Level 1:colcon.colcon_core.environment:checking '/home/yanlin/dev_ws/install/turtlesim' for CMake config files
[8.751s] Level 1:colcon.colcon_core.shell:create_environment_hook('turtlesim', 'cmake_prefix_path')
[8.751s] INFO:colcon.colcon_core.shell:Creating environment hook '/home/yanlin/dev_ws/install/turtlesim/share/turtlesim/hook/cmake_prefix_path.ps1'
[8.752s] INFO:colcon.colcon_core.shell:Creating environment descriptor '/home/yanlin/dev_ws/install/turtlesim/share/turtlesim/hook/cmake_prefix_path.dsv'
[8.752s] INFO:colcon.colcon_core.shell:Creating environment hook '/home/yanlin/dev_ws/install/turtlesim/share/turtlesim/hook/cmake_prefix_path.sh'
[8.753s] Level 1:colcon.colcon_core.environment:checking '/home/yanlin/dev_ws/install/turtlesim/lib'
[8.753s] Level 1:colcon.colcon_core.shell:create_environment_hook('turtlesim', 'ld_library_path_lib')
[8.754s] INFO:colcon.colcon_core.shell:Creating environment hook '/home/yanlin/dev_ws/install/turtlesim/share/turtlesim/hook/ld_library_path_lib.ps1'
[8.754s] INFO:colcon.colcon_core.shell:Creating environment descriptor '/home/yanlin/dev_ws/install/turtlesim/share/turtlesim/hook/ld_library_path_lib.dsv'
[8.754s] INFO:colcon.colcon_core.shell:Creating environment hook '/home/yanlin/dev_ws/install/turtlesim/share/turtlesim/hook/ld_library_path_lib.sh'
[8.754s] Level 1:colcon.colcon_core.environment:checking '/home/yanlin/dev_ws/install/turtlesim/bin'
[8.754s] Level 1:colcon.colcon_core.environment:checking '/home/yanlin/dev_ws/install/turtlesim/lib/pkgconfig/turtlesim.pc'
[8.754s] Level 1:colcon.colcon_core.environment:checking '/home/yanlin/dev_ws/install/turtlesim/lib/python3.8/site-packages'
[8.755s] Level 1:colcon.colcon_core.shell:create_environment_hook('turtlesim', 'pythonpath')
[8.755s] INFO:colcon.colcon_core.shell:Creating environment hook '/home/yanlin/dev_ws/install/turtlesim/share/turtlesim/hook/pythonpath.ps1'
[8.755s] INFO:colcon.colcon_core.shell:Creating environment descriptor '/home/yanlin/dev_ws/install/turtlesim/share/turtlesim/hook/pythonpath.dsv'
[8.755s] INFO:colcon.colcon_core.shell:Creating environment hook '/home/yanlin/dev_ws/install/turtlesim/share/turtlesim/hook/pythonpath.sh'
[8.756s] INFO:colcon.colcon_core.shell:Creating package script '/home/yanlin/dev_ws/install/turtlesim/share/turtlesim/package.ps1'
[8.757s] INFO:colcon.colcon_core.shell:Creating package descriptor '/home/yanlin/dev_ws/install/turtlesim/share/turtlesim/package.dsv'
[8.757s] INFO:colcon.colcon_core.shell:Creating package script '/home/yanlin/dev_ws/install/turtlesim/share/turtlesim/package.sh'
[8.759s] INFO:colcon.colcon_core.shell:Creating package script '/home/yanlin/dev_ws/install/turtlesim/share/turtlesim/package.bash'
[8.759s] INFO:colcon.colcon_core.shell:Creating package script '/home/yanlin/dev_ws/install/turtlesim/share/turtlesim/package.zsh'
[8.760s] Level 1:colcon.colcon_core.environment:create_file_with_runtime_dependencies(/home/yanlin/dev_ws/install/turtlesim/share/colcon-core/packages/turtlesim)
[8.876s] Level 1:colcon.colcon_core.environment:create_environment_scripts_only(turtlesim)
[8.877s] Level 1:colcon.colcon_core.environment:checking '/home/yanlin/dev_ws/install/turtlesim' for CMake module files
[8.877s] Level 1:colcon.colcon_core.environment:checking '/home/yanlin/dev_ws/install/turtlesim' for CMake config files
[8.877s] Level 1:colcon.colcon_core.shell:create_environment_hook('turtlesim', 'cmake_prefix_path')
[8.878s] INFO:colcon.colcon_core.shell:Creating environment hook '/home/yanlin/dev_ws/install/turtlesim/share/turtlesim/hook/cmake_prefix_path.ps1'
[8.878s] INFO:colcon.colcon_core.shell:Creating environment descriptor '/home/yanlin/dev_ws/install/turtlesim/share/turtlesim/hook/cmake_prefix_path.dsv'
[8.878s] INFO:colcon.colcon_core.shell:Creating environment hook '/home/yanlin/dev_ws/install/turtlesim/share/turtlesim/hook/cmake_prefix_path.sh'
[8.879s] Level 1:colcon.colcon_core.environment:checking '/home/yanlin/dev_ws/install/turtlesim/lib'
[8.879s] Level 1:colcon.colcon_core.shell:create_environment_hook('turtlesim', 'ld_library_path_lib')
[8.879s] INFO:colcon.colcon_core.shell:Creating environment hook '/home/yanlin/dev_ws/install/turtlesim/share/turtlesim/hook/ld_library_path_lib.ps1'
[8.880s] INFO:colcon.colcon_core.shell:Creating environment descriptor '/home/yanlin/dev_ws/install/turtlesim/share/turtlesim/hook/ld_library_path_lib.dsv'
[8.880s] INFO:colcon.colcon_core.shell:Creating environment hook '/home/yanlin/dev_ws/install/turtlesim/share/turtlesim/hook/ld_library_path_lib.sh'
[8.880s] Level 1:colcon.colcon_core.environment:checking '/home/yanlin/dev_ws/install/turtlesim/bin'
[8.880s] Level 1:colcon.colcon_core.environment:checking '/home/yanlin/dev_ws/install/turtlesim/lib/pkgconfig/turtlesim.pc'
[8.880s] Level 1:colcon.colcon_core.environment:checking '/home/yanlin/dev_ws/install/turtlesim/lib/python3.8/site-packages'
[8.880s] Level 1:colcon.colcon_core.shell:create_environment_hook('turtlesim', 'pythonpath')
[8.881s] INFO:colcon.colcon_core.shell:Creating environment hook '/home/yanlin/dev_ws/install/turtlesim/share/turtlesim/hook/pythonpath.ps1'
[8.881s] INFO:colcon.colcon_core.shell:Creating environment descriptor '/home/yanlin/dev_ws/install/turtlesim/share/turtlesim/hook/pythonpath.dsv'
[8.881s] INFO:colcon.colcon_core.shell:Creating environment hook '/home/yanlin/dev_ws/install/turtlesim/share/turtlesim/hook/pythonpath.sh'
[8.882s] INFO:colcon.colcon_core.shell:Creating package script '/home/yanlin/dev_ws/install/turtlesim/share/turtlesim/package.ps1'
[8.882s] INFO:colcon.colcon_core.shell:Creating package descriptor '/home/yanlin/dev_ws/install/turtlesim/share/turtlesim/package.dsv'
[8.883s] INFO:colcon.colcon_core.shell:Creating package script '/home/yanlin/dev_ws/install/turtlesim/share/turtlesim/package.sh'
[8.883s] INFO:colcon.colcon_core.shell:Creating package script '/home/yanlin/dev_ws/install/turtlesim/share/turtlesim/package.bash'
[8.883s] INFO:colcon.colcon_core.shell:Creating package script '/home/yanlin/dev_ws/install/turtlesim/share/turtlesim/package.zsh'
[8.884s] Level 1:colcon.colcon_core.environment:create_file_with_runtime_dependencies(/home/yanlin/dev_ws/install/turtlesim/share/colcon-core/packages/turtlesim)
[8.884s] DEBUG:colcon.colcon_parallel_executor.executor.parallel:closing loop
[8.884s] DEBUG:colcon.colcon_parallel_executor.executor.parallel:loop closed
[8.884s] DEBUG:colcon.colcon_parallel_executor.executor.parallel:run_until_complete finished with '0'
[8.885s] DEBUG:colcon.colcon_core.event_reactor:joining thread
[8.889s] INFO:colcon.colcon_core.plugin_system:Skipping extension 'colcon_notification.desktop_notification.terminal_notifier': Not used on non-Darwin systems
[8.889s] INFO:colcon.colcon_core.plugin_system:Skipping extension 'colcon_notification.desktop_notification.win32': Not used on non-Windows systems
[8.889s] INFO:colcon.colcon_notification.desktop_notification:Sending desktop notification using 'notify2'
[8.904s] DEBUG:colcon.colcon_core.event_reactor:joined thread
[8.904s] INFO:colcon.colcon_core.shell:Creating prefix script '/home/yanlin/dev_ws/install/local_setup.ps1'
[8.905s] INFO:colcon.colcon_core.shell:Creating prefix util module '/home/yanlin/dev_ws/install/_local_setup_util_ps1.py'
[8.906s] INFO:colcon.colcon_core.shell:Creating prefix chain script '/home/yanlin/dev_ws/install/setup.ps1'
[8.909s] INFO:colcon.colcon_core.shell:Creating prefix script '/home/yanlin/dev_ws/install/local_setup.sh'
[8.910s] INFO:colcon.colcon_core.shell:Creating prefix util module '/home/yanlin/dev_ws/install/_local_setup_util_sh.py'
[8.910s] INFO:colcon.colcon_core.shell:Creating prefix chain script '/home/yanlin/dev_ws/install/setup.sh'
[8.912s] INFO:colcon.colcon_core.shell:Creating prefix script '/home/yanlin/dev_ws/install/local_setup.bash'
[8.912s] INFO:colcon.colcon_core.shell:Creating prefix chain script '/home/yanlin/dev_ws/install/setup.bash'
[8.914s] INFO:colcon.colcon_core.shell:Creating prefix script '/home/yanlin/dev_ws/install/local_setup.zsh'
[8.914s] INFO:colcon.colcon_core.shell:Creating prefix chain script '/home/yanlin/dev_ws/install/setup.zsh'
