[0.011s] Invoking command in '/home/yanlin/dev_ws/build/tutorial_interfaces': CMAKE_PREFIX_PATH=/opt/ros/foxy /usr/bin/cmake --build /home/yanlin/dev_ws/build/tutorial_interfaces -- -j8 -l8
[0.035s] -- Found ament_cmake: 0.9.8 (/opt/ros/foxy/share/ament_cmake/cmake)
[0.052s] -- Found PythonInterp: /usr/bin/python3 (found suitable version "3.8.5", minimum required is "3") 
[0.052s] -- Using PYTHON_EXECUTABLE: /usr/bin/python3
[0.195s] -- Found rosidl_default_generators: 1.0.0 (/opt/ros/foxy/share/rosidl_default_generators/cmake)
[0.197s] -- Using all available rosidl_typesupport_c: rosidl_typesupport_fastrtps_c;rosidl_typesupport_introspection_c
[0.200s] -- Found rosidl_adapter: 1.2.0 (/opt/ros/foxy/share/rosidl_adapter/cmake)
[0.291s] -- Using all available rosidl_typesupport_cpp: rosidl_typesupport_fastrtps_cpp;rosidl_typesupport_introspection_cpp
[0.328s] -- Found PythonInterp: /usr/bin/python3 (found version "3.8.5") 
[0.424s] -- Found ament_cmake_ros: 0.9.1 (/opt/ros/foxy/share/ament_cmake_ros/cmake)
[0.487s] -- Using all available rosidl_typesupport_c: rosidl_typesupport_fastrtps_c;rosidl_typesupport_introspection_c
[0.493s] -- Using all available rosidl_typesupport_cpp: rosidl_typesupport_fastrtps_cpp;rosidl_typesupport_introspection_cpp
[0.511s] -- Found PythonInterp: /usr/bin/python3 (found suitable version "3.8.5", minimum required is "3.5") 
[0.511s] -- Found python_cmake_module: 0.8.0 (/opt/ros/foxy/share/python_cmake_module/cmake)
[0.530s] -- Using PYTHON_EXECUTABLE: /usr/bin/python3
[0.530s] -- Using PYTHON_INCLUDE_DIRS: /usr/include/python3.8
[0.530s] -- Using PYTHON_LIBRARIES: /usr/lib/x86_64-linux-gnu/libpython3.8.so
[0.542s] -- Found ament_lint_auto: 0.9.6 (/opt/ros/foxy/share/ament_lint_auto/cmake)
[0.550s] -- Added test 'copyright' to check source files copyright and LICENSE
[0.551s] -- Added test 'lint_cmake' to check CMake code style
[0.552s] -- Added test 'xmllint' to check XML markup files
[0.555s] -- Configuring done
[0.580s] -- Generating done
[0.583s] -- Build files have been written to: /home/yanlin/dev_ws/build/tutorial_interfaces
[0.602s] [  2%] [34m[1mGenerating C code for ROS interfaces[0m
[0.611s] [  5%] [34m[1mGenerating C++ code for ROS interfaces[0m
[0.863s] [35m[1mScanning dependencies of target tutorial_interfaces__rosidl_generator_c[0m
[0.864s] [  5%] Built target tutorial_interfaces__cpp
[0.874s] [  7%] [32mBuilding C object CMakeFiles/tutorial_interfaces__rosidl_generator_c.dir/rosidl_generator_c/tutorial_interfaces/srv/detail/add_three_ints__functions.c.o[0m
[0.875s] [ 12%] [34m[1mGenerating C++ introspection for ROS interfaces[0m
[0.875s] [ 12%] [34m[1mGenerating C++ type support dispatch for ROS interfaces[0m
[0.876s] [ 15%] [32mBuilding C object CMakeFiles/tutorial_interfaces__rosidl_generator_c.dir/rosidl_generator_c/tutorial_interfaces/msg/detail/num__functions.c.o[0m
[0.878s] [ 17%] [34m[1mGenerating C++ type support for eProsima Fast-RTPS[0m
[0.934s] [ 20%] [32m[1mLinking C shared library libtutorial_interfaces__rosidl_generator_c.so[0m
[0.975s] [ 20%] Built target tutorial_interfaces__rosidl_generator_c
[0.986s] [ 23%] [34m[1mGenerating C type support dispatch for ROS interfaces[0m
[0.989s] [ 25%] [34m[1mGenerating C introspection for ROS interfaces[0m
[1.150s] [35m[1mScanning dependencies of target tutorial_interfaces__rosidl_typesupport_introspection_cpp[0m
[1.166s] [ 30%] [32mBuilding CXX object CMakeFiles/tutorial_interfaces__rosidl_typesupport_introspection_cpp.dir/rosidl_typesupport_introspection_cpp/tutorial_interfaces/srv/detail/add_three_ints__type_support.cpp.o[0m
[1.166s] [ 30%] [32mBuilding CXX object CMakeFiles/tutorial_interfaces__rosidl_typesupport_introspection_cpp.dir/rosidl_typesupport_introspection_cpp/tutorial_interfaces/msg/detail/num__type_support.cpp.o[0m
[1.183s] [35m[1mScanning dependencies of target tutorial_interfaces__rosidl_typesupport_fastrtps_cpp[0m
[1.202s] [ 33%] [32mBuilding CXX object CMakeFiles/tutorial_interfaces__rosidl_typesupport_fastrtps_cpp.dir/rosidl_typesupport_fastrtps_cpp/tutorial_interfaces/srv/detail/dds_fastrtps/add_three_ints__type_support.cpp.o[0m
[1.203s] [ 35%] [32mBuilding CXX object CMakeFiles/tutorial_interfaces__rosidl_typesupport_fastrtps_cpp.dir/rosidl_typesupport_fastrtps_cpp/tutorial_interfaces/msg/detail/dds_fastrtps/num__type_support.cpp.o[0m
[1.219s] [35m[1mScanning dependencies of target tutorial_interfaces__rosidl_typesupport_cpp[0m
[1.235s] [ 38%] [32mBuilding CXX object CMakeFiles/tutorial_interfaces__rosidl_typesupport_cpp.dir/rosidl_typesupport_cpp/tutorial_interfaces/msg/num__type_support.cpp.o[0m
[1.243s] [ 41%] [32mBuilding CXX object CMakeFiles/tutorial_interfaces__rosidl_typesupport_cpp.dir/rosidl_typesupport_cpp/tutorial_interfaces/srv/add_three_ints__type_support.cpp.o[0m
[1.360s] [35m[1mScanning dependencies of target tutorial_interfaces__rosidl_typesupport_introspection_c[0m
[1.381s] [ 43%] [32mBuilding C object CMakeFiles/tutorial_interfaces__rosidl_typesupport_introspection_c.dir/rosidl_typesupport_introspection_c/tutorial_interfaces/msg/detail/num__type_support.c.o[0m
[1.395s] [35m[1mScanning dependencies of target tutorial_interfaces__rosidl_typesupport_c[0m
[1.412s] [ 46%] [32mBuilding CXX object CMakeFiles/tutorial_interfaces__rosidl_typesupport_c.dir/rosidl_typesupport_c/tutorial_interfaces/msg/num__type_support.cpp.o[0m
[1.435s] [ 48%] [32mBuilding C object CMakeFiles/tutorial_interfaces__rosidl_typesupport_introspection_c.dir/rosidl_typesupport_introspection_c/tutorial_interfaces/srv/detail/add_three_ints__type_support.c.o[0m
[1.459s] [ 51%] [32mBuilding CXX object CMakeFiles/tutorial_interfaces__rosidl_typesupport_c.dir/rosidl_typesupport_c/tutorial_interfaces/srv/add_three_ints__type_support.cpp.o[0m
[1.494s] [ 53%] [32m[1mLinking C shared library libtutorial_interfaces__rosidl_typesupport_introspection_c.so[0m
[1.509s] [ 56%] [32m[1mLinking CXX shared library libtutorial_interfaces__rosidl_typesupport_c.so[0m
[1.543s] [ 56%] Built target tutorial_interfaces__rosidl_typesupport_introspection_c
[1.573s] [ 56%] Built target tutorial_interfaces__rosidl_typesupport_c
[1.637s] [ 58%] [32m[1mLinking CXX shared library libtutorial_interfaces__rosidl_typesupport_introspection_cpp.so[0m
[1.687s] [ 58%] Built target tutorial_interfaces__rosidl_typesupport_introspection_cpp
[1.733s] [ 61%] [32m[1mLinking CXX shared library libtutorial_interfaces__rosidl_typesupport_cpp.so[0m
[1.769s] [ 61%] Built target tutorial_interfaces__rosidl_typesupport_cpp
[1.787s] [ 64%] [32m[1mLinking CXX shared library libtutorial_interfaces__rosidl_typesupport_fastrtps_cpp.so[0m
[1.862s] [ 64%] Built target tutorial_interfaces__rosidl_typesupport_fastrtps_cpp
[1.872s] [ 66%] [34m[1mGenerating C type support for eProsima Fast-RTPS[0m
[2.087s] [35m[1mScanning dependencies of target tutorial_interfaces__rosidl_typesupport_fastrtps_c[0m
[2.099s] [ 71%] [32mBuilding CXX object CMakeFiles/tutorial_interfaces__rosidl_typesupport_fastrtps_c.dir/rosidl_typesupport_fastrtps_c/tutorial_interfaces/srv/detail/add_three_ints__type_support_c.cpp.o[0m
[2.099s] [ 71%] [32mBuilding CXX object CMakeFiles/tutorial_interfaces__rosidl_typesupport_fastrtps_c.dir/rosidl_typesupport_fastrtps_c/tutorial_interfaces/msg/detail/num__type_support_c.cpp.o[0m
[2.410s] [ 74%] [32m[1mLinking CXX shared library libtutorial_interfaces__rosidl_typesupport_fastrtps_c.so[0m
[2.485s] [ 74%] Built target tutorial_interfaces__rosidl_typesupport_fastrtps_c
[2.503s] [ 74%] Built target tutorial_interfaces
[2.522s] [ 76%] [34m[1mGenerating Python code for ROS interfaces[0m
[2.932s] [ 76%] Built target tutorial_interfaces__py
[2.941s] [35m[1mScanning dependencies of target tutorial_interfaces__python[0m
[2.958s] [ 82%] [32mBuilding C object CMakeFiles/tutorial_interfaces__python.dir/rosidl_generator_py/tutorial_interfaces/srv/_add_three_ints_s.c.o[0m
[2.958s] [ 82%] [32mBuilding C object CMakeFiles/tutorial_interfaces__python.dir/rosidl_generator_py/tutorial_interfaces/msg/_num_s.c.o[0m
[3.040s] [ 84%] [32m[1mLinking C shared library rosidl_generator_py/tutorial_interfaces/libtutorial_interfaces__python.so[0m
[3.071s] [ 84%] Built target tutorial_interfaces__python
[3.080s] [35m[1mScanning dependencies of target tutorial_interfaces__rosidl_typesupport_c__pyext[0m
[3.080s] [35m[1mScanning dependencies of target tutorial_interfaces__rosidl_typesupport_fastrtps_c__pyext[0m
[3.081s] [35m[1mScanning dependencies of target tutorial_interfaces__rosidl_typesupport_introspection_c__pyext[0m
[3.094s] [ 87%] [32mBuilding C object CMakeFiles/tutorial_interfaces__rosidl_typesupport_introspection_c__pyext.dir/rosidl_generator_py/tutorial_interfaces/_tutorial_interfaces_s.ep.rosidl_typesupport_introspection_c.c.o[0m
[3.095s] [ 89%] [32mBuilding C object CMakeFiles/tutorial_interfaces__rosidl_typesupport_c__pyext.dir/rosidl_generator_py/tutorial_interfaces/_tutorial_interfaces_s.ep.rosidl_typesupport_c.c.o[0m
[3.098s] [ 92%] [32mBuilding C object CMakeFiles/tutorial_interfaces__rosidl_typesupport_fastrtps_c__pyext.dir/rosidl_generator_py/tutorial_interfaces/_tutorial_interfaces_s.ep.rosidl_typesupport_fastrtps_c.c.o[0m
[3.174s] [ 94%] [32m[1mLinking C shared library rosidl_generator_py/tutorial_interfaces/tutorial_interfaces_s__rosidl_typesupport_c.cpython-38-x86_64-linux-gnu.so[0m
[3.174s] [ 97%] [32m[1mLinking C shared library rosidl_generator_py/tutorial_interfaces/tutorial_interfaces_s__rosidl_typesupport_introspection_c.cpython-38-x86_64-linux-gnu.so[0m
[3.178s] [100%] [32m[1mLinking CXX shared library rosidl_generator_py/tutorial_interfaces/tutorial_interfaces_s__rosidl_typesupport_fastrtps_c.cpython-38-x86_64-linux-gnu.so[0m
[3.204s] [100%] Built target tutorial_interfaces__rosidl_typesupport_c__pyext
[3.204s] [100%] Built target tutorial_interfaces__rosidl_typesupport_introspection_c__pyext
[3.234s] [100%] Built target tutorial_interfaces__rosidl_typesupport_fastrtps_c__pyext
[3.245s] Invoked command in '/home/yanlin/dev_ws/build/tutorial_interfaces' returned '0': CMAKE_PREFIX_PATH=/opt/ros/foxy /usr/bin/cmake --build /home/yanlin/dev_ws/build/tutorial_interfaces -- -j8 -l8
[3.298s] Invoking command in '/home/yanlin/dev_ws/build/tutorial_interfaces': CMAKE_PREFIX_PATH=/opt/ros/foxy /usr/bin/cmake --install /home/yanlin/dev_ws/build/tutorial_interfaces
[3.305s] -- Install configuration: ""
[3.306s] -- Up-to-date: /home/yanlin/dev_ws/install/tutorial_interfaces/share/ament_index/resource_index/rosidl_interfaces/tutorial_interfaces
[3.306s] -- Up-to-date: /home/yanlin/dev_ws/install/tutorial_interfaces/include/tutorial_interfaces
[3.306s] -- Up-to-date: /home/yanlin/dev_ws/install/tutorial_interfaces/include/tutorial_interfaces/srv
[3.306s] -- Installing: /home/yanlin/dev_ws/install/tutorial_interfaces/include/tutorial_interfaces/srv/add_three_ints.h
[3.306s] -- Up-to-date: /home/yanlin/dev_ws/install/tutorial_interfaces/include/tutorial_interfaces/srv/detail
[3.306s] -- Installing: /home/yanlin/dev_ws/install/tutorial_interfaces/include/tutorial_interfaces/srv/detail/add_three_ints__functions.c
[3.306s] -- Installing: /home/yanlin/dev_ws/install/tutorial_interfaces/include/tutorial_interfaces/srv/detail/add_three_ints__struct.h
[3.306s] -- Installing: /home/yanlin/dev_ws/install/tutorial_interfaces/include/tutorial_interfaces/srv/detail/add_three_ints__type_support.h
[3.306s] -- Installing: /home/yanlin/dev_ws/install/tutorial_interfaces/include/tutorial_interfaces/srv/detail/add_three_ints__functions.h
[3.306s] -- Up-to-date: /home/yanlin/dev_ws/install/tutorial_interfaces/include/tutorial_interfaces/msg
[3.306s] -- Up-to-date: /home/yanlin/dev_ws/install/tutorial_interfaces/include/tutorial_interfaces/msg/detail
[3.307s] -- Installing: /home/yanlin/dev_ws/install/tutorial_interfaces/include/tutorial_interfaces/msg/detail/num__struct.h
[3.307s] -- Installing: /home/yanlin/dev_ws/install/tutorial_interfaces/include/tutorial_interfaces/msg/detail/num__type_support.h
[3.307s] -- Installing: /home/yanlin/dev_ws/install/tutorial_interfaces/include/tutorial_interfaces/msg/detail/num__functions.c
[3.307s] -- Installing: /home/yanlin/dev_ws/install/tutorial_interfaces/include/tutorial_interfaces/msg/detail/num__functions.h
[3.307s] -- Up-to-date: /home/yanlin/dev_ws/install/tutorial_interfaces/include/tutorial_interfaces/msg/rosidl_generator_c__visibility_control.h
[3.307s] -- Installing: /home/yanlin/dev_ws/install/tutorial_interfaces/include/tutorial_interfaces/msg/num.h
[3.307s] -- Up-to-date: /home/yanlin/dev_ws/install/tutorial_interfaces/share/tutorial_interfaces/environment/library_path.sh
[3.307s] -- Installing: /home/yanlin/dev_ws/install/tutorial_interfaces/share/tutorial_interfaces/environment/library_path.dsv
[3.307s] -- Installing: /home/yanlin/dev_ws/install/tutorial_interfaces/lib/libtutorial_interfaces__rosidl_generator_c.so
[3.307s] -- Set runtime path of "/home/yanlin/dev_ws/install/tutorial_interfaces/lib/libtutorial_interfaces__rosidl_generator_c.so" to ""
[3.307s] -- Up-to-date: /home/yanlin/dev_ws/install/tutorial_interfaces/include/tutorial_interfaces
[3.307s] -- Up-to-date: /home/yanlin/dev_ws/install/tutorial_interfaces/include/tutorial_interfaces/srv
[3.307s] -- Up-to-date: /home/yanlin/dev_ws/install/tutorial_interfaces/include/tutorial_interfaces/srv/detail
[3.307s] -- Installing: /home/yanlin/dev_ws/install/tutorial_interfaces/include/tutorial_interfaces/srv/detail/add_three_ints__rosidl_typesupport_fastrtps_c.h
[3.308s] -- Up-to-date: /home/yanlin/dev_ws/install/tutorial_interfaces/include/tutorial_interfaces/msg
[3.308s] -- Up-to-date: /home/yanlin/dev_ws/install/tutorial_interfaces/include/tutorial_interfaces/msg/detail
[3.308s] -- Installing: /home/yanlin/dev_ws/install/tutorial_interfaces/include/tutorial_interfaces/msg/detail/num__rosidl_typesupport_fastrtps_c.h
[3.308s] -- Up-to-date: /home/yanlin/dev_ws/install/tutorial_interfaces/include/tutorial_interfaces/msg/rosidl_typesupport_fastrtps_c__visibility_control.h
[3.308s] -- Installing: /home/yanlin/dev_ws/install/tutorial_interfaces/lib/libtutorial_interfaces__rosidl_typesupport_fastrtps_c.so
[3.308s] -- Set runtime path of "/home/yanlin/dev_ws/install/tutorial_interfaces/lib/libtutorial_interfaces__rosidl_typesupport_fastrtps_c.so" to ""
[3.308s] -- Up-to-date: /home/yanlin/dev_ws/install/tutorial_interfaces/include/tutorial_interfaces
[3.308s] -- Up-to-date: /home/yanlin/dev_ws/install/tutorial_interfaces/include/tutorial_interfaces/srv
[3.308s] -- Up-to-date: /home/yanlin/dev_ws/install/tutorial_interfaces/include/tutorial_interfaces/srv/detail
[3.308s] -- Installing: /home/yanlin/dev_ws/install/tutorial_interfaces/include/tutorial_interfaces/srv/detail/add_three_ints__rosidl_typesupport_fastrtps_cpp.hpp
[3.308s] -- Up-to-date: /home/yanlin/dev_ws/install/tutorial_interfaces/include/tutorial_interfaces/srv/detail/dds_fastrtps
[3.309s] -- Up-to-date: /home/yanlin/dev_ws/install/tutorial_interfaces/include/tutorial_interfaces/msg
[3.309s] -- Up-to-date: /home/yanlin/dev_ws/install/tutorial_interfaces/include/tutorial_interfaces/msg/detail
[3.309s] -- Installing: /home/yanlin/dev_ws/install/tutorial_interfaces/include/tutorial_interfaces/msg/detail/num__rosidl_typesupport_fastrtps_cpp.hpp
[3.309s] -- Up-to-date: /home/yanlin/dev_ws/install/tutorial_interfaces/include/tutorial_interfaces/msg/detail/dds_fastrtps
[3.309s] -- Up-to-date: /home/yanlin/dev_ws/install/tutorial_interfaces/include/tutorial_interfaces/msg/rosidl_typesupport_fastrtps_cpp__visibility_control.h
[3.309s] -- Installing: /home/yanlin/dev_ws/install/tutorial_interfaces/lib/libtutorial_interfaces__rosidl_typesupport_fastrtps_cpp.so
[3.309s] -- Set runtime path of "/home/yanlin/dev_ws/install/tutorial_interfaces/lib/libtutorial_interfaces__rosidl_typesupport_fastrtps_cpp.so" to ""
[3.309s] -- Up-to-date: /home/yanlin/dev_ws/install/tutorial_interfaces/include/tutorial_interfaces
[3.309s] -- Up-to-date: /home/yanlin/dev_ws/install/tutorial_interfaces/include/tutorial_interfaces/srv
[3.309s] -- Up-to-date: /home/yanlin/dev_ws/install/tutorial_interfaces/include/tutorial_interfaces/srv/detail
[3.309s] -- Installing: /home/yanlin/dev_ws/install/tutorial_interfaces/include/tutorial_interfaces/srv/detail/add_three_ints__rosidl_typesupport_introspection_c.h
[3.309s] -- Installing: /home/yanlin/dev_ws/install/tutorial_interfaces/include/tutorial_interfaces/srv/detail/add_three_ints__type_support.c
[3.309s] -- Up-to-date: /home/yanlin/dev_ws/install/tutorial_interfaces/include/tutorial_interfaces/msg
[3.310s] -- Up-to-date: /home/yanlin/dev_ws/install/tutorial_interfaces/include/tutorial_interfaces/msg/detail
[3.310s] -- Installing: /home/yanlin/dev_ws/install/tutorial_interfaces/include/tutorial_interfaces/msg/detail/num__type_support.c
[3.310s] -- Installing: /home/yanlin/dev_ws/install/tutorial_interfaces/include/tutorial_interfaces/msg/detail/num__rosidl_typesupport_introspection_c.h
[3.310s] -- Up-to-date: /home/yanlin/dev_ws/install/tutorial_interfaces/include/tutorial_interfaces/msg/rosidl_typesupport_introspection_c__visibility_control.h
[3.310s] -- Installing: /home/yanlin/dev_ws/install/tutorial_interfaces/lib/libtutorial_interfaces__rosidl_typesupport_introspection_c.so
[3.310s] -- Set runtime path of "/home/yanlin/dev_ws/install/tutorial_interfaces/lib/libtutorial_interfaces__rosidl_typesupport_introspection_c.so" to ""
[3.310s] -- Installing: /home/yanlin/dev_ws/install/tutorial_interfaces/lib/libtutorial_interfaces__rosidl_typesupport_c.so
[3.311s] -- Set runtime path of "/home/yanlin/dev_ws/install/tutorial_interfaces/lib/libtutorial_interfaces__rosidl_typesupport_c.so" to ""
[3.311s] -- Up-to-date: /home/yanlin/dev_ws/install/tutorial_interfaces/include/tutorial_interfaces
[3.311s] -- Up-to-date: /home/yanlin/dev_ws/install/tutorial_interfaces/include/tutorial_interfaces/srv
[3.311s] -- Up-to-date: /home/yanlin/dev_ws/install/tutorial_interfaces/include/tutorial_interfaces/srv/detail
[3.311s] -- Installing: /home/yanlin/dev_ws/install/tutorial_interfaces/include/tutorial_interfaces/srv/detail/add_three_ints__builder.hpp
[3.311s] -- Installing: /home/yanlin/dev_ws/install/tutorial_interfaces/include/tutorial_interfaces/srv/detail/add_three_ints__traits.hpp
[3.311s] -- Installing: /home/yanlin/dev_ws/install/tutorial_interfaces/include/tutorial_interfaces/srv/detail/add_three_ints__struct.hpp
[3.311s] -- Installing: /home/yanlin/dev_ws/install/tutorial_interfaces/include/tutorial_interfaces/srv/add_three_ints.hpp
[3.311s] -- Up-to-date: /home/yanlin/dev_ws/install/tutorial_interfaces/include/tutorial_interfaces/msg
[3.311s] -- Up-to-date: /home/yanlin/dev_ws/install/tutorial_interfaces/include/tutorial_interfaces/msg/detail
[3.311s] -- Installing: /home/yanlin/dev_ws/install/tutorial_interfaces/include/tutorial_interfaces/msg/detail/num__traits.hpp
[3.311s] -- Installing: /home/yanlin/dev_ws/install/tutorial_interfaces/include/tutorial_interfaces/msg/detail/num__builder.hpp
[3.311s] -- Installing: /home/yanlin/dev_ws/install/tutorial_interfaces/include/tutorial_interfaces/msg/detail/num__struct.hpp
[3.312s] -- Installing: /home/yanlin/dev_ws/install/tutorial_interfaces/include/tutorial_interfaces/msg/num.hpp
[3.312s] -- Up-to-date: /home/yanlin/dev_ws/install/tutorial_interfaces/include/tutorial_interfaces
[3.312s] -- Up-to-date: /home/yanlin/dev_ws/install/tutorial_interfaces/include/tutorial_interfaces/srv
[3.312s] -- Up-to-date: /home/yanlin/dev_ws/install/tutorial_interfaces/include/tutorial_interfaces/srv/detail
[3.312s] -- Installing: /home/yanlin/dev_ws/install/tutorial_interfaces/include/tutorial_interfaces/srv/detail/add_three_ints__rosidl_typesupport_introspection_cpp.hpp
[3.312s] -- Installing: /home/yanlin/dev_ws/install/tutorial_interfaces/include/tutorial_interfaces/srv/detail/add_three_ints__type_support.cpp
[3.312s] -- Up-to-date: /home/yanlin/dev_ws/install/tutorial_interfaces/include/tutorial_interfaces/msg
[3.312s] -- Up-to-date: /home/yanlin/dev_ws/install/tutorial_interfaces/include/tutorial_interfaces/msg/detail
[3.312s] -- Installing: /home/yanlin/dev_ws/install/tutorial_interfaces/include/tutorial_interfaces/msg/detail/num__type_support.cpp
[3.312s] -- Installing: /home/yanlin/dev_ws/install/tutorial_interfaces/include/tutorial_interfaces/msg/detail/num__rosidl_typesupport_introspection_cpp.hpp
[3.312s] -- Installing: /home/yanlin/dev_ws/install/tutorial_interfaces/lib/libtutorial_interfaces__rosidl_typesupport_introspection_cpp.so
[3.312s] -- Set runtime path of "/home/yanlin/dev_ws/install/tutorial_interfaces/lib/libtutorial_interfaces__rosidl_typesupport_introspection_cpp.so" to ""
[3.313s] -- Installing: /home/yanlin/dev_ws/install/tutorial_interfaces/lib/libtutorial_interfaces__rosidl_typesupport_cpp.so
[3.313s] -- Set runtime path of "/home/yanlin/dev_ws/install/tutorial_interfaces/lib/libtutorial_interfaces__rosidl_typesupport_cpp.so" to ""
[3.313s] -- Up-to-date: /home/yanlin/dev_ws/install/tutorial_interfaces/share/tutorial_interfaces/environment/pythonpath.sh
[3.313s] -- Installing: /home/yanlin/dev_ws/install/tutorial_interfaces/share/tutorial_interfaces/environment/pythonpath.dsv
[3.313s] -- Installing: /home/yanlin/dev_ws/install/tutorial_interfaces/lib/python3.8/site-packages/tutorial_interfaces/__init__.py
[3.338s] Compiling '/home/yanlin/dev_ws/install/tutorial_interfaces/lib/python3.8/site-packages/tutorial_interfaces/__init__.py'...
[3.342s] -- Up-to-date: /home/yanlin/dev_ws/install/tutorial_interfaces/lib/python3.8/site-packages/tutorial_interfaces/msg
[3.342s] -- Installing: /home/yanlin/dev_ws/install/tutorial_interfaces/lib/python3.8/site-packages/tutorial_interfaces/msg/_num.py
[3.342s] -- Installing: /home/yanlin/dev_ws/install/tutorial_interfaces/lib/python3.8/site-packages/tutorial_interfaces/msg/__init__.py
[3.342s] -- Installing: /home/yanlin/dev_ws/install/tutorial_interfaces/lib/python3.8/site-packages/tutorial_interfaces/msg/_num_s.c
[3.342s] -- Up-to-date: /home/yanlin/dev_ws/install/tutorial_interfaces/lib/python3.8/site-packages/tutorial_interfaces/srv
[3.342s] -- Installing: /home/yanlin/dev_ws/install/tutorial_interfaces/lib/python3.8/site-packages/tutorial_interfaces/srv/__init__.py
[3.343s] -- Installing: /home/yanlin/dev_ws/install/tutorial_interfaces/lib/python3.8/site-packages/tutorial_interfaces/srv/_add_three_ints.py
[3.343s] -- Installing: /home/yanlin/dev_ws/install/tutorial_interfaces/lib/python3.8/site-packages/tutorial_interfaces/srv/_add_three_ints_s.c
[3.343s] -- Installing: /home/yanlin/dev_ws/install/tutorial_interfaces/lib/python3.8/site-packages/tutorial_interfaces/tutorial_interfaces_s__rosidl_typesupport_fastrtps_c.cpython-38-x86_64-linux-gnu.so
[3.343s] -- Set runtime path of "/home/yanlin/dev_ws/install/tutorial_interfaces/lib/python3.8/site-packages/tutorial_interfaces/tutorial_interfaces_s__rosidl_typesupport_fastrtps_c.cpython-38-x86_64-linux-gnu.so" to ""
[3.344s] -- Installing: /home/yanlin/dev_ws/install/tutorial_interfaces/lib/python3.8/site-packages/tutorial_interfaces/tutorial_interfaces_s__rosidl_typesupport_introspection_c.cpython-38-x86_64-linux-gnu.so
[3.344s] -- Set runtime path of "/home/yanlin/dev_ws/install/tutorial_interfaces/lib/python3.8/site-packages/tutorial_interfaces/tutorial_interfaces_s__rosidl_typesupport_introspection_c.cpython-38-x86_64-linux-gnu.so" to ""
[3.345s] -- Installing: /home/yanlin/dev_ws/install/tutorial_interfaces/lib/python3.8/site-packages/tutorial_interfaces/tutorial_interfaces_s__rosidl_typesupport_c.cpython-38-x86_64-linux-gnu.so
[3.345s] -- Set runtime path of "/home/yanlin/dev_ws/install/tutorial_interfaces/lib/python3.8/site-packages/tutorial_interfaces/tutorial_interfaces_s__rosidl_typesupport_c.cpython-38-x86_64-linux-gnu.so" to ""
[3.346s] -- Installing: /home/yanlin/dev_ws/install/tutorial_interfaces/lib/libtutorial_interfaces__python.so
[3.346s] -- Set runtime path of "/home/yanlin/dev_ws/install/tutorial_interfaces/lib/libtutorial_interfaces__python.so" to ""
[3.346s] -- Installing: /home/yanlin/dev_ws/install/tutorial_interfaces/share/tutorial_interfaces/msg/Num.idl
[3.346s] -- Up-to-date: /home/yanlin/dev_ws/install/tutorial_interfaces/share/tutorial_interfaces/srv/AddThreeInts.idl
[3.347s] -- Installing: /home/yanlin/dev_ws/install/tutorial_interfaces/share/tutorial_interfaces/msg/Num.msg
[3.347s] -- Up-to-date: /home/yanlin/dev_ws/install/tutorial_interfaces/share/tutorial_interfaces/srv/AddThreeInts.srv
[3.347s] -- Up-to-date: /home/yanlin/dev_ws/install/tutorial_interfaces/share/tutorial_interfaces/srv/AddThreeInts_Request.msg
[3.347s] -- Up-to-date: /home/yanlin/dev_ws/install/tutorial_interfaces/share/tutorial_interfaces/srv/AddThreeInts_Response.msg
[3.347s] -- Up-to-date: /home/yanlin/dev_ws/install/tutorial_interfaces/share/ament_index/resource_index/package_run_dependencies/tutorial_interfaces
[3.347s] -- Up-to-date: /home/yanlin/dev_ws/install/tutorial_interfaces/share/ament_index/resource_index/parent_prefix_path/tutorial_interfaces
[3.347s] -- Up-to-date: /home/yanlin/dev_ws/install/tutorial_interfaces/share/tutorial_interfaces/environment/ament_prefix_path.sh
[3.347s] -- Installing: /home/yanlin/dev_ws/install/tutorial_interfaces/share/tutorial_interfaces/environment/ament_prefix_path.dsv
[3.348s] -- Up-to-date: /home/yanlin/dev_ws/install/tutorial_interfaces/share/tutorial_interfaces/environment/path.sh
[3.348s] -- Installing: /home/yanlin/dev_ws/install/tutorial_interfaces/share/tutorial_interfaces/environment/path.dsv
[3.348s] -- Up-to-date: /home/yanlin/dev_ws/install/tutorial_interfaces/share/tutorial_interfaces/local_setup.bash
[3.348s] -- Up-to-date: /home/yanlin/dev_ws/install/tutorial_interfaces/share/tutorial_interfaces/local_setup.sh
[3.348s] -- Up-to-date: /home/yanlin/dev_ws/install/tutorial_interfaces/share/tutorial_interfaces/local_setup.zsh
[3.348s] -- Installing: /home/yanlin/dev_ws/install/tutorial_interfaces/share/tutorial_interfaces/local_setup.dsv
[3.348s] -- Installing: /home/yanlin/dev_ws/install/tutorial_interfaces/share/tutorial_interfaces/package.dsv
[3.348s] -- Up-to-date: /home/yanlin/dev_ws/install/tutorial_interfaces/share/ament_index/resource_index/packages/tutorial_interfaces
[3.349s] -- Up-to-date: /home/yanlin/dev_ws/install/tutorial_interfaces/share/tutorial_interfaces/cmake/tutorial_interfaces__rosidl_generator_cExport.cmake
[3.349s] -- Installing: /home/yanlin/dev_ws/install/tutorial_interfaces/share/tutorial_interfaces/cmake/tutorial_interfaces__rosidl_generator_cExport-noconfig.cmake
[3.349s] -- Up-to-date: /home/yanlin/dev_ws/install/tutorial_interfaces/share/tutorial_interfaces/cmake/tutorial_interfaces__rosidl_typesupport_introspection_cExport.cmake
[3.349s] -- Installing: /home/yanlin/dev_ws/install/tutorial_interfaces/share/tutorial_interfaces/cmake/tutorial_interfaces__rosidl_typesupport_introspection_cExport-noconfig.cmake
[3.349s] -- Up-to-date: /home/yanlin/dev_ws/install/tutorial_interfaces/share/tutorial_interfaces/cmake/tutorial_interfaces__rosidl_typesupport_cExport.cmake
[3.349s] -- Installing: /home/yanlin/dev_ws/install/tutorial_interfaces/share/tutorial_interfaces/cmake/tutorial_interfaces__rosidl_typesupport_cExport-noconfig.cmake
[3.350s] -- Up-to-date: /home/yanlin/dev_ws/install/tutorial_interfaces/share/tutorial_interfaces/cmake/tutorial_interfaces__rosidl_generator_cppExport.cmake
[3.350s] -- Up-to-date: /home/yanlin/dev_ws/install/tutorial_interfaces/share/tutorial_interfaces/cmake/tutorial_interfaces__rosidl_typesupport_introspection_cppExport.cmake
[3.350s] -- Installing: /home/yanlin/dev_ws/install/tutorial_interfaces/share/tutorial_interfaces/cmake/tutorial_interfaces__rosidl_typesupport_introspection_cppExport-noconfig.cmake
[3.350s] -- Up-to-date: /home/yanlin/dev_ws/install/tutorial_interfaces/share/tutorial_interfaces/cmake/tutorial_interfaces__rosidl_typesupport_cppExport.cmake
[3.350s] -- Installing: /home/yanlin/dev_ws/install/tutorial_interfaces/share/tutorial_interfaces/cmake/tutorial_interfaces__rosidl_typesupport_cppExport-noconfig.cmake
[3.351s] -- Up-to-date: /home/yanlin/dev_ws/install/tutorial_interfaces/share/tutorial_interfaces/cmake/rosidl_cmake-extras.cmake
[3.351s] -- Up-to-date: /home/yanlin/dev_ws/install/tutorial_interfaces/share/tutorial_interfaces/cmake/ament_cmake_export_dependencies-extras.cmake
[3.351s] -- Up-to-date: /home/yanlin/dev_ws/install/tutorial_interfaces/share/tutorial_interfaces/cmake/ament_cmake_export_libraries-extras.cmake
[3.351s] -- Up-to-date: /home/yanlin/dev_ws/install/tutorial_interfaces/share/tutorial_interfaces/cmake/ament_cmake_export_targets-extras.cmake
[3.351s] -- Up-to-date: /home/yanlin/dev_ws/install/tutorial_interfaces/share/tutorial_interfaces/cmake/ament_cmake_export_include_directories-extras.cmake
[3.351s] -- Up-to-date: /home/yanlin/dev_ws/install/tutorial_interfaces/share/tutorial_interfaces/cmake/rosidl_cmake_export_typesupport_libraries-extras.cmake
[3.351s] -- Up-to-date: /home/yanlin/dev_ws/install/tutorial_interfaces/share/tutorial_interfaces/cmake/rosidl_cmake_export_typesupport_targets-extras.cmake
[3.351s] -- Up-to-date: /home/yanlin/dev_ws/install/tutorial_interfaces/share/tutorial_interfaces/cmake/tutorial_interfacesConfig.cmake
[3.352s] -- Up-to-date: /home/yanlin/dev_ws/install/tutorial_interfaces/share/tutorial_interfaces/cmake/tutorial_interfacesConfig-version.cmake
[3.352s] -- Up-to-date: /home/yanlin/dev_ws/install/tutorial_interfaces/share/tutorial_interfaces/package.xml
[3.354s] Invoked command in '/home/yanlin/dev_ws/build/tutorial_interfaces' returned '0': CMAKE_PREFIX_PATH=/opt/ros/foxy /usr/bin/cmake --install /home/yanlin/dev_ws/build/tutorial_interfaces
