[0.010s] Invoking command in '/home/yanlin/dev_ws/build/cpp_parameters': CMAKE_PREFIX_PATH=${CMAKE_PREFIX_PATH}:/opt/ros/foxy /usr/bin/cmake --build /home/yanlin/dev_ws/build/cpp_parameters -- -j8 -l8
[0.035s] -- Found ament_cmake: 0.9.8 (/opt/ros/foxy/share/ament_cmake/cmake)
[0.053s] -- Using PYTHON_EXECUTABLE: /usr/bin/python3
[0.199s] -- Found rclcpp: 2.3.0 (/opt/ros/foxy/share/rclcpp/cmake)
[0.226s] -- Using all available rosidl_typesupport_c: rosidl_typesupport_fastrtps_c;rosidl_typesupport_introspection_c
[0.229s] -- Found rosidl_adapter: 1.2.0 (/opt/ros/foxy/share/rosidl_adapter/cmake)
[0.312s] -- Using all available rosidl_typesupport_cpp: rosidl_typesupport_fastrtps_cpp;rosidl_typesupport_introspection_cpp
[0.355s] -- Found rmw_implementation_cmake: 1.0.2 (/opt/ros/foxy/share/rmw_implementation_cmake/cmake)
[0.357s] -- Using RMW implementation 'rmw_fastrtps_cpp' as default
[0.479s] -- Found ament_lint_auto: 0.9.6 (/opt/ros/foxy/share/ament_lint_auto/cmake)
[0.532s] -- Added test 'copyright' to check source files copyright and LICENSE
[0.533s] -- Added test 'cppcheck' to perform static code analysis on C / C++ code
[0.533s] -- Configured cppcheck include dirs: 
[0.533s] -- Configured cppcheck exclude dirs and/or files: 
[0.534s] -- Added test 'cpplint' to check C / C++ code against the Google style
[0.534s] -- Configured cpplint exclude dirs and/or files: 
[0.534s] -- Added test 'flake8' to check Python code syntax and style conventions
[0.535s] -- Added test 'lint_cmake' to check CMake code style
[0.535s] -- Added test 'pep257' to check Python code against some of the style conventions in PEP 257
[0.536s] -- Added test 'uncrustify' to check C / C++ code style
[0.536s] -- Configured uncrustify additional arguments: 
[0.536s] -- Added test 'xmllint' to check XML markup files
[0.538s] -- Configuring done
[0.544s] -- Generating done
[0.545s] -- Build files have been written to: /home/yanlin/dev_ws/build/cpp_parameters
[0.581s] [100%] Built target parameter_node
[0.590s] Invoked command in '/home/yanlin/dev_ws/build/cpp_parameters' returned '0': CMAKE_PREFIX_PATH=${CMAKE_PREFIX_PATH}:/opt/ros/foxy /usr/bin/cmake --build /home/yanlin/dev_ws/build/cpp_parameters -- -j8 -l8
[0.623s] Invoking command in '/home/yanlin/dev_ws/build/cpp_parameters': CMAKE_PREFIX_PATH=${CMAKE_PREFIX_PATH}:/opt/ros/foxy /usr/bin/cmake --install /home/yanlin/dev_ws/build/cpp_parameters
[0.631s] -- Install configuration: ""
[0.631s] -- Up-to-date: /home/yanlin/dev_ws/install/cpp_parameters/lib/cpp_parameters/parameter_node
[0.631s] -- Installing: /home/yanlin/dev_ws/install/cpp_parameters/share/cpp_parameters/launch
[0.631s] -- Installing: /home/yanlin/dev_ws/install/cpp_parameters/share/cpp_parameters/launch/cpp_parameters_launch.py
[0.631s] -- Up-to-date: /home/yanlin/dev_ws/install/cpp_parameters/share/ament_index/resource_index/package_run_dependencies/cpp_parameters
[0.632s] -- Installing: /home/yanlin/dev_ws/install/cpp_parameters/share/ament_index/resource_index/parent_prefix_path/cpp_parameters
[0.632s] -- Up-to-date: /home/yanlin/dev_ws/install/cpp_parameters/share/cpp_parameters/environment/ament_prefix_path.sh
[0.632s] -- Installing: /home/yanlin/dev_ws/install/cpp_parameters/share/cpp_parameters/environment/ament_prefix_path.dsv
[0.632s] -- Up-to-date: /home/yanlin/dev_ws/install/cpp_parameters/share/cpp_parameters/environment/path.sh
[0.632s] -- Installing: /home/yanlin/dev_ws/install/cpp_parameters/share/cpp_parameters/environment/path.dsv
[0.632s] -- Up-to-date: /home/yanlin/dev_ws/install/cpp_parameters/share/cpp_parameters/local_setup.bash
[0.633s] -- Up-to-date: /home/yanlin/dev_ws/install/cpp_parameters/share/cpp_parameters/local_setup.sh
[0.633s] -- Up-to-date: /home/yanlin/dev_ws/install/cpp_parameters/share/cpp_parameters/local_setup.zsh
[0.633s] -- Installing: /home/yanlin/dev_ws/install/cpp_parameters/share/cpp_parameters/local_setup.dsv
[0.633s] -- Installing: /home/yanlin/dev_ws/install/cpp_parameters/share/cpp_parameters/package.dsv
[0.633s] -- Up-to-date: /home/yanlin/dev_ws/install/cpp_parameters/share/ament_index/resource_index/packages/cpp_parameters
[0.633s] -- Up-to-date: /home/yanlin/dev_ws/install/cpp_parameters/share/cpp_parameters/cmake/cpp_parametersConfig.cmake
[0.633s] -- Up-to-date: /home/yanlin/dev_ws/install/cpp_parameters/share/cpp_parameters/cmake/cpp_parametersConfig-version.cmake
[0.633s] -- Up-to-date: /home/yanlin/dev_ws/install/cpp_parameters/share/cpp_parameters/package.xml
[0.635s] Invoked command in '/home/yanlin/dev_ws/build/cpp_parameters' returned '0': CMAKE_PREFIX_PATH=${CMAKE_PREFIX_PATH}:/opt/ros/foxy /usr/bin/cmake --install /home/yanlin/dev_ws/build/cpp_parameters
