[0.010s] Invoking command in '/home/yanlin/dev_ws/build/cpp_pubsub': CMAKE_PREFIX_PATH=/opt/ros/foxy /usr/bin/cmake /home/yanlin/dev_ws/src/cpp_pubsub -DCMAKE_INSTALL_PREFIX=/home/yanlin/dev_ws/install/cpp_pubsub
[0.054s] -- The C compiler identification is GNU 9.3.0
[0.099s] -- The CXX compiler identification is GNU 9.3.0
[0.102s] -- Check for working C compiler: /usr/bin/cc
[0.162s] -- Check for working C compiler: /usr/bin/cc -- works
[0.162s] -- Detecting C compiler ABI info
[0.222s] -- Detecting C compiler ABI info - done
[0.234s] -- Detecting C compile features
[0.234s] -- Detecting C compile features - done
[0.236s] -- Check for working CXX compiler: /usr/bin/c++
[0.299s] -- Check for working CXX compiler: /usr/bin/c++ -- works
[0.300s] -- Detecting CXX compiler ABI info
[0.362s] -- Detecting CXX compiler ABI info - done
[0.372s] -- Detecting CXX compile features
[0.373s] -- Detecting CXX compile features - done
[0.374s] -- Found ament_cmake: 0.9.8 (/opt/ros/foxy/share/ament_cmake/cmake)
[0.393s] -- Found PythonInterp: /usr/bin/python3 (found suitable version "3.8.5", minimum required is "3") 
[0.393s] -- Using PYTHON_EXECUTABLE: /usr/bin/python3
[0.546s] -- Found rclcpp: 2.3.0 (/opt/ros/foxy/share/rclcpp/cmake)
[0.758s] -- Using all available rosidl_typesupport_c: rosidl_typesupport_fastrtps_c;rosidl_typesupport_introspection_c
[0.765s] -- Found rosidl_adapter: 1.2.0 (/opt/ros/foxy/share/rosidl_adapter/cmake)
[0.876s] -- Found OpenSSL: /usr/lib/x86_64-linux-gnu/libcrypto.so (found version "1.1.1f")  
[0.899s] -- Found FastRTPS: /opt/ros/foxy/include  
[1.154s] -- Using all available rosidl_typesupport_cpp: rosidl_typesupport_fastrtps_cpp;rosidl_typesupport_introspection_cpp
[1.307s] -- Found rmw_implementation_cmake: 1.0.2 (/opt/ros/foxy/share/rmw_implementation_cmake/cmake)
[1.308s] -- Using RMW implementation 'rmw_fastrtps_cpp' as default
[1.309s] -- Looking for pthread.h
[1.370s] -- Looking for pthread.h - found
[1.370s] -- Performing Test CMAKE_HAVE_LIBC_PTHREAD
[1.427s] -- Performing Test CMAKE_HAVE_LIBC_PTHREAD - Failed
[1.427s] -- Looking for pthread_create in pthreads
[1.473s] -- Looking for pthread_create in pthreads - not found
[1.473s] -- Looking for pthread_create in pthread
[1.530s] -- Looking for pthread_create in pthread - found
[1.531s] -- Found Threads: TRUE  
[1.733s] -- Found ament_lint_auto: 0.9.6 (/opt/ros/foxy/share/ament_lint_auto/cmake)
[1.790s] -- Added test 'copyright' to check source files copyright and LICENSE
[1.791s] -- Added test 'cppcheck' to perform static code analysis on C / C++ code
[1.791s] -- Configured cppcheck include dirs: 
[1.791s] -- Configured cppcheck exclude dirs and/or files: 
[1.792s] -- Added test 'cpplint' to check C / C++ code against the Google style
[1.792s] -- Configured cpplint exclude dirs and/or files: 
[1.793s] -- Added test 'lint_cmake' to check CMake code style
[1.793s] -- Added test 'uncrustify' to check C / C++ code style
[1.793s] -- Configured uncrustify additional arguments: 
[1.794s] -- Added test 'xmllint' to check XML markup files
[1.796s] -- Configuring done
[1.804s] -- Generating done
[1.805s] -- Build files have been written to: /home/yanlin/dev_ws/build/cpp_pubsub
[1.811s] Invoked command in '/home/yanlin/dev_ws/build/cpp_pubsub' returned '0': CMAKE_PREFIX_PATH=/opt/ros/foxy /usr/bin/cmake /home/yanlin/dev_ws/src/cpp_pubsub -DCMAKE_INSTALL_PREFIX=/home/yanlin/dev_ws/install/cpp_pubsub
[1.812s] Invoking command in '/home/yanlin/dev_ws/build/cpp_pubsub': CMAKE_PREFIX_PATH=/opt/ros/foxy /usr/bin/cmake --build /home/yanlin/dev_ws/build/cpp_pubsub -- -j8 -l8
[1.844s] [35m[1mScanning dependencies of target talker[0m
[1.844s] [35m[1mScanning dependencies of target listener[0m
[1.898s] [ 50%] [32mBuilding CXX object CMakeFiles/talker.dir/src/publisher_member_function.cpp.o[0m
[1.898s] [ 50%] [32mBuilding CXX object CMakeFiles/listener.dir/src/subscriber_member_function.cpp.o[0m
[4.494s] [ 75%] [32m[1mLinking CXX executable talker[0m
[4.644s] [ 75%] Built target talker
[5.908s] [100%] [32m[1mLinking CXX executable listener[0m
[6.117s] [100%] Built target listener
[6.128s] Invoked command in '/home/yanlin/dev_ws/build/cpp_pubsub' returned '0': CMAKE_PREFIX_PATH=/opt/ros/foxy /usr/bin/cmake --build /home/yanlin/dev_ws/build/cpp_pubsub -- -j8 -l8
[6.160s] Invoking command in '/home/yanlin/dev_ws/build/cpp_pubsub': CMAKE_PREFIX_PATH=/opt/ros/foxy /usr/bin/cmake --install /home/yanlin/dev_ws/build/cpp_pubsub
[6.168s] -- Install configuration: ""
[6.168s] -- Installing: /home/yanlin/dev_ws/install/cpp_pubsub/lib/cpp_pubsub/talker
[6.169s] -- Set runtime path of "/home/yanlin/dev_ws/install/cpp_pubsub/lib/cpp_pubsub/talker" to ""
[6.169s] -- Up-to-date: /home/yanlin/dev_ws/install/cpp_pubsub/lib/cpp_pubsub/talker
[6.169s] -- Installing: /home/yanlin/dev_ws/install/cpp_pubsub/lib/cpp_pubsub/listener
[6.171s] -- Set runtime path of "/home/yanlin/dev_ws/install/cpp_pubsub/lib/cpp_pubsub/listener" to ""
[6.171s] -- Installing: /home/yanlin/dev_ws/install/cpp_pubsub/share/ament_index/resource_index/package_run_dependencies/cpp_pubsub
[6.171s] -- Installing: /home/yanlin/dev_ws/install/cpp_pubsub/share/ament_index/resource_index/parent_prefix_path/cpp_pubsub
[6.171s] -- Installing: /home/yanlin/dev_ws/install/cpp_pubsub/share/cpp_pubsub/environment/ament_prefix_path.sh
[6.171s] -- Installing: /home/yanlin/dev_ws/install/cpp_pubsub/share/cpp_pubsub/environment/ament_prefix_path.dsv
[6.171s] -- Installing: /home/yanlin/dev_ws/install/cpp_pubsub/share/cpp_pubsub/environment/path.sh
[6.172s] -- Installing: /home/yanlin/dev_ws/install/cpp_pubsub/share/cpp_pubsub/environment/path.dsv
[6.172s] -- Installing: /home/yanlin/dev_ws/install/cpp_pubsub/share/cpp_pubsub/local_setup.bash
[6.172s] -- Installing: /home/yanlin/dev_ws/install/cpp_pubsub/share/cpp_pubsub/local_setup.sh
[6.172s] -- Installing: /home/yanlin/dev_ws/install/cpp_pubsub/share/cpp_pubsub/local_setup.zsh
[6.172s] -- Installing: /home/yanlin/dev_ws/install/cpp_pubsub/share/cpp_pubsub/local_setup.dsv
[6.172s] -- Installing: /home/yanlin/dev_ws/install/cpp_pubsub/share/cpp_pubsub/package.dsv
[6.172s] -- Installing: /home/yanlin/dev_ws/install/cpp_pubsub/share/ament_index/resource_index/packages/cpp_pubsub
[6.172s] -- Installing: /home/yanlin/dev_ws/install/cpp_pubsub/share/cpp_pubsub/cmake/cpp_pubsubConfig.cmake
[6.172s] -- Installing: /home/yanlin/dev_ws/install/cpp_pubsub/share/cpp_pubsub/cmake/cpp_pubsubConfig-version.cmake
[6.172s] -- Installing: /home/yanlin/dev_ws/install/cpp_pubsub/share/cpp_pubsub/package.xml
[6.175s] Invoked command in '/home/yanlin/dev_ws/build/cpp_pubsub' returned '0': CMAKE_PREFIX_PATH=/opt/ros/foxy /usr/bin/cmake --install /home/yanlin/dev_ws/build/cpp_pubsub
