[0.013s] Invoking command in '/home/yanlin/dev_ws/build/my_package': CMAKE_PREFIX_PATH=/opt/ros/foxy /usr/bin/cmake /home/yanlin/dev_ws/src/my_package -DCMAKE_INSTALL_PREFIX=/home/yanlin/dev_ws/install/my_package
[0.065s] -- The C compiler identification is GNU 9.3.0
[0.130s] -- The CXX compiler identification is GNU 9.3.0
[0.136s] -- Check for working C compiler: /usr/bin/cc
[0.203s] -- Check for working C compiler: /usr/bin/cc -- works
[0.204s] -- Detecting C compiler ABI info
[0.272s] -- Detecting C compiler ABI info - done
[0.284s] -- Detecting C compile features
[0.285s] -- Detecting C compile features - done
[0.287s] -- Check for working CXX compiler: /usr/bin/c++
[0.358s] -- Check for working CXX compiler: /usr/bin/c++ -- works
[0.359s] -- Detecting CXX compiler ABI info
[0.437s] -- Detecting CXX compiler ABI info - done
[0.456s] -- Detecting CXX compile features
[0.458s] -- Detecting CXX compile features - done
[0.459s] -- Found ament_cmake: 0.9.8 (/opt/ros/foxy/share/ament_cmake/cmake)
[0.491s] -- Found PythonInterp: /usr/bin/python3 (found suitable version "3.8.5", minimum required is "3") 
[0.492s] -- Using PYTHON_EXECUTABLE: /usr/bin/python3
[0.762s] -- Found ament_lint_auto: 0.9.6 (/opt/ros/foxy/share/ament_lint_auto/cmake)
[0.960s] -- Added test 'copyright' to check source files copyright and LICENSE
[0.964s] -- Added test 'cppcheck' to perform static code analysis on C / C++ code
[0.965s] -- Configured cppcheck include dirs: $<BUILD_INTERFACE:/home/yanlin/dev_ws/src/my_package/include>
[0.966s] -- Configured cppcheck exclude dirs and/or files: 
[0.969s] -- Added test 'cpplint' to check C / C++ code against the Google style
[0.970s] -- Configured cpplint exclude dirs and/or files: 
[0.973s] -- Added test 'lint_cmake' to check CMake code style
[0.975s] -- Added test 'uncrustify' to check C / C++ code style
[0.976s] -- Configured uncrustify additional arguments: 
[0.977s] -- Added test 'xmllint' to check XML markup files
[0.981s] -- Configuring done
[0.985s] -- Generating done
[0.987s] -- Build files have been written to: /home/yanlin/dev_ws/build/my_package
[0.991s] Invoked command in '/home/yanlin/dev_ws/build/my_package' returned '0': CMAKE_PREFIX_PATH=/opt/ros/foxy /usr/bin/cmake /home/yanlin/dev_ws/src/my_package -DCMAKE_INSTALL_PREFIX=/home/yanlin/dev_ws/install/my_package
[0.992s] Invoking command in '/home/yanlin/dev_ws/build/my_package': CMAKE_PREFIX_PATH=/opt/ros/foxy /usr/bin/cmake --build /home/yanlin/dev_ws/build/my_package -- -j8 -l8
[1.029s] [35m[1mScanning dependencies of target my_node[0m
[1.039s] [ 50%] [32mBuilding CXX object CMakeFiles/my_node.dir/src/my_node.cpp.o[0m
[1.067s] [100%] [32m[1mLinking CXX executable my_node[0m
[1.103s] [100%] Built target my_node
[1.112s] Invoked command in '/home/yanlin/dev_ws/build/my_package' returned '0': CMAKE_PREFIX_PATH=/opt/ros/foxy /usr/bin/cmake --build /home/yanlin/dev_ws/build/my_package -- -j8 -l8
[1.132s] Invoking command in '/home/yanlin/dev_ws/build/my_package': CMAKE_PREFIX_PATH=/opt/ros/foxy /usr/bin/cmake --install /home/yanlin/dev_ws/build/my_package
[1.139s] -- Install configuration: ""
[1.139s] -- Installing: /home/yanlin/dev_ws/install/my_package/lib/my_package/my_node
[1.139s] -- Installing: /home/yanlin/dev_ws/install/my_package/share/ament_index/resource_index/package_run_dependencies/my_package
[1.171s] -- Installing: /home/yanlin/dev_ws/install/my_package/share/ament_index/resource_index/parent_prefix_path/my_package
[1.172s] -- Installing: /home/yanlin/dev_ws/install/my_package/share/my_package/environment/ament_prefix_path.sh
[1.172s] -- Installing: /home/yanlin/dev_ws/install/my_package/share/my_package/environment/ament_prefix_path.dsv
[1.173s] -- Installing: /home/yanlin/dev_ws/install/my_package/share/my_package/environment/path.sh
[1.174s] -- Installing: /home/yanlin/dev_ws/install/my_package/share/my_package/environment/path.dsv
[1.175s] -- Installing: /home/yanlin/dev_ws/install/my_package/share/my_package/local_setup.bash
[1.175s] -- Installing: /home/yanlin/dev_ws/install/my_package/share/my_package/local_setup.sh
[1.176s] -- Installing: /home/yanlin/dev_ws/install/my_package/share/my_package/local_setup.zsh
[1.177s] -- Installing: /home/yanlin/dev_ws/install/my_package/share/my_package/local_setup.dsv
[1.178s] -- Installing: /home/yanlin/dev_ws/install/my_package/share/my_package/package.dsv
[1.179s] -- Installing: /home/yanlin/dev_ws/install/my_package/share/ament_index/resource_index/packages/my_package
[1.179s] -- Installing: /home/yanlin/dev_ws/install/my_package/share/my_package/cmake/my_packageConfig.cmake
[1.180s] -- Installing: /home/yanlin/dev_ws/install/my_package/share/my_package/cmake/my_packageConfig-version.cmake
[1.180s] -- Installing: /home/yanlin/dev_ws/install/my_package/share/my_package/package.xml
[1.186s] Invoked command in '/home/yanlin/dev_ws/build/my_package' returned '0': CMAKE_PREFIX_PATH=/opt/ros/foxy /usr/bin/cmake --install /home/yanlin/dev_ws/build/my_package
