[0.009s] Invoking command in '/home/yanlin/dev_ws/build/tutorial_interfaces': CMAKE_PREFIX_PATH=/opt/ros/foxy /usr/bin/cmake /home/yanlin/dev_ws/src/tutorial_interfaces -DCMAKE_INSTALL_PREFIX=/home/yanlin/dev_ws/install/tutorial_interfaces
[0.054s] -- The C compiler identification is GNU 9.3.0
[0.096s] -- The CXX compiler identification is GNU 9.3.0
[0.100s] -- Check for working C compiler: /usr/bin/cc
[0.156s] -- Check for working C compiler: /usr/bin/cc -- works
[0.157s] -- Detecting C compiler ABI info
[0.210s] -- Detecting C compiler ABI info - done
[0.220s] -- Detecting C compile features
[0.220s] -- Detecting C compile features - done
[0.222s] -- Check for working CXX compiler: /usr/bin/c++
[0.284s] -- Check for working CXX compiler: /usr/bin/c++ -- works
[0.285s] -- Detecting CXX compiler ABI info
[0.350s] -- Detecting CXX compiler ABI info - done
[0.360s] -- Detecting CXX compile features
[0.361s] -- Detecting CXX compile features - done
[0.362s] -- Found ament_cmake: 0.9.8 (/opt/ros/foxy/share/ament_cmake/cmake)
[0.382s] -- Found PythonInterp: /usr/bin/python3 (found suitable version "3.8.5", minimum required is "3") 
[0.382s] -- Using PYTHON_EXECUTABLE: /usr/bin/python3
[0.535s] -- Found rosidl_default_generators: 1.0.0 (/opt/ros/foxy/share/rosidl_default_generators/cmake)
[0.538s] -- Using all available rosidl_typesupport_c: rosidl_typesupport_fastrtps_c;rosidl_typesupport_introspection_c
[0.543s] -- Found rosidl_adapter: 1.2.0 (/opt/ros/foxy/share/rosidl_adapter/cmake)
[0.606s] -- Found OpenSSL: /usr/lib/x86_64-linux-gnu/libcrypto.so (found version "1.1.1f")  
[0.622s] -- Found FastRTPS: /opt/ros/foxy/include  
[0.679s] -- Using all available rosidl_typesupport_cpp: rosidl_typesupport_fastrtps_cpp;rosidl_typesupport_introspection_cpp
[0.717s] -- Found PythonInterp: /usr/bin/python3 (found version "3.8.5") 
[0.878s] -- Found ament_cmake_ros: 0.9.1 (/opt/ros/foxy/share/ament_cmake_ros/cmake)
[1.082s] -- Using all available rosidl_typesupport_c: rosidl_typesupport_fastrtps_c;rosidl_typesupport_introspection_c
[1.150s] -- Using all available rosidl_typesupport_cpp: rosidl_typesupport_fastrtps_cpp;rosidl_typesupport_introspection_cpp
[1.212s] -- Found PythonInterp: /usr/bin/python3 (found suitable version "3.8.5", minimum required is "3.5") 
[1.213s] -- Found python_cmake_module: 0.8.0 (/opt/ros/foxy/share/python_cmake_module/cmake)
[1.263s] -- Found PythonLibs: /usr/lib/x86_64-linux-gnu/libpython3.8.so (found suitable version "3.8.5", minimum required is "3.5") 
[1.263s] -- Using PYTHON_EXECUTABLE: /usr/bin/python3
[1.264s] -- Using PYTHON_INCLUDE_DIRS: /usr/include/python3.8
[1.264s] -- Using PYTHON_LIBRARIES: /usr/lib/x86_64-linux-gnu/libpython3.8.so
[1.280s] -- Found PythonExtra: .so  
[1.312s] -- Found ament_lint_auto: 0.9.6 (/opt/ros/foxy/share/ament_lint_auto/cmake)
[1.326s] -- Added test 'copyright' to check source files copyright and LICENSE
[1.328s] -- Added test 'lint_cmake' to check CMake code style
[1.329s] -- Added test 'xmllint' to check XML markup files
[1.333s] -- Configuring done
[1.359s] -- Generating done
[1.368s] -- Build files have been written to: /home/yanlin/dev_ws/build/tutorial_interfaces
[1.376s] Invoked command in '/home/yanlin/dev_ws/build/tutorial_interfaces' returned '0': CMAKE_PREFIX_PATH=/opt/ros/foxy /usr/bin/cmake /home/yanlin/dev_ws/src/tutorial_interfaces -DCMAKE_INSTALL_PREFIX=/home/yanlin/dev_ws/install/tutorial_interfaces
[1.377s] Invoking command in '/home/yanlin/dev_ws/build/tutorial_interfaces': CMAKE_PREFIX_PATH=/opt/ros/foxy /usr/bin/cmake --build /home/yanlin/dev_ws/build/tutorial_interfaces -- -j8 -l8
[1.409s] [  2%] [34m[1mGenerating C code for ROS interfaces[0m
[1.409s] [35m[1mScanning dependencies of target tutorial_interfaces__cpp[0m
[1.418s] [  5%] [34m[1mGenerating C++ code for ROS interfaces[0m
[1.653s] [35m[1mScanning dependencies of target tutorial_interfaces__rosidl_generator_c[0m
[1.659s] [  5%] Built target tutorial_interfaces__cpp
[1.663s] [  7%] [32mBuilding C object CMakeFiles/tutorial_interfaces__rosidl_generator_c.dir/rosidl_generator_c/tutorial_interfaces/srv/detail/add_three_ints__functions.c.o[0m
[1.663s] [ 10%] [32mBuilding C object CMakeFiles/tutorial_interfaces__rosidl_generator_c.dir/rosidl_generator_c/tutorial_interfaces/msg/detail/num__functions.c.o[0m
[1.669s] [ 15%] [34m[1mGenerating C++ type support dispatch for ROS interfaces[0m
[1.669s] [ 15%] [34m[1mGenerating C++ introspection for ROS interfaces[0m
[1.672s] [ 17%] [34m[1mGenerating C++ type support for eProsima Fast-RTPS[0m
[1.709s] [ 20%] [32m[1mLinking C shared library libtutorial_interfaces__rosidl_generator_c.so[0m
[1.741s] [ 20%] Built target tutorial_interfaces__rosidl_generator_c
[1.751s] [ 23%] [34m[1mGenerating C type support dispatch for ROS interfaces[0m
[1.754s] [ 25%] [34m[1mGenerating C introspection for ROS interfaces[0m
[1.932s] [35m[1mScanning dependencies of target tutorial_interfaces__rosidl_typesupport_introspection_cpp[0m
[1.947s] [ 30%] [32mBuilding CXX object CMakeFiles/tutorial_interfaces__rosidl_typesupport_introspection_cpp.dir/rosidl_typesupport_introspection_cpp/tutorial_interfaces/srv/detail/add_three_ints__type_support.cpp.o[0m
[1.947s] [ 30%] [32mBuilding CXX object CMakeFiles/tutorial_interfaces__rosidl_typesupport_introspection_cpp.dir/rosidl_typesupport_introspection_cpp/tutorial_interfaces/msg/detail/num__type_support.cpp.o[0m
[2.048s] [35m[1mScanning dependencies of target tutorial_interfaces__rosidl_typesupport_cpp[0m
[2.066s] [ 35%] [32mBuilding CXX object CMakeFiles/tutorial_interfaces__rosidl_typesupport_cpp.dir/rosidl_typesupport_cpp/tutorial_interfaces/msg/num__type_support.cpp.o[0m
[2.066s] [ 35%] [32mBuilding CXX object CMakeFiles/tutorial_interfaces__rosidl_typesupport_cpp.dir/rosidl_typesupport_cpp/tutorial_interfaces/srv/add_three_ints__type_support.cpp.o[0m
[2.129s] [35m[1mScanning dependencies of target tutorial_interfaces__rosidl_typesupport_fastrtps_cpp[0m
[2.143s] [35m[1mScanning dependencies of target tutorial_interfaces__rosidl_typesupport_c[0m
[2.157s] [ 38%] [32mBuilding CXX object CMakeFiles/tutorial_interfaces__rosidl_typesupport_fastrtps_cpp.dir/rosidl_typesupport_fastrtps_cpp/tutorial_interfaces/msg/detail/dds_fastrtps/num__type_support.cpp.o[0m
[2.160s] [ 41%] [32mBuilding CXX object CMakeFiles/tutorial_interfaces__rosidl_typesupport_fastrtps_cpp.dir/rosidl_typesupport_fastrtps_cpp/tutorial_interfaces/srv/detail/dds_fastrtps/add_three_ints__type_support.cpp.o[0m
[2.161s] [ 43%] [32mBuilding CXX object CMakeFiles/tutorial_interfaces__rosidl_typesupport_c.dir/rosidl_typesupport_c/tutorial_interfaces/msg/num__type_support.cpp.o[0m
[2.214s] [ 46%] [32mBuilding CXX object CMakeFiles/tutorial_interfaces__rosidl_typesupport_c.dir/rosidl_typesupport_c/tutorial_interfaces/srv/add_three_ints__type_support.cpp.o[0m
[2.231s] [35m[1mScanning dependencies of target tutorial_interfaces__rosidl_typesupport_introspection_c[0m
[2.250s] [ 48%] [32mBuilding C object CMakeFiles/tutorial_interfaces__rosidl_typesupport_introspection_c.dir/rosidl_typesupport_introspection_c/tutorial_interfaces/msg/detail/num__type_support.c.o[0m
[2.265s] [ 51%] [32m[1mLinking CXX shared library libtutorial_interfaces__rosidl_typesupport_c.so[0m
[2.300s] [ 53%] [32mBuilding C object CMakeFiles/tutorial_interfaces__rosidl_typesupport_introspection_c.dir/rosidl_typesupport_introspection_c/tutorial_interfaces/srv/detail/add_three_ints__type_support.c.o[0m
[2.327s] [ 53%] Built target tutorial_interfaces__rosidl_typesupport_c
[2.349s] [ 56%] [32m[1mLinking C shared library libtutorial_interfaces__rosidl_typesupport_introspection_c.so[0m
[2.375s] [ 58%] [32m[1mLinking CXX shared library libtutorial_interfaces__rosidl_typesupport_introspection_cpp.so[0m
[2.384s] [ 58%] Built target tutorial_interfaces__rosidl_typesupport_introspection_c
[2.419s] [ 58%] Built target tutorial_interfaces__rosidl_typesupport_introspection_cpp
[2.499s] [ 61%] [32m[1mLinking CXX shared library libtutorial_interfaces__rosidl_typesupport_cpp.so[0m
[2.534s] [ 61%] Built target tutorial_interfaces__rosidl_typesupport_cpp
[2.691s] [ 64%] [32m[1mLinking CXX shared library libtutorial_interfaces__rosidl_typesupport_fastrtps_cpp.so[0m
[2.764s] [ 64%] Built target tutorial_interfaces__rosidl_typesupport_fastrtps_cpp
[2.773s] [ 66%] [34m[1mGenerating C type support for eProsima Fast-RTPS[0m
[2.985s] [35m[1mScanning dependencies of target tutorial_interfaces__rosidl_typesupport_fastrtps_c[0m
[2.998s] [ 69%] [32mBuilding CXX object CMakeFiles/tutorial_interfaces__rosidl_typesupport_fastrtps_c.dir/rosidl_typesupport_fastrtps_c/tutorial_interfaces/msg/detail/num__type_support_c.cpp.o[0m
[3.000s] [ 71%] [32mBuilding CXX object CMakeFiles/tutorial_interfaces__rosidl_typesupport_fastrtps_c.dir/rosidl_typesupport_fastrtps_c/tutorial_interfaces/srv/detail/add_three_ints__type_support_c.cpp.o[0m
[3.290s] [ 74%] [32m[1mLinking CXX shared library libtutorial_interfaces__rosidl_typesupport_fastrtps_c.so[0m
[3.363s] [ 74%] Built target tutorial_interfaces__rosidl_typesupport_fastrtps_c
[3.372s] [35m[1mScanning dependencies of target tutorial_interfaces[0m
[3.382s] [ 74%] Built target tutorial_interfaces
[3.391s] [35m[1mScanning dependencies of target tutorial_interfaces__py[0m
[3.400s] [ 76%] [34m[1mGenerating Python code for ROS interfaces[0m
[4.069s] [ 76%] Built target tutorial_interfaces__py
[4.077s] [35m[1mScanning dependencies of target tutorial_interfaces__python[0m
[4.094s] [ 82%] [32mBuilding C object CMakeFiles/tutorial_interfaces__python.dir/rosidl_generator_py/tutorial_interfaces/srv/_add_three_ints_s.c.o[0m
[4.094s] [ 82%] [32mBuilding C object CMakeFiles/tutorial_interfaces__python.dir/rosidl_generator_py/tutorial_interfaces/msg/_num_s.c.o[0m
[4.168s] [ 84%] [32m[1mLinking C shared library rosidl_generator_py/tutorial_interfaces/libtutorial_interfaces__python.so[0m
[4.198s] [ 84%] Built target tutorial_interfaces__python
[4.207s] [35m[1mScanning dependencies of target tutorial_interfaces__rosidl_typesupport_introspection_c__pyext[0m
[4.207s] [35m[1mScanning dependencies of target tutorial_interfaces__rosidl_typesupport_c__pyext[0m
[4.207s] [35m[1mScanning dependencies of target tutorial_interfaces__rosidl_typesupport_fastrtps_c__pyext[0m
[4.224s] [ 87%] [32mBuilding C object CMakeFiles/tutorial_interfaces__rosidl_typesupport_introspection_c__pyext.dir/rosidl_generator_py/tutorial_interfaces/_tutorial_interfaces_s.ep.rosidl_typesupport_introspection_c.c.o[0m
[4.225s] [ 89%] [32mBuilding C object CMakeFiles/tutorial_interfaces__rosidl_typesupport_c__pyext.dir/rosidl_generator_py/tutorial_interfaces/_tutorial_interfaces_s.ep.rosidl_typesupport_c.c.o[0m
[4.228s] [ 92%] [32mBuilding C object CMakeFiles/tutorial_interfaces__rosidl_typesupport_fastrtps_c__pyext.dir/rosidl_generator_py/tutorial_interfaces/_tutorial_interfaces_s.ep.rosidl_typesupport_fastrtps_c.c.o[0m
[4.305s] [ 94%] [32m[1mLinking C shared library rosidl_generator_py/tutorial_interfaces/tutorial_interfaces_s__rosidl_typesupport_c.cpython-38-x86_64-linux-gnu.so[0m
[4.314s] [ 97%] [32m[1mLinking CXX shared library rosidl_generator_py/tutorial_interfaces/tutorial_interfaces_s__rosidl_typesupport_fastrtps_c.cpython-38-x86_64-linux-gnu.so[0m
[4.316s] [100%] [32m[1mLinking C shared library rosidl_generator_py/tutorial_interfaces/tutorial_interfaces_s__rosidl_typesupport_introspection_c.cpython-38-x86_64-linux-gnu.so[0m
[4.338s] [100%] Built target tutorial_interfaces__rosidl_typesupport_c__pyext
[4.346s] [100%] Built target tutorial_interfaces__rosidl_typesupport_introspection_c__pyext
[4.368s] [100%] Built target tutorial_interfaces__rosidl_typesupport_fastrtps_c__pyext
[4.379s] Invoked command in '/home/yanlin/dev_ws/build/tutorial_interfaces' returned '0': CMAKE_PREFIX_PATH=/opt/ros/foxy /usr/bin/cmake --build /home/yanlin/dev_ws/build/tutorial_interfaces -- -j8 -l8
[4.434s] Invoking command in '/home/yanlin/dev_ws/build/tutorial_interfaces': CMAKE_PREFIX_PATH=/opt/ros/foxy /usr/bin/cmake --install /home/yanlin/dev_ws/build/tutorial_interfaces
[4.442s] -- Install configuration: ""
[4.442s] -- Installing: /home/yanlin/dev_ws/install/tutorial_interfaces/share/ament_index/resource_index/rosidl_interfaces/tutorial_interfaces
[4.442s] -- Installing: /home/yanlin/dev_ws/install/tutorial_interfaces/include/tutorial_interfaces
[4.442s] -- Installing: /home/yanlin/dev_ws/install/tutorial_interfaces/include/tutorial_interfaces/srv
[4.442s] -- Installing: /home/yanlin/dev_ws/install/tutorial_interfaces/include/tutorial_interfaces/srv/add_three_ints.h
[4.442s] -- Installing: /home/yanlin/dev_ws/install/tutorial_interfaces/include/tutorial_interfaces/srv/detail
[4.443s] -- Installing: /home/yanlin/dev_ws/install/tutorial_interfaces/include/tutorial_interfaces/srv/detail/add_three_ints__functions.c
[4.443s] -- Installing: /home/yanlin/dev_ws/install/tutorial_interfaces/include/tutorial_interfaces/srv/detail/add_three_ints__struct.h
[4.443s] -- Installing: /home/yanlin/dev_ws/install/tutorial_interfaces/include/tutorial_interfaces/srv/detail/add_three_ints__type_support.h
[4.443s] -- Installing: /home/yanlin/dev_ws/install/tutorial_interfaces/include/tutorial_interfaces/srv/detail/add_three_ints__functions.h
[4.443s] -- Installing: /home/yanlin/dev_ws/install/tutorial_interfaces/include/tutorial_interfaces/msg
[4.443s] -- Installing: /home/yanlin/dev_ws/install/tutorial_interfaces/include/tutorial_interfaces/msg/detail
[4.443s] -- Installing: /home/yanlin/dev_ws/install/tutorial_interfaces/include/tutorial_interfaces/msg/detail/num__struct.h
[4.444s] -- Installing: /home/yanlin/dev_ws/install/tutorial_interfaces/include/tutorial_interfaces/msg/detail/num__type_support.h
[4.444s] -- Installing: /home/yanlin/dev_ws/install/tutorial_interfaces/include/tutorial_interfaces/msg/detail/num__functions.c
[4.444s] -- Installing: /home/yanlin/dev_ws/install/tutorial_interfaces/include/tutorial_interfaces/msg/detail/num__functions.h
[4.444s] -- Installing: /home/yanlin/dev_ws/install/tutorial_interfaces/include/tutorial_interfaces/msg/rosidl_generator_c__visibility_control.h
[4.444s] -- Installing: /home/yanlin/dev_ws/install/tutorial_interfaces/include/tutorial_interfaces/msg/num.h
[4.444s] -- Installing: /home/yanlin/dev_ws/install/tutorial_interfaces/share/tutorial_interfaces/environment/library_path.sh
[4.444s] -- Installing: /home/yanlin/dev_ws/install/tutorial_interfaces/share/tutorial_interfaces/environment/library_path.dsv
[4.444s] -- Installing: /home/yanlin/dev_ws/install/tutorial_interfaces/lib/libtutorial_interfaces__rosidl_generator_c.so
[4.445s] -- Set runtime path of "/home/yanlin/dev_ws/install/tutorial_interfaces/lib/libtutorial_interfaces__rosidl_generator_c.so" to ""
[4.445s] -- Up-to-date: /home/yanlin/dev_ws/install/tutorial_interfaces/include/tutorial_interfaces
[4.445s] -- Up-to-date: /home/yanlin/dev_ws/install/tutorial_interfaces/include/tutorial_interfaces/srv
[4.445s] -- Up-to-date: /home/yanlin/dev_ws/install/tutorial_interfaces/include/tutorial_interfaces/srv/detail
[4.445s] -- Installing: /home/yanlin/dev_ws/install/tutorial_interfaces/include/tutorial_interfaces/srv/detail/add_three_ints__rosidl_typesupport_fastrtps_c.h
[4.445s] -- Up-to-date: /home/yanlin/dev_ws/install/tutorial_interfaces/include/tutorial_interfaces/msg
[4.445s] -- Up-to-date: /home/yanlin/dev_ws/install/tutorial_interfaces/include/tutorial_interfaces/msg/detail
[4.445s] -- Installing: /home/yanlin/dev_ws/install/tutorial_interfaces/include/tutorial_interfaces/msg/detail/num__rosidl_typesupport_fastrtps_c.h
[4.446s] -- Installing: /home/yanlin/dev_ws/install/tutorial_interfaces/include/tutorial_interfaces/msg/rosidl_typesupport_fastrtps_c__visibility_control.h
[4.446s] -- Installing: /home/yanlin/dev_ws/install/tutorial_interfaces/lib/libtutorial_interfaces__rosidl_typesupport_fastrtps_c.so
[4.446s] -- Set runtime path of "/home/yanlin/dev_ws/install/tutorial_interfaces/lib/libtutorial_interfaces__rosidl_typesupport_fastrtps_c.so" to ""
[4.446s] -- Up-to-date: /home/yanlin/dev_ws/install/tutorial_interfaces/include/tutorial_interfaces
[4.446s] -- Up-to-date: /home/yanlin/dev_ws/install/tutorial_interfaces/include/tutorial_interfaces/srv
[4.446s] -- Up-to-date: /home/yanlin/dev_ws/install/tutorial_interfaces/include/tutorial_interfaces/srv/detail
[4.446s] -- Installing: /home/yanlin/dev_ws/install/tutorial_interfaces/include/tutorial_interfaces/srv/detail/add_three_ints__rosidl_typesupport_fastrtps_cpp.hpp
[4.446s] -- Installing: /home/yanlin/dev_ws/install/tutorial_interfaces/include/tutorial_interfaces/srv/detail/dds_fastrtps
[4.447s] -- Up-to-date: /home/yanlin/dev_ws/install/tutorial_interfaces/include/tutorial_interfaces/msg
[4.447s] -- Up-to-date: /home/yanlin/dev_ws/install/tutorial_interfaces/include/tutorial_interfaces/msg/detail
[4.447s] -- Installing: /home/yanlin/dev_ws/install/tutorial_interfaces/include/tutorial_interfaces/msg/detail/num__rosidl_typesupport_fastrtps_cpp.hpp
[4.447s] -- Installing: /home/yanlin/dev_ws/install/tutorial_interfaces/include/tutorial_interfaces/msg/detail/dds_fastrtps
[4.447s] -- Installing: /home/yanlin/dev_ws/install/tutorial_interfaces/include/tutorial_interfaces/msg/rosidl_typesupport_fastrtps_cpp__visibility_control.h
[4.447s] -- Installing: /home/yanlin/dev_ws/install/tutorial_interfaces/lib/libtutorial_interfaces__rosidl_typesupport_fastrtps_cpp.so
[4.447s] -- Set runtime path of "/home/yanlin/dev_ws/install/tutorial_interfaces/lib/libtutorial_interfaces__rosidl_typesupport_fastrtps_cpp.so" to ""
[4.447s] -- Up-to-date: /home/yanlin/dev_ws/install/tutorial_interfaces/include/tutorial_interfaces
[4.448s] -- Up-to-date: /home/yanlin/dev_ws/install/tutorial_interfaces/include/tutorial_interfaces/srv
[4.448s] -- Up-to-date: /home/yanlin/dev_ws/install/tutorial_interfaces/include/tutorial_interfaces/srv/detail
[4.448s] -- Installing: /home/yanlin/dev_ws/install/tutorial_interfaces/include/tutorial_interfaces/srv/detail/add_three_ints__rosidl_typesupport_introspection_c.h
[4.448s] -- Installing: /home/yanlin/dev_ws/install/tutorial_interfaces/include/tutorial_interfaces/srv/detail/add_three_ints__type_support.c
[4.448s] -- Up-to-date: /home/yanlin/dev_ws/install/tutorial_interfaces/include/tutorial_interfaces/msg
[4.448s] -- Up-to-date: /home/yanlin/dev_ws/install/tutorial_interfaces/include/tutorial_interfaces/msg/detail
[4.448s] -- Installing: /home/yanlin/dev_ws/install/tutorial_interfaces/include/tutorial_interfaces/msg/detail/num__type_support.c
[4.448s] -- Installing: /home/yanlin/dev_ws/install/tutorial_interfaces/include/tutorial_interfaces/msg/detail/num__rosidl_typesupport_introspection_c.h
[4.448s] -- Installing: /home/yanlin/dev_ws/install/tutorial_interfaces/include/tutorial_interfaces/msg/rosidl_typesupport_introspection_c__visibility_control.h
[4.449s] -- Installing: /home/yanlin/dev_ws/install/tutorial_interfaces/lib/libtutorial_interfaces__rosidl_typesupport_introspection_c.so
[4.449s] -- Set runtime path of "/home/yanlin/dev_ws/install/tutorial_interfaces/lib/libtutorial_interfaces__rosidl_typesupport_introspection_c.so" to ""
[4.449s] -- Installing: /home/yanlin/dev_ws/install/tutorial_interfaces/lib/libtutorial_interfaces__rosidl_typesupport_c.so
[4.449s] -- Set runtime path of "/home/yanlin/dev_ws/install/tutorial_interfaces/lib/libtutorial_interfaces__rosidl_typesupport_c.so" to ""
[4.449s] -- Up-to-date: /home/yanlin/dev_ws/install/tutorial_interfaces/include/tutorial_interfaces
[4.450s] -- Up-to-date: /home/yanlin/dev_ws/install/tutorial_interfaces/include/tutorial_interfaces/srv
[4.450s] -- Up-to-date: /home/yanlin/dev_ws/install/tutorial_interfaces/include/tutorial_interfaces/srv/detail
[4.450s] -- Installing: /home/yanlin/dev_ws/install/tutorial_interfaces/include/tutorial_interfaces/srv/detail/add_three_ints__builder.hpp
[4.450s] -- Installing: /home/yanlin/dev_ws/install/tutorial_interfaces/include/tutorial_interfaces/srv/detail/add_three_ints__traits.hpp
[4.450s] -- Installing: /home/yanlin/dev_ws/install/tutorial_interfaces/include/tutorial_interfaces/srv/detail/add_three_ints__struct.hpp
[4.450s] -- Installing: /home/yanlin/dev_ws/install/tutorial_interfaces/include/tutorial_interfaces/srv/add_three_ints.hpp
[4.450s] -- Up-to-date: /home/yanlin/dev_ws/install/tutorial_interfaces/include/tutorial_interfaces/msg
[4.450s] -- Up-to-date: /home/yanlin/dev_ws/install/tutorial_interfaces/include/tutorial_interfaces/msg/detail
[4.451s] -- Installing: /home/yanlin/dev_ws/install/tutorial_interfaces/include/tutorial_interfaces/msg/detail/num__traits.hpp
[4.451s] -- Installing: /home/yanlin/dev_ws/install/tutorial_interfaces/include/tutorial_interfaces/msg/detail/num__builder.hpp
[4.451s] -- Installing: /home/yanlin/dev_ws/install/tutorial_interfaces/include/tutorial_interfaces/msg/detail/num__struct.hpp
[4.451s] -- Installing: /home/yanlin/dev_ws/install/tutorial_interfaces/include/tutorial_interfaces/msg/num.hpp
[4.451s] -- Up-to-date: /home/yanlin/dev_ws/install/tutorial_interfaces/include/tutorial_interfaces
[4.451s] -- Up-to-date: /home/yanlin/dev_ws/install/tutorial_interfaces/include/tutorial_interfaces/srv
[4.451s] -- Up-to-date: /home/yanlin/dev_ws/install/tutorial_interfaces/include/tutorial_interfaces/srv/detail
[4.451s] -- Installing: /home/yanlin/dev_ws/install/tutorial_interfaces/include/tutorial_interfaces/srv/detail/add_three_ints__rosidl_typesupport_introspection_cpp.hpp
[4.451s] -- Installing: /home/yanlin/dev_ws/install/tutorial_interfaces/include/tutorial_interfaces/srv/detail/add_three_ints__type_support.cpp
[4.452s] -- Up-to-date: /home/yanlin/dev_ws/install/tutorial_interfaces/include/tutorial_interfaces/msg
[4.452s] -- Up-to-date: /home/yanlin/dev_ws/install/tutorial_interfaces/include/tutorial_interfaces/msg/detail
[4.452s] -- Installing: /home/yanlin/dev_ws/install/tutorial_interfaces/include/tutorial_interfaces/msg/detail/num__type_support.cpp
[4.452s] -- Installing: /home/yanlin/dev_ws/install/tutorial_interfaces/include/tutorial_interfaces/msg/detail/num__rosidl_typesupport_introspection_cpp.hpp
[4.452s] -- Installing: /home/yanlin/dev_ws/install/tutorial_interfaces/lib/libtutorial_interfaces__rosidl_typesupport_introspection_cpp.so
[4.452s] -- Set runtime path of "/home/yanlin/dev_ws/install/tutorial_interfaces/lib/libtutorial_interfaces__rosidl_typesupport_introspection_cpp.so" to ""
[4.452s] -- Installing: /home/yanlin/dev_ws/install/tutorial_interfaces/lib/libtutorial_interfaces__rosidl_typesupport_cpp.so
[4.452s] -- Set runtime path of "/home/yanlin/dev_ws/install/tutorial_interfaces/lib/libtutorial_interfaces__rosidl_typesupport_cpp.so" to ""
[4.452s] -- Installing: /home/yanlin/dev_ws/install/tutorial_interfaces/share/tutorial_interfaces/environment/pythonpath.sh
[4.453s] -- Installing: /home/yanlin/dev_ws/install/tutorial_interfaces/share/tutorial_interfaces/environment/pythonpath.dsv
[4.453s] -- Installing: /home/yanlin/dev_ws/install/tutorial_interfaces/lib/python3.8/site-packages/tutorial_interfaces/__init__.py
[4.478s] Compiling '/home/yanlin/dev_ws/install/tutorial_interfaces/lib/python3.8/site-packages/tutorial_interfaces/__init__.py'...
[4.481s] -- Installing: /home/yanlin/dev_ws/install/tutorial_interfaces/lib/python3.8/site-packages/tutorial_interfaces/msg
[4.481s] -- Installing: /home/yanlin/dev_ws/install/tutorial_interfaces/lib/python3.8/site-packages/tutorial_interfaces/msg/_num.py
[4.481s] -- Installing: /home/yanlin/dev_ws/install/tutorial_interfaces/lib/python3.8/site-packages/tutorial_interfaces/msg/__init__.py
[4.482s] -- Installing: /home/yanlin/dev_ws/install/tutorial_interfaces/lib/python3.8/site-packages/tutorial_interfaces/msg/_num_s.c
[4.482s] -- Installing: /home/yanlin/dev_ws/install/tutorial_interfaces/lib/python3.8/site-packages/tutorial_interfaces/srv
[4.482s] -- Installing: /home/yanlin/dev_ws/install/tutorial_interfaces/lib/python3.8/site-packages/tutorial_interfaces/srv/__init__.py
[4.482s] -- Installing: /home/yanlin/dev_ws/install/tutorial_interfaces/lib/python3.8/site-packages/tutorial_interfaces/srv/_add_three_ints.py
[4.482s] -- Installing: /home/yanlin/dev_ws/install/tutorial_interfaces/lib/python3.8/site-packages/tutorial_interfaces/srv/_add_three_ints_s.c
[4.482s] -- Installing: /home/yanlin/dev_ws/install/tutorial_interfaces/lib/python3.8/site-packages/tutorial_interfaces/tutorial_interfaces_s__rosidl_typesupport_fastrtps_c.cpython-38-x86_64-linux-gnu.so
[4.483s] -- Set runtime path of "/home/yanlin/dev_ws/install/tutorial_interfaces/lib/python3.8/site-packages/tutorial_interfaces/tutorial_interfaces_s__rosidl_typesupport_fastrtps_c.cpython-38-x86_64-linux-gnu.so" to ""
[4.483s] -- Installing: /home/yanlin/dev_ws/install/tutorial_interfaces/lib/python3.8/site-packages/tutorial_interfaces/tutorial_interfaces_s__rosidl_typesupport_introspection_c.cpython-38-x86_64-linux-gnu.so
[4.483s] -- Set runtime path of "/home/yanlin/dev_ws/install/tutorial_interfaces/lib/python3.8/site-packages/tutorial_interfaces/tutorial_interfaces_s__rosidl_typesupport_introspection_c.cpython-38-x86_64-linux-gnu.so" to ""
[4.484s] -- Installing: /home/yanlin/dev_ws/install/tutorial_interfaces/lib/python3.8/site-packages/tutorial_interfaces/tutorial_interfaces_s__rosidl_typesupport_c.cpython-38-x86_64-linux-gnu.so
[4.484s] -- Set runtime path of "/home/yanlin/dev_ws/install/tutorial_interfaces/lib/python3.8/site-packages/tutorial_interfaces/tutorial_interfaces_s__rosidl_typesupport_c.cpython-38-x86_64-linux-gnu.so" to ""
[4.484s] -- Installing: /home/yanlin/dev_ws/install/tutorial_interfaces/lib/libtutorial_interfaces__python.so
[4.485s] -- Set runtime path of "/home/yanlin/dev_ws/install/tutorial_interfaces/lib/libtutorial_interfaces__python.so" to ""
[4.485s] -- Installing: /home/yanlin/dev_ws/install/tutorial_interfaces/share/tutorial_interfaces/msg/Num.idl
[4.485s] -- Installing: /home/yanlin/dev_ws/install/tutorial_interfaces/share/tutorial_interfaces/srv/AddThreeInts.idl
[4.485s] -- Installing: /home/yanlin/dev_ws/install/tutorial_interfaces/share/tutorial_interfaces/msg/Num.msg
[4.485s] -- Installing: /home/yanlin/dev_ws/install/tutorial_interfaces/share/tutorial_interfaces/srv/AddThreeInts.srv
[4.485s] -- Installing: /home/yanlin/dev_ws/install/tutorial_interfaces/share/tutorial_interfaces/srv/AddThreeInts_Request.msg
[4.486s] -- Installing: /home/yanlin/dev_ws/install/tutorial_interfaces/share/tutorial_interfaces/srv/AddThreeInts_Response.msg
[4.486s] -- Installing: /home/yanlin/dev_ws/install/tutorial_interfaces/share/ament_index/resource_index/package_run_dependencies/tutorial_interfaces
[4.486s] -- Installing: /home/yanlin/dev_ws/install/tutorial_interfaces/share/ament_index/resource_index/parent_prefix_path/tutorial_interfaces
[4.486s] -- Installing: /home/yanlin/dev_ws/install/tutorial_interfaces/share/tutorial_interfaces/environment/ament_prefix_path.sh
[4.486s] -- Installing: /home/yanlin/dev_ws/install/tutorial_interfaces/share/tutorial_interfaces/environment/ament_prefix_path.dsv
[4.486s] -- Installing: /home/yanlin/dev_ws/install/tutorial_interfaces/share/tutorial_interfaces/environment/path.sh
[4.487s] -- Installing: /home/yanlin/dev_ws/install/tutorial_interfaces/share/tutorial_interfaces/environment/path.dsv
[4.487s] -- Installing: /home/yanlin/dev_ws/install/tutorial_interfaces/share/tutorial_interfaces/local_setup.bash
[4.487s] -- Installing: /home/yanlin/dev_ws/install/tutorial_interfaces/share/tutorial_interfaces/local_setup.sh
[4.487s] -- Installing: /home/yanlin/dev_ws/install/tutorial_interfaces/share/tutorial_interfaces/local_setup.zsh
[4.487s] -- Installing: /home/yanlin/dev_ws/install/tutorial_interfaces/share/tutorial_interfaces/local_setup.dsv
[4.487s] -- Installing: /home/yanlin/dev_ws/install/tutorial_interfaces/share/tutorial_interfaces/package.dsv
[4.488s] -- Installing: /home/yanlin/dev_ws/install/tutorial_interfaces/share/ament_index/resource_index/packages/tutorial_interfaces
[4.488s] -- Installing: /home/yanlin/dev_ws/install/tutorial_interfaces/share/tutorial_interfaces/cmake/tutorial_interfaces__rosidl_generator_cExport.cmake
[4.488s] -- Installing: /home/yanlin/dev_ws/install/tutorial_interfaces/share/tutorial_interfaces/cmake/tutorial_interfaces__rosidl_generator_cExport-noconfig.cmake
[4.488s] -- Installing: /home/yanlin/dev_ws/install/tutorial_interfaces/share/tutorial_interfaces/cmake/tutorial_interfaces__rosidl_typesupport_introspection_cExport.cmake
[4.488s] -- Installing: /home/yanlin/dev_ws/install/tutorial_interfaces/share/tutorial_interfaces/cmake/tutorial_interfaces__rosidl_typesupport_introspection_cExport-noconfig.cmake
[4.489s] -- Installing: /home/yanlin/dev_ws/install/tutorial_interfaces/share/tutorial_interfaces/cmake/tutorial_interfaces__rosidl_typesupport_cExport.cmake
[4.489s] -- Installing: /home/yanlin/dev_ws/install/tutorial_interfaces/share/tutorial_interfaces/cmake/tutorial_interfaces__rosidl_typesupport_cExport-noconfig.cmake
[4.489s] -- Installing: /home/yanlin/dev_ws/install/tutorial_interfaces/share/tutorial_interfaces/cmake/tutorial_interfaces__rosidl_generator_cppExport.cmake
[4.489s] -- Installing: /home/yanlin/dev_ws/install/tutorial_interfaces/share/tutorial_interfaces/cmake/tutorial_interfaces__rosidl_typesupport_introspection_cppExport.cmake
[4.489s] -- Installing: /home/yanlin/dev_ws/install/tutorial_interfaces/share/tutorial_interfaces/cmake/tutorial_interfaces__rosidl_typesupport_introspection_cppExport-noconfig.cmake
[4.489s] -- Installing: /home/yanlin/dev_ws/install/tutorial_interfaces/share/tutorial_interfaces/cmake/tutorial_interfaces__rosidl_typesupport_cppExport.cmake
[4.490s] -- Installing: /home/yanlin/dev_ws/install/tutorial_interfaces/share/tutorial_interfaces/cmake/tutorial_interfaces__rosidl_typesupport_cppExport-noconfig.cmake
[4.490s] -- Installing: /home/yanlin/dev_ws/install/tutorial_interfaces/share/tutorial_interfaces/cmake/rosidl_cmake-extras.cmake
[4.490s] -- Installing: /home/yanlin/dev_ws/install/tutorial_interfaces/share/tutorial_interfaces/cmake/ament_cmake_export_dependencies-extras.cmake
[4.490s] -- Installing: /home/yanlin/dev_ws/install/tutorial_interfaces/share/tutorial_interfaces/cmake/ament_cmake_export_libraries-extras.cmake
[4.490s] -- Installing: /home/yanlin/dev_ws/install/tutorial_interfaces/share/tutorial_interfaces/cmake/ament_cmake_export_targets-extras.cmake
[4.490s] -- Installing: /home/yanlin/dev_ws/install/tutorial_interfaces/share/tutorial_interfaces/cmake/ament_cmake_export_include_directories-extras.cmake
[4.491s] -- Installing: /home/yanlin/dev_ws/install/tutorial_interfaces/share/tutorial_interfaces/cmake/rosidl_cmake_export_typesupport_libraries-extras.cmake
[4.491s] -- Installing: /home/yanlin/dev_ws/install/tutorial_interfaces/share/tutorial_interfaces/cmake/rosidl_cmake_export_typesupport_targets-extras.cmake
[4.491s] -- Installing: /home/yanlin/dev_ws/install/tutorial_interfaces/share/tutorial_interfaces/cmake/tutorial_interfacesConfig.cmake
[4.491s] -- Installing: /home/yanlin/dev_ws/install/tutorial_interfaces/share/tutorial_interfaces/cmake/tutorial_interfacesConfig-version.cmake
[4.491s] -- Installing: /home/yanlin/dev_ws/install/tutorial_interfaces/share/tutorial_interfaces/package.xml
[4.493s] Invoked command in '/home/yanlin/dev_ws/build/tutorial_interfaces' returned '0': CMAKE_PREFIX_PATH=/opt/ros/foxy /usr/bin/cmake --install /home/yanlin/dev_ws/build/tutorial_interfaces
